<?xml version="1.0" encoding="UTF-8"?>
<testsuite name="fontys.pls.work.persistence.converters.TraderConverterTest" tests="1" skipped="0" failures="0" errors="0" timestamp="2023-01-13T18:30:18" hostname="LAPTOP-COCCAVFD" time="0.039">
  <properties/>
  <testcase name="shouldConvertAllTraderFieldsToDomain()" classname="fontys.pls.work.persistence.converters.TraderConverterTest" time="0.039"/>
  <system-out><![CDATA[]]></system-out>
  <system-err><![CDATA[]]></system-err>
</testsuite>
