<?xml version="1.0" encoding="UTF-8"?>
<testsuite name="fontys.pls.work.controller.converters.TraderDTOConverterTest" tests="1" skipped="0" failures="0" errors="0" timestamp="2023-01-13T18:27:52" hostname="LAPTOP-COCCAVFD" time="0.035">
  <properties/>
  <testcase name="shouldConvertAllTraderFieldsToDTO()" classname="fontys.pls.work.controller.converters.TraderDTOConverterTest" time="0.035"/>
  <system-out><![CDATA[]]></system-out>
  <system-err><![CDATA[]]></system-err>
</testsuite>
