<?xml version="1.0" encoding="UTF-8"?>
<testsuite name="fontys.pls.work.controller.TickerPriceControllerTest" tests="1" skipped="0" failures="0" errors="0" timestamp="2023-01-13T18:26:47" hostname="LAPTOP-COCCAVFD" time="0.378">
  <properties/>
  <testcase name="getTickerPrice_ShouldReturn200()" classname="fontys.pls.work.controller.TickerPriceControllerTest" time="0.378"/>
  <system-out><![CDATA[19:26:23.154 [Test worker] DEBUG org.springframework.test.context.BootstrapUtils - Instantiating CacheAwareContextLoaderDelegate from class [org.springframework.test.context.cache.DefaultCacheAwareContextLoaderDelegate]
19:26:23.179 [Test worker] DEBUG org.springframework.test.context.BootstrapUtils - Instantiating BootstrapContext using constructor [public org.springframework.test.context.support.DefaultBootstrapContext(java.lang.Class,org.springframework.test.context.CacheAwareContextLoaderDelegate)]
19:26:23.241 [Test worker] DEBUG org.springframework.test.context.BootstrapUtils - Instantiating TestContextBootstrapper for test class [fontys.pls.work.controller.TickerPriceControllerTest] from class [org.springframework.boot.test.context.SpringBootTestContextBootstrapper]
19:26:23.260 [Test worker] INFO org.springframework.boot.test.context.SpringBootTestContextBootstrapper - Neither @ContextConfiguration nor @ContextHierarchy found for test class [fontys.pls.work.controller.TickerPriceControllerTest], using SpringBootContextLoader
19:26:23.268 [Test worker] DEBUG org.springframework.test.context.support.AbstractContextLoader - Did not detect default resource location for test class [fontys.pls.work.controller.TickerPriceControllerTest]: class path resource [fontys/pls/work/controller/TickerPriceControllerTest-context.xml] does not exist
19:26:23.269 [Test worker] DEBUG org.springframework.test.context.support.AbstractContextLoader - Did not detect default resource location for test class [fontys.pls.work.controller.TickerPriceControllerTest]: class path resource [fontys/pls/work/controller/TickerPriceControllerTestContext.groovy] does not exist
19:26:23.269 [Test worker] INFO org.springframework.test.context.support.AbstractContextLoader - Could not detect default resource locations for test class [fontys.pls.work.controller.TickerPriceControllerTest]: no resource found for suffixes {-context.xml, Context.groovy}.
19:26:23.270 [Test worker] INFO org.springframework.test.context.support.AnnotationConfigContextLoaderUtils - Could not detect default configuration classes for test class [fontys.pls.work.controller.TickerPriceControllerTest]: TickerPriceControllerTest does not declare any static, non-private, non-final, nested classes annotated with @Configuration.
19:26:23.383 [Test worker] DEBUG org.springframework.test.context.support.ActiveProfilesUtils - Could not find an 'annotation declaring class' for annotation type [org.springframework.test.context.ActiveProfiles] and class [fontys.pls.work.controller.TickerPriceControllerTest]
19:26:23.556 [Test worker] DEBUG org.springframework.context.annotation.ClassPathScanningCandidateComponentProvider - Identified candidate component class: file [C:\Users\35988\Desktop\uni\Software Engineering Semester 3\BitBy\bitby\plswork\build\classes\java\main\fontys\pls\work\plsworkApp.class]
19:26:23.558 [Test worker] INFO org.springframework.boot.test.context.SpringBootTestContextBootstrapper - Found @SpringBootConfiguration fontys.pls.work.plsworkApp for test class fontys.pls.work.controller.TickerPriceControllerTest
19:26:23.741 [Test worker] DEBUG org.springframework.boot.test.context.SpringBootTestContextBootstrapper - @TestExecutionListeners is not present for class [fontys.pls.work.controller.TickerPriceControllerTest]: using defaults.
19:26:23.741 [Test worker] INFO org.springframework.boot.test.context.SpringBootTestContextBootstrapper - Loaded default TestExecutionListener class names from location [META-INF/spring.factories]: [org.springframework.security.test.context.support.WithSecurityContextTestExecutionListener, org.springframework.security.test.context.support.ReactorContextTestExecutionListener, org.springframework.boot.test.autoconfigure.restdocs.RestDocsTestExecutionListener, org.springframework.boot.test.autoconfigure.web.client.MockRestServiceServerResetTestExecutionListener, org.springframework.boot.test.autoconfigure.web.servlet.MockMvcPrintOnlyOnFailureTestExecutionListener, org.springframework.boot.test.autoconfigure.web.servlet.WebDriverTestExecutionListener, org.springframework.boot.test.autoconfigure.webservices.client.MockWebServiceServerTestExecutionListener, org.springframework.boot.test.mock.mockito.MockitoTestExecutionListener, org.springframework.boot.test.mock.mockito.ResetMocksTestExecutionListener, org.springframework.test.context.web.ServletTestExecutionListener, org.springframework.test.context.support.DirtiesContextBeforeModesTestExecutionListener, org.springframework.test.context.event.ApplicationEventsTestExecutionListener, org.springframework.test.context.support.DependencyInjectionTestExecutionListener, org.springframework.test.context.support.DirtiesContextTestExecutionListener, org.springframework.test.context.transaction.TransactionalTestExecutionListener, org.springframework.test.context.jdbc.SqlScriptsTestExecutionListener, org.springframework.test.context.event.EventPublishingTestExecutionListener]
19:26:23.772 [Test worker] INFO org.springframework.boot.test.context.SpringBootTestContextBootstrapper - Using TestExecutionListeners: [org.springframework.test.context.web.ServletTestExecutionListener@47428937, org.springframework.test.context.support.DirtiesContextBeforeModesTestExecutionListener@3b9d6699, org.springframework.test.context.event.ApplicationEventsTestExecutionListener@7caa550, org.springframework.boot.test.mock.mockito.MockitoTestExecutionListener@21694e53, org.springframework.boot.test.autoconfigure.SpringBootDependencyInjectionTestExecutionListener@72b16078, org.springframework.test.context.support.DirtiesContextTestExecutionListener@22c86919, org.springframework.test.context.transaction.TransactionalTestExecutionListener@70fab835, org.springframework.test.context.jdbc.SqlScriptsTestExecutionListener@1b0a7baf, org.springframework.security.test.context.support.WithSecurityContextTestExecutionListener@62417a16, org.springframework.test.context.event.EventPublishingTestExecutionListener@32057e6, org.springframework.security.test.context.support.ReactorContextTestExecutionListener@26be6ca7, org.springframework.boot.test.autoconfigure.restdocs.RestDocsTestExecutionListener@6ea1bcdc, org.springframework.boot.test.autoconfigure.web.client.MockRestServiceServerResetTestExecutionListener@759fad4, org.springframework.boot.test.autoconfigure.web.servlet.MockMvcPrintOnlyOnFailureTestExecutionListener@64712be, org.springframework.boot.test.autoconfigure.web.servlet.WebDriverTestExecutionListener@53499d85, org.springframework.boot.test.autoconfigure.webservices.client.MockWebServiceServerTestExecutionListener@30ed9c6c, org.springframework.boot.test.mock.mockito.ResetMocksTestExecutionListener@782a4fff]
19:26:23.779 [Test worker] DEBUG org.springframework.test.context.support.AbstractDirtiesContextTestExecutionListener - Before test class: context [DefaultTestContext@1a69561c testClass = TickerPriceControllerTest, testInstance = [null], testMethod = [null], testException = [null], mergedContextConfiguration = [WebMergedContextConfiguration@59aa20b3 testClass = TickerPriceControllerTest, locations = '{}', classes = '{class fontys.pls.work.plsworkApp}', contextInitializerClasses = '[]', activeProfiles = '{}', propertySourceLocations = '{}', propertySourceProperties = '{org.springframework.boot.test.context.SpringBootTestContextBootstrapper=true}', contextCustomizers = set[org.springframework.boot.test.autoconfigure.actuate.metrics.MetricsExportContextCustomizerFactory$DisableMetricExportContextCustomizer@6d3c5255, org.springframework.boot.test.autoconfigure.properties.PropertyMappingContextCustomizer@4b3fa0b3, org.springframework.boot.test.autoconfigure.web.servlet.WebDriverContextCustomizerFactory$Customizer@76012793, [ImportsContextCustomizer@363f6148 key = [org.springframework.boot.test.autoconfigure.web.servlet.MockMvcAutoConfiguration, org.springframework.boot.test.autoconfigure.web.servlet.MockMvcWebClientAutoConfiguration, org.springframework.boot.test.autoconfigure.web.servlet.MockMvcWebDriverAutoConfiguration, org.springframework.boot.autoconfigure.security.oauth2.client.servlet.OAuth2ClientAutoConfiguration, org.springframework.boot.autoconfigure.security.oauth2.resource.servlet.OAuth2ResourceServerAutoConfiguration, org.springframework.boot.autoconfigure.security.servlet.SecurityAutoConfiguration, org.springframework.boot.autoconfigure.security.servlet.SecurityFilterAutoConfiguration, org.springframework.boot.autoconfigure.security.servlet.UserDetailsServiceAutoConfiguration, org.springframework.boot.test.autoconfigure.web.servlet.MockMvcSecurityConfiguration, org.springframework.boot.test.autoconfigure.web.reactive.WebTestClientAutoConfiguration]], org.springframework.boot.test.context.filter.ExcludeFilterContextCustomizer@63dd899, org.springframework.boot.test.json.DuplicateJsonObjectContextCustomizerFactory$DuplicateJsonObjectContextCustomizer@10b9db7b, org.springframework.boot.test.mock.mockito.MockitoContextCustomizer@e3c5a628, org.springframework.boot.test.web.client.TestRestTemplateContextCustomizer@6c45ee6e, org.springframework.boot.test.context.SpringBootTestArgs@1, org.springframework.boot.test.context.SpringBootTestWebEnvironment@3f6b0be5], resourceBasePath = 'src/main/webapp', contextLoader = 'org.springframework.boot.test.context.SpringBootContextLoader', parent = [null]], attributes = map['org.springframework.test.context.web.ServletTestExecutionListener.activateListener' -> true]], class annotated with @DirtiesContext [false] with mode [null].

  .   ____          _            __ _ _
 /\\ / ___'_ __ _ _(_)_ __  __ _ \ \ \ \
( ( )\___ | '_ | '_| | '_ \/ _` | \ \ \ \
 \\/  ___)| |_)| | | | | || (_| |  ) ) ) )
  '  |____| .__|_| |_|_| |_\__, | / / / /
 =========|_|==============|___/=/_/_/_/
 :: Spring Boot ::                (v2.7.3)

2023-01-13 19:26:24.618  WARN 28744 --- [    Test worker] ory$DuplicateJsonObjectContextCustomizer : 

Found multiple occurrences of org.json.JSONObject on the class path:

	jar:file:/C:/Users/35988/.gradle/caches/modules-2/files-2.1/org.json/json/20220924/5aa95e7688f76c664af205c5937620f02688dfbc/json-20220924.jar!/org/json/JSONObject.class
	jar:file:/C:/Users/35988/.gradle/caches/modules-2/files-2.1/com.vaadin.external.google/android-json/0.0.20131108.vaadin1/fa26d351fe62a6a17f5cda1287c1c6110dec413f/android-json-0.0.20131108.vaadin1.jar!/org/json/JSONObject.class

You may wish to exclude one of them to ensure predictable runtime behavior

2023-01-13 19:26:24.645  INFO 28744 --- [    Test worker] f.p.w.c.TickerPriceControllerTest        : Starting TickerPriceControllerTest using Java 17.0.4.1 on LAPTOP-COCCAVFD with PID 28744 (started by 35988 in C:\Users\35988\Desktop\uni\Software Engineering Semester 3\BitBy\bitby\plswork)
2023-01-13 19:26:24.646  INFO 28744 --- [    Test worker] f.p.w.c.TickerPriceControllerTest        : No active profile set, falling back to 1 default profile: "default"
2023-01-13 19:26:27.179  INFO 28744 --- [    Test worker] .s.d.r.c.RepositoryConfigurationDelegate : Bootstrapping Spring Data JPA repositories in DEFAULT mode.
2023-01-13 19:26:27.464  INFO 28744 --- [    Test worker] .s.d.r.c.RepositoryConfigurationDelegate : Finished Spring Data repository scanning in 263 ms. Found 3 JPA repository interfaces.
2023-01-13 19:26:30.312  INFO 28744 --- [    Test worker] trationDelegate$BeanPostProcessorChecker : Bean 'methodSecurityConfig' of type [fontys.pls.work.configuration.security.MethodSecurityConfig$$EnhancerBySpringCGLIB$$725980e1] is not eligible for getting processed by all BeanPostProcessors (for example: not eligible for auto-proxying)
2023-01-13 19:26:31.063  INFO 28744 --- [    Test worker] o.f.c.internal.license.VersionPrinter    : Flyway Community Edition 9.4.0 by Redgate
2023-01-13 19:26:31.064  INFO 28744 --- [    Test worker] o.f.c.internal.license.VersionPrinter    : See what's new here: https://flywaydb.org/documentation/learnmore/releaseNotes#9.4.0
2023-01-13 19:26:31.065  INFO 28744 --- [    Test worker] o.f.c.internal.license.VersionPrinter    : 
2023-01-13 19:26:31.088  INFO 28744 --- [    Test worker] com.zaxxer.hikari.HikariDataSource       : HikariPool-1 - Starting...
2023-01-13 19:26:31.732  INFO 28744 --- [    Test worker] com.zaxxer.hikari.HikariDataSource       : HikariPool-1 - Start completed.
2023-01-13 19:26:31.755  INFO 28744 --- [    Test worker] o.f.c.i.database.base.BaseDatabaseType   : Database: jdbc:h2:mem:inmemorydb (H2 2.1)
2023-01-13 19:26:31.875  INFO 28744 --- [    Test worker] o.f.core.internal.command.DbValidate     : Successfully validated 1 migration (execution time 00:00.026s)
2023-01-13 19:26:31.886  INFO 28744 --- [    Test worker] o.f.c.i.s.JdbcTableSchemaHistory         : Creating Schema History table "PUBLIC"."flyway_schema_history" ...
2023-01-13 19:26:31.924  INFO 28744 --- [    Test worker] o.f.core.internal.command.DbMigrate      : Current version of schema "PUBLIC": << Empty Schema >>
2023-01-13 19:26:31.936  INFO 28744 --- [    Test worker] o.f.core.internal.command.DbMigrate      : Migrating schema "PUBLIC" to version "1 - InitialTables"
2023-01-13 19:26:31.963  INFO 28744 --- [    Test worker] o.f.core.internal.command.DbMigrate      : Successfully applied 1 migration to schema "PUBLIC", now at version v1 (execution time 00:00.042s)
2023-01-13 19:26:32.248  INFO 28744 --- [    Test worker] o.hibernate.jpa.internal.util.LogHelper  : HHH000204: Processing PersistenceUnitInfo [name: default]
2023-01-13 19:26:32.380  INFO 28744 --- [    Test worker] org.hibernate.Version                    : HHH000412: Hibernate ORM core version 5.6.10.Final
2023-01-13 19:26:32.486  INFO 28744 --- [    Test worker] o.hibernate.annotations.common.Version   : HCANN000001: Hibernate Commons Annotations {5.1.2.Final}
2023-01-13 19:26:32.814  INFO 28744 --- [    Test worker] org.hibernate.dialect.Dialect            : HHH000400: Using dialect: org.hibernate.dialect.H2Dialect
2023-01-13 19:26:33.974  INFO 28744 --- [    Test worker] o.h.e.t.j.p.i.JtaPlatformInitiator       : HHH000490: Using JtaPlatform implementation: [org.hibernate.engine.transaction.jta.platform.internal.NoJtaPlatform]
2023-01-13 19:26:34.000  INFO 28744 --- [    Test worker] j.LocalContainerEntityManagerFactoryBean : Initialized JPA EntityManagerFactory for persistence unit 'default'
2023-01-13 19:26:39.310  WARN 28744 --- [    Test worker] .s.s.UserDetailsServiceAutoConfiguration : 

Using generated security password: 1c7d0612-8207-4ba4-8692-bdba177d809b

This generated password is for development use only. Your security configuration must be updated before running your application in production.

2023-01-13 19:26:39.855  INFO 28744 --- [    Test worker] o.s.s.web.DefaultSecurityFilterChain     : Will secure any request with [org.springframework.security.web.session.DisableEncodeUrlFilter@213d5189, org.springframework.security.web.context.request.async.WebAsyncManagerIntegrationFilter@70eced1f, org.springframework.security.web.context.SecurityContextPersistenceFilter@38821ada, org.springframework.security.web.header.HeaderWriterFilter@75f67fe5, org.springframework.security.web.authentication.logout.LogoutFilter@5b256ab5, org.springframework.security.web.savedrequest.RequestCacheAwareFilter@7aa44fa2, org.springframework.security.web.servletapi.SecurityContextHolderAwareRequestFilter@53791a39, org.springframework.security.web.authentication.AnonymousAuthenticationFilter@39068df9, org.springframework.security.web.session.SessionManagementFilter@63ee2891, org.springframework.security.web.access.ExceptionTranslationFilter@4c6ebaf2]
2023-01-13 19:26:46.916  INFO 28744 --- [    Test worker] o.s.b.t.m.w.SpringBootMockServletContext : Initializing Spring TestDispatcherServlet ''
2023-01-13 19:26:46.916  INFO 28744 --- [    Test worker] o.s.t.web.servlet.TestDispatcherServlet  : Initializing Servlet ''
2023-01-13 19:26:46.921  INFO 28744 --- [    Test worker] o.s.t.web.servlet.TestDispatcherServlet  : Completed initialization in 3 ms
2023-01-13 19:26:47.002  INFO 28744 --- [    Test worker] o.s.m.s.b.SimpleBrokerMessageHandler     : Starting...
2023-01-13 19:26:47.003  INFO 28744 --- [    Test worker] o.s.m.s.b.SimpleBrokerMessageHandler     : BrokerAvailabilityEvent[available=true, SimpleBrokerMessageHandler [org.springframework.messaging.simp.broker.DefaultSubscriptionRegistry@7e32f76b]]
2023-01-13 19:26:47.005  INFO 28744 --- [    Test worker] o.s.m.s.b.SimpleBrokerMessageHandler     : Started.
2023-01-13 19:26:47.031  INFO 28744 --- [    Test worker] f.p.w.c.TickerPriceControllerTest        : Started TickerPriceControllerTest in 23.19 seconds (JVM running for 25.527)

MockHttpServletRequest:
      HTTP Method = GET
      Request URI = /tickers/prices
       Parameters = {}
          Headers = []
             Body = null
    Session Attrs = {}

Handler:
             Type = fontys.pls.work.controller.TickerPriceController
           Method = fontys.pls.work.controller.TickerPriceController#getTickerPrice()

Async:
    Async started = false
     Async result = null

Resolved Exception:
             Type = null

ModelAndView:
        View name = null
             View = null
            Model = null

FlashMap:
       Attributes = null

MockHttpServletResponse:
           Status = 200
    Error message = null
          Headers = [Vary:"Origin", "Access-Control-Request-Method", "Access-Control-Request-Headers", Content-Type:"application/json", X-Content-Type-Options:"nosniff", X-XSS-Protection:"1; mode=block", Cache-Control:"no-cache, no-store, max-age=0, must-revalidate", Pragma:"no-cache", Expires:"0", X-Frame-Options:"DENY"]
     Content type = application/json
             Body = {"price":15000.0,"symbol":"BTCUSDT"}
    Forwarded URL = null
   Redirected URL = null
          Cookies = []
]]></system-out>
  <system-err><![CDATA[]]></system-err>
</testsuite>
