<?xml version="1.0" encoding="UTF-8"?>
<testsuite name="fontys.pls.work.business.impl.GetTickerPriceUseCaseImplTest" tests="1" skipped="0" failures="0" errors="0" timestamp="2023-01-13T18:22:53" hostname="LAPTOP-COCCAVFD" time="2.099">
  <properties/>
  <testcase name="shouldReturnTickerPrice()" classname="fontys.pls.work.business.impl.GetTickerPriceUseCaseImplTest" time="2.099"/>
  <system-out><![CDATA[19:22:29.873 [Test worker] DEBUG org.springframework.test.context.BootstrapUtils - Instantiating CacheAwareContextLoaderDelegate from class [org.springframework.test.context.cache.DefaultCacheAwareContextLoaderDelegate]
19:22:29.901 [Test worker] DEBUG org.springframework.test.context.BootstrapUtils - Instantiating BootstrapContext using constructor [public org.springframework.test.context.support.DefaultBootstrapContext(java.lang.Class,org.springframework.test.context.CacheAwareContextLoaderDelegate)]
19:22:29.979 [Test worker] DEBUG org.springframework.test.context.BootstrapUtils - Instantiating TestContextBootstrapper for test class [fontys.pls.work.business.impl.GetTickerPriceUseCaseImplTest] from class [org.springframework.boot.test.context.SpringBootTestContextBootstrapper]
19:22:30.005 [Test worker] INFO org.springframework.boot.test.context.SpringBootTestContextBootstrapper - Neither @ContextConfiguration nor @ContextHierarchy found for test class [fontys.pls.work.business.impl.GetTickerPriceUseCaseImplTest], using SpringBootContextLoader
19:22:30.014 [Test worker] DEBUG org.springframework.test.context.support.AbstractContextLoader - Did not detect default resource location for test class [fontys.pls.work.business.impl.GetTickerPriceUseCaseImplTest]: class path resource [fontys/pls/work/business/impl/GetTickerPriceUseCaseImplTest-context.xml] does not exist
19:22:30.015 [Test worker] DEBUG org.springframework.test.context.support.AbstractContextLoader - Did not detect default resource location for test class [fontys.pls.work.business.impl.GetTickerPriceUseCaseImplTest]: class path resource [fontys/pls/work/business/impl/GetTickerPriceUseCaseImplTestContext.groovy] does not exist
19:22:30.016 [Test worker] INFO org.springframework.test.context.support.AbstractContextLoader - Could not detect default resource locations for test class [fontys.pls.work.business.impl.GetTickerPriceUseCaseImplTest]: no resource found for suffixes {-context.xml, Context.groovy}.
19:22:30.017 [Test worker] INFO org.springframework.test.context.support.AnnotationConfigContextLoaderUtils - Could not detect default configuration classes for test class [fontys.pls.work.business.impl.GetTickerPriceUseCaseImplTest]: GetTickerPriceUseCaseImplTest does not declare any static, non-private, non-final, nested classes annotated with @Configuration.
19:22:30.109 [Test worker] DEBUG org.springframework.test.context.support.ActiveProfilesUtils - Could not find an 'annotation declaring class' for annotation type [org.springframework.test.context.ActiveProfiles] and class [fontys.pls.work.business.impl.GetTickerPriceUseCaseImplTest]
19:22:30.360 [Test worker] DEBUG org.springframework.context.annotation.ClassPathScanningCandidateComponentProvider - Identified candidate component class: file [C:\Users\35988\Desktop\uni\Software Engineering Semester 3\BitBy\bitby\plswork\build\classes\java\main\fontys\pls\work\plsworkApp.class]
19:22:30.370 [Test worker] INFO org.springframework.boot.test.context.SpringBootTestContextBootstrapper - Found @SpringBootConfiguration fontys.pls.work.plsworkApp for test class fontys.pls.work.business.impl.GetTickerPriceUseCaseImplTest
19:22:30.648 [Test worker] DEBUG org.springframework.boot.test.context.SpringBootTestContextBootstrapper - @TestExecutionListeners is not present for class [fontys.pls.work.business.impl.GetTickerPriceUseCaseImplTest]: using defaults.
19:22:30.650 [Test worker] INFO org.springframework.boot.test.context.SpringBootTestContextBootstrapper - Loaded default TestExecutionListener class names from location [META-INF/spring.factories]: [org.springframework.security.test.context.support.WithSecurityContextTestExecutionListener, org.springframework.security.test.context.support.ReactorContextTestExecutionListener, org.springframework.boot.test.autoconfigure.restdocs.RestDocsTestExecutionListener, org.springframework.boot.test.autoconfigure.web.client.MockRestServiceServerResetTestExecutionListener, org.springframework.boot.test.autoconfigure.web.servlet.MockMvcPrintOnlyOnFailureTestExecutionListener, org.springframework.boot.test.autoconfigure.web.servlet.WebDriverTestExecutionListener, org.springframework.boot.test.autoconfigure.webservices.client.MockWebServiceServerTestExecutionListener, org.springframework.boot.test.mock.mockito.MockitoTestExecutionListener, org.springframework.boot.test.mock.mockito.ResetMocksTestExecutionListener, org.springframework.test.context.web.ServletTestExecutionListener, org.springframework.test.context.support.DirtiesContextBeforeModesTestExecutionListener, org.springframework.test.context.event.ApplicationEventsTestExecutionListener, org.springframework.test.context.support.DependencyInjectionTestExecutionListener, org.springframework.test.context.support.DirtiesContextTestExecutionListener, org.springframework.test.context.transaction.TransactionalTestExecutionListener, org.springframework.test.context.jdbc.SqlScriptsTestExecutionListener, org.springframework.test.context.event.EventPublishingTestExecutionListener]
19:22:30.700 [Test worker] INFO org.springframework.boot.test.context.SpringBootTestContextBootstrapper - Using TestExecutionListeners: [org.springframework.test.context.web.ServletTestExecutionListener@4215838f, org.springframework.test.context.support.DirtiesContextBeforeModesTestExecutionListener@452ba1db, org.springframework.test.context.event.ApplicationEventsTestExecutionListener@2289aca5, org.springframework.boot.test.mock.mockito.MockitoTestExecutionListener@76a36b71, org.springframework.boot.test.autoconfigure.SpringBootDependencyInjectionTestExecutionListener@184497d1, org.springframework.test.context.support.DirtiesContextTestExecutionListener@f9d87b, org.springframework.test.context.transaction.TransactionalTestExecutionListener@6ffab045, org.springframework.test.context.jdbc.SqlScriptsTestExecutionListener@26fb628, org.springframework.security.test.context.support.WithSecurityContextTestExecutionListener@3e2943ab, org.springframework.test.context.event.EventPublishingTestExecutionListener@70dd7e15, org.springframework.security.test.context.support.ReactorContextTestExecutionListener@4a9f80d3, org.springframework.boot.test.autoconfigure.restdocs.RestDocsTestExecutionListener@35beb15e, org.springframework.boot.test.autoconfigure.web.client.MockRestServiceServerResetTestExecutionListener@41fe9859, org.springframework.boot.test.autoconfigure.web.servlet.MockMvcPrintOnlyOnFailureTestExecutionListener@5ac86ba5, org.springframework.boot.test.autoconfigure.web.servlet.WebDriverTestExecutionListener@6c67e137, org.springframework.boot.test.autoconfigure.webservices.client.MockWebServiceServerTestExecutionListener@2c9399a4, org.springframework.boot.test.mock.mockito.ResetMocksTestExecutionListener@191ae03f]
19:22:30.708 [Test worker] DEBUG org.springframework.test.context.support.AbstractDirtiesContextTestExecutionListener - Before test class: context [DefaultTestContext@6d1d4d7 testClass = GetTickerPriceUseCaseImplTest, testInstance = [null], testMethod = [null], testException = [null], mergedContextConfiguration = [WebMergedContextConfiguration@89ff02e testClass = GetTickerPriceUseCaseImplTest, locations = '{}', classes = '{class fontys.pls.work.plsworkApp}', contextInitializerClasses = '[]', activeProfiles = '{}', propertySourceLocations = '{}', propertySourceProperties = '{org.springframework.boot.test.context.SpringBootTestContextBootstrapper=true}', contextCustomizers = set[org.springframework.boot.test.autoconfigure.actuate.metrics.MetricsExportContextCustomizerFactory$DisableMetricExportContextCustomizer@42bc14c1, org.springframework.boot.test.autoconfigure.properties.PropertyMappingContextCustomizer@0, org.springframework.boot.test.autoconfigure.web.servlet.WebDriverContextCustomizerFactory$Customizer@3549bca9, org.springframework.boot.test.context.filter.ExcludeFilterContextCustomizer@74bada02, org.springframework.boot.test.json.DuplicateJsonObjectContextCustomizerFactory$DuplicateJsonObjectContextCustomizer@6ad3381f, org.springframework.boot.test.mock.mockito.MockitoContextCustomizer@0, org.springframework.boot.test.web.client.TestRestTemplateContextCustomizer@33fe57a9, org.springframework.boot.test.context.SpringBootTestArgs@1, org.springframework.boot.test.context.SpringBootTestWebEnvironment@156b88f5], resourceBasePath = 'src/main/webapp', contextLoader = 'org.springframework.boot.test.context.SpringBootContextLoader', parent = [null]], attributes = map['org.springframework.test.context.web.ServletTestExecutionListener.activateListener' -> true]], class annotated with @DirtiesContext [false] with mode [null].

  .   ____          _            __ _ _
 /\\ / ___'_ __ _ _(_)_ __  __ _ \ \ \ \
( ( )\___ | '_ | '_| | '_ \/ _` | \ \ \ \
 \\/  ___)| |_)| | | | | || (_| |  ) ) ) )
  '  |____| .__|_| |_|_| |_\__, | / / / /
 =========|_|==============|___/=/_/_/_/
 :: Spring Boot ::                (v2.7.3)

2023-01-13 19:22:31.710  WARN 11884 --- [    Test worker] ory$DuplicateJsonObjectContextCustomizer : 

Found multiple occurrences of org.json.JSONObject on the class path:

	jar:file:/C:/Users/35988/.gradle/caches/modules-2/files-2.1/org.json/json/20220924/5aa95e7688f76c664af205c5937620f02688dfbc/json-20220924.jar!/org/json/JSONObject.class
	jar:file:/C:/Users/35988/.gradle/caches/modules-2/files-2.1/com.vaadin.external.google/android-json/0.0.20131108.vaadin1/fa26d351fe62a6a17f5cda1287c1c6110dec413f/android-json-0.0.20131108.vaadin1.jar!/org/json/JSONObject.class

You may wish to exclude one of them to ensure predictable runtime behavior

2023-01-13 19:22:31.745  INFO 11884 --- [    Test worker] f.p.w.b.i.GetTickerPriceUseCaseImplTest  : Starting GetTickerPriceUseCaseImplTest using Java 17.0.4.1 on LAPTOP-COCCAVFD with PID 11884 (started by 35988 in C:\Users\35988\Desktop\uni\Software Engineering Semester 3\BitBy\bitby\plswork)
2023-01-13 19:22:31.748  INFO 11884 --- [    Test worker] f.p.w.b.i.GetTickerPriceUseCaseImplTest  : No active profile set, falling back to 1 default profile: "default"
2023-01-13 19:22:34.044  INFO 11884 --- [    Test worker] .s.d.r.c.RepositoryConfigurationDelegate : Bootstrapping Spring Data JPA repositories in DEFAULT mode.
2023-01-13 19:22:34.311  INFO 11884 --- [    Test worker] .s.d.r.c.RepositoryConfigurationDelegate : Finished Spring Data repository scanning in 247 ms. Found 3 JPA repository interfaces.
2023-01-13 19:22:35.808  INFO 11884 --- [    Test worker] trationDelegate$BeanPostProcessorChecker : Bean 'methodSecurityConfig' of type [fontys.pls.work.configuration.security.MethodSecurityConfig$$EnhancerBySpringCGLIB$$4bb57f37] is not eligible for getting processed by all BeanPostProcessors (for example: not eligible for auto-proxying)
2023-01-13 19:22:36.537  INFO 11884 --- [    Test worker] o.f.c.internal.license.VersionPrinter    : Flyway Community Edition 9.4.0 by Redgate
2023-01-13 19:22:36.539  INFO 11884 --- [    Test worker] o.f.c.internal.license.VersionPrinter    : See what's new here: https://flywaydb.org/documentation/learnmore/releaseNotes#9.4.0
2023-01-13 19:22:36.542  INFO 11884 --- [    Test worker] o.f.c.internal.license.VersionPrinter    : 
2023-01-13 19:22:36.572  INFO 11884 --- [    Test worker] com.zaxxer.hikari.HikariDataSource       : HikariPool-1 - Starting...
2023-01-13 19:22:37.253  INFO 11884 --- [    Test worker] com.zaxxer.hikari.HikariDataSource       : HikariPool-1 - Start completed.
2023-01-13 19:22:37.296  INFO 11884 --- [    Test worker] o.f.c.i.database.base.BaseDatabaseType   : Database: jdbc:h2:mem:inmemorydb (H2 2.1)
2023-01-13 19:22:37.425  INFO 11884 --- [    Test worker] o.f.core.internal.command.DbValidate     : Successfully validated 1 migration (execution time 00:00.022s)
2023-01-13 19:22:37.435  INFO 11884 --- [    Test worker] o.f.c.i.s.JdbcTableSchemaHistory         : Creating Schema History table "PUBLIC"."flyway_schema_history" ...
2023-01-13 19:22:37.480  INFO 11884 --- [    Test worker] o.f.core.internal.command.DbMigrate      : Current version of schema "PUBLIC": << Empty Schema >>
2023-01-13 19:22:37.512  INFO 11884 --- [    Test worker] o.f.core.internal.command.DbMigrate      : Migrating schema "PUBLIC" to version "1 - InitialTables"
2023-01-13 19:22:37.556  INFO 11884 --- [    Test worker] o.f.core.internal.command.DbMigrate      : Successfully applied 1 migration to schema "PUBLIC", now at version v1 (execution time 00:00.082s)
2023-01-13 19:22:38.001  INFO 11884 --- [    Test worker] o.hibernate.jpa.internal.util.LogHelper  : HHH000204: Processing PersistenceUnitInfo [name: default]
2023-01-13 19:22:38.216  INFO 11884 --- [    Test worker] org.hibernate.Version                    : HHH000412: Hibernate ORM core version 5.6.10.Final
2023-01-13 19:22:38.862  INFO 11884 --- [    Test worker] o.hibernate.annotations.common.Version   : HCANN000001: Hibernate Commons Annotations {5.1.2.Final}
2023-01-13 19:22:39.351  INFO 11884 --- [    Test worker] org.hibernate.dialect.Dialect            : HHH000400: Using dialect: org.hibernate.dialect.H2Dialect
2023-01-13 19:22:41.004  INFO 11884 --- [    Test worker] o.h.e.t.j.p.i.JtaPlatformInitiator       : HHH000490: Using JtaPlatform implementation: [org.hibernate.engine.transaction.jta.platform.internal.NoJtaPlatform]
2023-01-13 19:22:41.025  INFO 11884 --- [    Test worker] j.LocalContainerEntityManagerFactoryBean : Initialized JPA EntityManagerFactory for persistence unit 'default'
2023-01-13 19:22:45.928  WARN 11884 --- [    Test worker] .s.s.UserDetailsServiceAutoConfiguration : 

Using generated security password: ad5c9062-fbfc-4ce0-bfa8-98fb49c9e1d4

This generated password is for development use only. Your security configuration must be updated before running your application in production.

2023-01-13 19:22:46.356  INFO 11884 --- [    Test worker] o.s.s.web.DefaultSecurityFilterChain     : Will secure any request with [org.springframework.security.web.session.DisableEncodeUrlFilter@5ca896af, org.springframework.security.web.context.request.async.WebAsyncManagerIntegrationFilter@7e474bd, org.springframework.security.web.context.SecurityContextPersistenceFilter@3071d086, org.springframework.security.web.header.HeaderWriterFilter@6527aa0, org.springframework.security.web.authentication.logout.LogoutFilter@14ea3ecf, org.springframework.security.web.savedrequest.RequestCacheAwareFilter@56589f00, org.springframework.security.web.servletapi.SecurityContextHolderAwareRequestFilter@6f915016, org.springframework.security.web.authentication.AnonymousAuthenticationFilter@324ee3ca, org.springframework.security.web.session.SessionManagementFilter@33ac7934, org.springframework.security.web.access.ExceptionTranslationFilter@65d3a83]
2023-01-13 19:22:53.085  INFO 11884 --- [    Test worker] o.s.m.s.b.SimpleBrokerMessageHandler     : Starting...
2023-01-13 19:22:53.087  INFO 11884 --- [    Test worker] o.s.m.s.b.SimpleBrokerMessageHandler     : BrokerAvailabilityEvent[available=true, SimpleBrokerMessageHandler [org.springframework.messaging.simp.broker.DefaultSubscriptionRegistry@1a9ba6c2]]
2023-01-13 19:22:53.089  INFO 11884 --- [    Test worker] o.s.m.s.b.SimpleBrokerMessageHandler     : Started.
2023-01-13 19:22:53.135  INFO 11884 --- [    Test worker] f.p.w.b.i.GetTickerPriceUseCaseImplTest  : Started GetTickerPriceUseCaseImplTest in 22.303 seconds (JVM running for 25.84)
2023-01-13 19:22:53.594  INFO 11884 --- [    Test worker] p.w.p.i.BinanceTickerPriceRepositoryImpl : Calling Binance API for ticker BTCUSDT price.
2023-01-13 19:22:53.938 DEBUG 11884 --- [    Test worker] o.s.web.client.RestTemplate              : HTTP GET https://api2.binance.com/api/v3/ticker/price?symbol=BTCUSDT
2023-01-13 19:22:54.199 DEBUG 11884 --- [    Test worker] o.s.web.client.RestTemplate              : Accept=[application/json, application/*+json]
2023-01-13 19:22:55.232 DEBUG 11884 --- [    Test worker] o.s.web.client.RestTemplate              : Response 200 OK
2023-01-13 19:22:55.234 DEBUG 11884 --- [    Test worker] o.s.web.client.RestTemplate              : Reading to [fontys.pls.work.persistence.Entity.BinanceTickerPriceEntity]
2023-01-13 19:22:55.257  INFO 11884 --- [    Test worker] p.w.p.i.BinanceTickerPriceRepositoryImpl : Called Binance API for ticker BTCUSDT price with success.
]]></system-out>
  <system-err><![CDATA[]]></system-err>
</testsuite>
