<?xml version="1.0" encoding="UTF-8"?>
<testsuite name="fontys.pls.work.controller.converters.LoginResponseDTOConverterTest" tests="1" skipped="0" failures="0" errors="0" timestamp="2023-01-13T18:27:45" hostname="LAPTOP-COCCAVFD" time="0.046">
  <properties/>
  <testcase name="shouldConvertAllLoginResponseFieldsToDTO()" classname="fontys.pls.work.controller.converters.LoginResponseDTOConverterTest" time="0.046"/>
  <system-out><![CDATA[]]></system-out>
  <system-err><![CDATA[]]></system-err>
</testsuite>
