<?xml version="1.0" encoding="UTF-8"?>
<testsuite name="fontys.pls.work.business.impl.ChangeTraderFundsUseCaseImplTest" tests="1" skipped="0" failures="0" errors="0" timestamp="2023-01-13T18:18:31" hostname="LAPTOP-COCCAVFD" time="0.271">
  <properties/>
  <testcase name="shouldChangeTraderFunds()" classname="fontys.pls.work.business.impl.ChangeTraderFundsUseCaseImplTest" time="0.271"/>
  <system-out><![CDATA[19:18:13.587 [Test worker] DEBUG org.springframework.test.context.BootstrapUtils - Instantiating CacheAwareContextLoaderDelegate from class [org.springframework.test.context.cache.DefaultCacheAwareContextLoaderDelegate]
19:18:13.614 [Test worker] DEBUG org.springframework.test.context.BootstrapUtils - Instantiating BootstrapContext using constructor [public org.springframework.test.context.support.DefaultBootstrapContext(java.lang.Class,org.springframework.test.context.CacheAwareContextLoaderDelegate)]
19:18:13.705 [Test worker] DEBUG org.springframework.test.context.BootstrapUtils - Instantiating TestContextBootstrapper for test class [fontys.pls.work.business.impl.ChangeTraderFundsUseCaseImplTest] from class [org.springframework.boot.test.context.SpringBootTestContextBootstrapper]
19:18:13.730 [Test worker] INFO org.springframework.boot.test.context.SpringBootTestContextBootstrapper - Neither @ContextConfiguration nor @ContextHierarchy found for test class [fontys.pls.work.business.impl.ChangeTraderFundsUseCaseImplTest], using SpringBootContextLoader
19:18:13.738 [Test worker] DEBUG org.springframework.test.context.support.AbstractContextLoader - Did not detect default resource location for test class [fontys.pls.work.business.impl.ChangeTraderFundsUseCaseImplTest]: class path resource [fontys/pls/work/business/impl/ChangeTraderFundsUseCaseImplTest-context.xml] does not exist
19:18:13.739 [Test worker] DEBUG org.springframework.test.context.support.AbstractContextLoader - Did not detect default resource location for test class [fontys.pls.work.business.impl.ChangeTraderFundsUseCaseImplTest]: class path resource [fontys/pls/work/business/impl/ChangeTraderFundsUseCaseImplTestContext.groovy] does not exist
19:18:13.740 [Test worker] INFO org.springframework.test.context.support.AbstractContextLoader - Could not detect default resource locations for test class [fontys.pls.work.business.impl.ChangeTraderFundsUseCaseImplTest]: no resource found for suffixes {-context.xml, Context.groovy}.
19:18:13.741 [Test worker] INFO org.springframework.test.context.support.AnnotationConfigContextLoaderUtils - Could not detect default configuration classes for test class [fontys.pls.work.business.impl.ChangeTraderFundsUseCaseImplTest]: ChangeTraderFundsUseCaseImplTest does not declare any static, non-private, non-final, nested classes annotated with @Configuration.
19:18:13.841 [Test worker] DEBUG org.springframework.test.context.support.ActiveProfilesUtils - Could not find an 'annotation declaring class' for annotation type [org.springframework.test.context.ActiveProfiles] and class [fontys.pls.work.business.impl.ChangeTraderFundsUseCaseImplTest]
19:18:14.035 [Test worker] DEBUG org.springframework.context.annotation.ClassPathScanningCandidateComponentProvider - Identified candidate component class: file [C:\Users\35988\Desktop\uni\Software Engineering Semester 3\BitBy\bitby\plswork\build\classes\java\main\fontys\pls\work\plsworkApp.class]
19:18:14.037 [Test worker] INFO org.springframework.boot.test.context.SpringBootTestContextBootstrapper - Found @SpringBootConfiguration fontys.pls.work.plsworkApp for test class fontys.pls.work.business.impl.ChangeTraderFundsUseCaseImplTest
19:18:14.225 [Test worker] DEBUG org.springframework.boot.test.context.SpringBootTestContextBootstrapper - @TestExecutionListeners is not present for class [fontys.pls.work.business.impl.ChangeTraderFundsUseCaseImplTest]: using defaults.
19:18:14.226 [Test worker] INFO org.springframework.boot.test.context.SpringBootTestContextBootstrapper - Loaded default TestExecutionListener class names from location [META-INF/spring.factories]: [org.springframework.security.test.context.support.WithSecurityContextTestExecutionListener, org.springframework.security.test.context.support.ReactorContextTestExecutionListener, org.springframework.boot.test.autoconfigure.restdocs.RestDocsTestExecutionListener, org.springframework.boot.test.autoconfigure.web.client.MockRestServiceServerResetTestExecutionListener, org.springframework.boot.test.autoconfigure.web.servlet.MockMvcPrintOnlyOnFailureTestExecutionListener, org.springframework.boot.test.autoconfigure.web.servlet.WebDriverTestExecutionListener, org.springframework.boot.test.autoconfigure.webservices.client.MockWebServiceServerTestExecutionListener, org.springframework.boot.test.mock.mockito.MockitoTestExecutionListener, org.springframework.boot.test.mock.mockito.ResetMocksTestExecutionListener, org.springframework.test.context.web.ServletTestExecutionListener, org.springframework.test.context.support.DirtiesContextBeforeModesTestExecutionListener, org.springframework.test.context.event.ApplicationEventsTestExecutionListener, org.springframework.test.context.support.DependencyInjectionTestExecutionListener, org.springframework.test.context.support.DirtiesContextTestExecutionListener, org.springframework.test.context.transaction.TransactionalTestExecutionListener, org.springframework.test.context.jdbc.SqlScriptsTestExecutionListener, org.springframework.test.context.event.EventPublishingTestExecutionListener]
19:18:14.270 [Test worker] INFO org.springframework.boot.test.context.SpringBootTestContextBootstrapper - Using TestExecutionListeners: [org.springframework.test.context.web.ServletTestExecutionListener@7c22d4f, org.springframework.test.context.support.DirtiesContextBeforeModesTestExecutionListener@5f59185e, org.springframework.test.context.event.ApplicationEventsTestExecutionListener@60bdf15d, org.springframework.boot.test.mock.mockito.MockitoTestExecutionListener@47da3952, org.springframework.boot.test.autoconfigure.SpringBootDependencyInjectionTestExecutionListener@51e4ccb3, org.springframework.test.context.support.DirtiesContextTestExecutionListener@46e8a539, org.springframework.test.context.transaction.TransactionalTestExecutionListener@495083a0, org.springframework.test.context.jdbc.SqlScriptsTestExecutionListener@5fd62371, org.springframework.security.test.context.support.WithSecurityContextTestExecutionListener@28a0fd6c, org.springframework.test.context.event.EventPublishingTestExecutionListener@2b62442c, org.springframework.security.test.context.support.ReactorContextTestExecutionListener@66629f63, org.springframework.boot.test.autoconfigure.restdocs.RestDocsTestExecutionListener@841e575, org.springframework.boot.test.autoconfigure.web.client.MockRestServiceServerResetTestExecutionListener@27a5328c, org.springframework.boot.test.autoconfigure.web.servlet.MockMvcPrintOnlyOnFailureTestExecutionListener@1e5f4170, org.springframework.boot.test.autoconfigure.web.servlet.WebDriverTestExecutionListener@6c345c5f, org.springframework.boot.test.autoconfigure.webservices.client.MockWebServiceServerTestExecutionListener@6b5966e1, org.springframework.boot.test.mock.mockito.ResetMocksTestExecutionListener@65e61854]
19:18:14.279 [Test worker] DEBUG org.springframework.test.context.support.AbstractDirtiesContextTestExecutionListener - Before test class: context [DefaultTestContext@32cb636e testClass = ChangeTraderFundsUseCaseImplTest, testInstance = [null], testMethod = [null], testException = [null], mergedContextConfiguration = [WebMergedContextConfiguration@63cd604c testClass = ChangeTraderFundsUseCaseImplTest, locations = '{}', classes = '{class fontys.pls.work.plsworkApp}', contextInitializerClasses = '[]', activeProfiles = '{}', propertySourceLocations = '{}', propertySourceProperties = '{org.springframework.boot.test.context.SpringBootTestContextBootstrapper=true}', contextCustomizers = set[org.springframework.boot.test.autoconfigure.actuate.metrics.MetricsExportContextCustomizerFactory$DisableMetricExportContextCustomizer@22d7b4f8, org.springframework.boot.test.autoconfigure.properties.PropertyMappingContextCustomizer@0, org.springframework.boot.test.autoconfigure.web.servlet.WebDriverContextCustomizerFactory$Customizer@17aad511, org.springframework.boot.test.context.filter.ExcludeFilterContextCustomizer@4612b856, org.springframework.boot.test.json.DuplicateJsonObjectContextCustomizerFactory$DuplicateJsonObjectContextCustomizer@32f232a5, org.springframework.boot.test.mock.mockito.MockitoContextCustomizer@0, org.springframework.boot.test.web.client.TestRestTemplateContextCustomizer@5629510, org.springframework.boot.test.context.SpringBootTestArgs@1, org.springframework.boot.test.context.SpringBootTestWebEnvironment@53fdffa1], resourceBasePath = 'src/main/webapp', contextLoader = 'org.springframework.boot.test.context.SpringBootContextLoader', parent = [null]], attributes = map['org.springframework.test.context.web.ServletTestExecutionListener.activateListener' -> true]], class annotated with @DirtiesContext [false] with mode [null].

  .   ____          _            __ _ _
 /\\ / ___'_ __ _ _(_)_ __  __ _ \ \ \ \
( ( )\___ | '_ | '_| | '_ \/ _` | \ \ \ \
 \\/  ___)| |_)| | | | | || (_| |  ) ) ) )
  '  |____| .__|_| |_|_| |_\__, | / / / /
 =========|_|==============|___/=/_/_/_/
 :: Spring Boot ::                (v2.7.3)

2023-01-13 19:18:15.316  WARN 28920 --- [    Test worker] ory$DuplicateJsonObjectContextCustomizer : 

Found multiple occurrences of org.json.JSONObject on the class path:

	jar:file:/C:/Users/35988/.gradle/caches/modules-2/files-2.1/org.json/json/20220924/5aa95e7688f76c664af205c5937620f02688dfbc/json-20220924.jar!/org/json/JSONObject.class
	jar:file:/C:/Users/35988/.gradle/caches/modules-2/files-2.1/com.vaadin.external.google/android-json/0.0.20131108.vaadin1/fa26d351fe62a6a17f5cda1287c1c6110dec413f/android-json-0.0.20131108.vaadin1.jar!/org/json/JSONObject.class

You may wish to exclude one of them to ensure predictable runtime behavior

2023-01-13 19:18:15.345  INFO 28920 --- [    Test worker] p.w.b.i.ChangeTraderFundsUseCaseImplTest : Starting ChangeTraderFundsUseCaseImplTest using Java 17.0.4.1 on LAPTOP-COCCAVFD with PID 28920 (started by 35988 in C:\Users\35988\Desktop\uni\Software Engineering Semester 3\BitBy\bitby\plswork)
2023-01-13 19:18:15.347  INFO 28920 --- [    Test worker] p.w.b.i.ChangeTraderFundsUseCaseImplTest : No active profile set, falling back to 1 default profile: "default"
2023-01-13 19:18:17.745  INFO 28920 --- [    Test worker] .s.d.r.c.RepositoryConfigurationDelegate : Bootstrapping Spring Data JPA repositories in DEFAULT mode.
2023-01-13 19:18:17.954  INFO 28920 --- [    Test worker] .s.d.r.c.RepositoryConfigurationDelegate : Finished Spring Data repository scanning in 193 ms. Found 3 JPA repository interfaces.
2023-01-13 19:18:19.128  INFO 28920 --- [    Test worker] trationDelegate$BeanPostProcessorChecker : Bean 'methodSecurityConfig' of type [fontys.pls.work.configuration.security.MethodSecurityConfig$$EnhancerBySpringCGLIB$$bf8a0b8a] is not eligible for getting processed by all BeanPostProcessors (for example: not eligible for auto-proxying)
2023-01-13 19:18:19.717  INFO 28920 --- [    Test worker] o.f.c.internal.license.VersionPrinter    : Flyway Community Edition 9.4.0 by Redgate
2023-01-13 19:18:19.718  INFO 28920 --- [    Test worker] o.f.c.internal.license.VersionPrinter    : See what's new here: https://flywaydb.org/documentation/learnmore/releaseNotes#9.4.0
2023-01-13 19:18:19.718  INFO 28920 --- [    Test worker] o.f.c.internal.license.VersionPrinter    : 
2023-01-13 19:18:19.744  INFO 28920 --- [    Test worker] com.zaxxer.hikari.HikariDataSource       : HikariPool-1 - Starting...
2023-01-13 19:18:20.322  INFO 28920 --- [    Test worker] com.zaxxer.hikari.HikariDataSource       : HikariPool-1 - Start completed.
2023-01-13 19:18:20.349  INFO 28920 --- [    Test worker] o.f.c.i.database.base.BaseDatabaseType   : Database: jdbc:h2:mem:inmemorydb (H2 2.1)
2023-01-13 19:18:20.498  INFO 28920 --- [    Test worker] o.f.core.internal.command.DbValidate     : Successfully validated 1 migration (execution time 00:00.039s)
2023-01-13 19:18:20.512  INFO 28920 --- [    Test worker] o.f.c.i.s.JdbcTableSchemaHistory         : Creating Schema History table "PUBLIC"."flyway_schema_history" ...
2023-01-13 19:18:20.574  INFO 28920 --- [    Test worker] o.f.core.internal.command.DbMigrate      : Current version of schema "PUBLIC": << Empty Schema >>
2023-01-13 19:18:20.611  INFO 28920 --- [    Test worker] o.f.core.internal.command.DbMigrate      : Migrating schema "PUBLIC" to version "1 - InitialTables"
2023-01-13 19:18:20.660  INFO 28920 --- [    Test worker] o.f.core.internal.command.DbMigrate      : Successfully applied 1 migration to schema "PUBLIC", now at version v1 (execution time 00:00.093s)
2023-01-13 19:18:21.182  INFO 28920 --- [    Test worker] o.hibernate.jpa.internal.util.LogHelper  : HHH000204: Processing PersistenceUnitInfo [name: default]
2023-01-13 19:18:21.389  INFO 28920 --- [    Test worker] org.hibernate.Version                    : HHH000412: Hibernate ORM core version 5.6.10.Final
2023-01-13 19:18:21.870  INFO 28920 --- [    Test worker] o.hibernate.annotations.common.Version   : HCANN000001: Hibernate Commons Annotations {5.1.2.Final}
2023-01-13 19:18:22.269  INFO 28920 --- [    Test worker] org.hibernate.dialect.Dialect            : HHH000400: Using dialect: org.hibernate.dialect.H2Dialect
2023-01-13 19:18:23.693  INFO 28920 --- [    Test worker] o.h.e.t.j.p.i.JtaPlatformInitiator       : HHH000490: Using JtaPlatform implementation: [org.hibernate.engine.transaction.jta.platform.internal.NoJtaPlatform]
2023-01-13 19:18:23.712  INFO 28920 --- [    Test worker] j.LocalContainerEntityManagerFactoryBean : Initialized JPA EntityManagerFactory for persistence unit 'default'
2023-01-13 19:18:27.118  WARN 28920 --- [    Test worker] .s.s.UserDetailsServiceAutoConfiguration : 

Using generated security password: 94773ddf-0f8c-4afb-9235-d14ab414b48f

This generated password is for development use only. Your security configuration must be updated before running your application in production.

2023-01-13 19:18:27.542  INFO 28920 --- [    Test worker] o.s.s.web.DefaultSecurityFilterChain     : Will secure any request with [org.springframework.security.web.session.DisableEncodeUrlFilter@b3c7c75, org.springframework.security.web.context.request.async.WebAsyncManagerIntegrationFilter@55e75ce0, org.springframework.security.web.context.SecurityContextPersistenceFilter@1c61f9bf, org.springframework.security.web.header.HeaderWriterFilter@693c7741, org.springframework.security.web.authentication.logout.LogoutFilter@7bc46dde, org.springframework.security.web.savedrequest.RequestCacheAwareFilter@2da3d7d3, org.springframework.security.web.servletapi.SecurityContextHolderAwareRequestFilter@70ed03e4, org.springframework.security.web.authentication.AnonymousAuthenticationFilter@3325f17, org.springframework.security.web.session.SessionManagementFilter@c1d9c40, org.springframework.security.web.access.ExceptionTranslationFilter@17a756db]
2023-01-13 19:18:30.739  INFO 28920 --- [    Test worker] o.s.m.s.b.SimpleBrokerMessageHandler     : Starting...
2023-01-13 19:18:30.740  INFO 28920 --- [    Test worker] o.s.m.s.b.SimpleBrokerMessageHandler     : BrokerAvailabilityEvent[available=true, SimpleBrokerMessageHandler [org.springframework.messaging.simp.broker.DefaultSubscriptionRegistry@5113ab26]]
2023-01-13 19:18:30.743  INFO 28920 --- [    Test worker] o.s.m.s.b.SimpleBrokerMessageHandler     : Started.
2023-01-13 19:18:30.769  INFO 28920 --- [    Test worker] p.w.b.i.ChangeTraderFundsUseCaseImplTest : Started ChangeTraderFundsUseCaseImplTest in 16.402 seconds (JVM running for 19.303)
]]></system-out>
  <system-err><![CDATA[]]></system-err>
</testsuite>
