<?xml version="1.0" encoding="UTF-8"?>
<testsuite name="fontys.pls.work.persistence.converters.UserConverterTest" tests="1" skipped="0" failures="0" errors="0" timestamp="2023-01-13T18:30:22" hostname="LAPTOP-COCCAVFD" time="0.042">
  <properties/>
  <testcase name="shouldConvertAllUserFieldsToDomain()" classname="fontys.pls.work.persistence.converters.UserConverterTest" time="0.042"/>
  <system-out><![CDATA[]]></system-out>
  <system-err><![CDATA[]]></system-err>
</testsuite>
