<?xml version="1.0" encoding="UTF-8"?>
<testsuite name="fontys.pls.work.persistence.UserRepositoryJPATest" tests="2" skipped="0" failures="0" errors="0" timestamp="2023-01-13T18:29:58" hostname="LAPTOP-COCCAVFD" time="11.65">
  <properties/>
  <testcase name="findByEmail_shouldReturnUser_ifExists()" classname="fontys.pls.work.persistence.UserRepositoryJPATest" time="7.256"/>
  <testcase name="save_shouldSaveUserWithAllFields()" classname="fontys.pls.work.persistence.UserRepositoryJPATest" time="4.393"/>
  <system-out><![CDATA[19:29:37.781 [Test worker] DEBUG org.springframework.test.context.BootstrapUtils - Instantiating CacheAwareContextLoaderDelegate from class [org.springframework.test.context.cache.DefaultCacheAwareContextLoaderDelegate]
19:29:37.808 [Test worker] DEBUG org.springframework.test.context.BootstrapUtils - Instantiating BootstrapContext using constructor [public org.springframework.test.context.support.DefaultBootstrapContext(java.lang.Class,org.springframework.test.context.CacheAwareContextLoaderDelegate)]
19:29:37.875 [Test worker] DEBUG org.springframework.test.context.BootstrapUtils - Instantiating TestContextBootstrapper for test class [fontys.pls.work.persistence.UserRepositoryJPATest] from class [org.springframework.boot.test.context.SpringBootTestContextBootstrapper]
19:29:37.896 [Test worker] INFO org.springframework.boot.test.context.SpringBootTestContextBootstrapper - Neither @ContextConfiguration nor @ContextHierarchy found for test class [fontys.pls.work.persistence.UserRepositoryJPATest], using SpringBootContextLoader
19:29:37.905 [Test worker] DEBUG org.springframework.test.context.support.AbstractContextLoader - Did not detect default resource location for test class [fontys.pls.work.persistence.UserRepositoryJPATest]: class path resource [fontys/pls/work/persistence/UserRepositoryJPATest-context.xml] does not exist
19:29:37.906 [Test worker] DEBUG org.springframework.test.context.support.AbstractContextLoader - Did not detect default resource location for test class [fontys.pls.work.persistence.UserRepositoryJPATest]: class path resource [fontys/pls/work/persistence/UserRepositoryJPATestContext.groovy] does not exist
19:29:37.907 [Test worker] INFO org.springframework.test.context.support.AbstractContextLoader - Could not detect default resource locations for test class [fontys.pls.work.persistence.UserRepositoryJPATest]: no resource found for suffixes {-context.xml, Context.groovy}.
19:29:37.908 [Test worker] INFO org.springframework.test.context.support.AnnotationConfigContextLoaderUtils - Could not detect default configuration classes for test class [fontys.pls.work.persistence.UserRepositoryJPATest]: UserRepositoryJPATest does not declare any static, non-private, non-final, nested classes annotated with @Configuration.
19:29:38.018 [Test worker] DEBUG org.springframework.test.context.support.ActiveProfilesUtils - Could not find an 'annotation declaring class' for annotation type [org.springframework.test.context.ActiveProfiles] and class [fontys.pls.work.persistence.UserRepositoryJPATest]
19:29:38.203 [Test worker] DEBUG org.springframework.context.annotation.ClassPathScanningCandidateComponentProvider - Identified candidate component class: file [C:\Users\35988\Desktop\uni\Software Engineering Semester 3\BitBy\bitby\plswork\build\classes\java\main\fontys\pls\work\plsworkApp.class]
19:29:38.206 [Test worker] INFO org.springframework.boot.test.context.SpringBootTestContextBootstrapper - Found @SpringBootConfiguration fontys.pls.work.plsworkApp for test class fontys.pls.work.persistence.UserRepositoryJPATest
19:29:38.642 [Test worker] DEBUG org.springframework.boot.test.context.SpringBootTestContextBootstrapper - @TestExecutionListeners is not present for class [fontys.pls.work.persistence.UserRepositoryJPATest]: using defaults.
19:29:38.644 [Test worker] INFO org.springframework.boot.test.context.SpringBootTestContextBootstrapper - Loaded default TestExecutionListener class names from location [META-INF/spring.factories]: [org.springframework.security.test.context.support.WithSecurityContextTestExecutionListener, org.springframework.security.test.context.support.ReactorContextTestExecutionListener, org.springframework.boot.test.autoconfigure.restdocs.RestDocsTestExecutionListener, org.springframework.boot.test.autoconfigure.web.client.MockRestServiceServerResetTestExecutionListener, org.springframework.boot.test.autoconfigure.web.servlet.MockMvcPrintOnlyOnFailureTestExecutionListener, org.springframework.boot.test.autoconfigure.web.servlet.WebDriverTestExecutionListener, org.springframework.boot.test.autoconfigure.webservices.client.MockWebServiceServerTestExecutionListener, org.springframework.boot.test.mock.mockito.MockitoTestExecutionListener, org.springframework.boot.test.mock.mockito.ResetMocksTestExecutionListener, org.springframework.test.context.web.ServletTestExecutionListener, org.springframework.test.context.support.DirtiesContextBeforeModesTestExecutionListener, org.springframework.test.context.event.ApplicationEventsTestExecutionListener, org.springframework.test.context.support.DependencyInjectionTestExecutionListener, org.springframework.test.context.support.DirtiesContextTestExecutionListener, org.springframework.test.context.transaction.TransactionalTestExecutionListener, org.springframework.test.context.jdbc.SqlScriptsTestExecutionListener, org.springframework.test.context.event.EventPublishingTestExecutionListener]
19:29:38.712 [Test worker] INFO org.springframework.boot.test.context.SpringBootTestContextBootstrapper - Using TestExecutionListeners: [org.springframework.test.context.web.ServletTestExecutionListener@6a62689d, org.springframework.test.context.support.DirtiesContextBeforeModesTestExecutionListener@4602c2a9, org.springframework.test.context.event.ApplicationEventsTestExecutionListener@60fa3495, org.springframework.boot.test.mock.mockito.MockitoTestExecutionListener@3e2822, org.springframework.boot.test.autoconfigure.SpringBootDependencyInjectionTestExecutionListener@79e18e38, org.springframework.test.context.support.DirtiesContextTestExecutionListener@29a60c27, org.springframework.test.context.transaction.TransactionalTestExecutionListener@1849db1a, org.springframework.test.context.jdbc.SqlScriptsTestExecutionListener@69c79f09, org.springframework.security.test.context.support.WithSecurityContextTestExecutionListener@1ca25c47, org.springframework.test.context.event.EventPublishingTestExecutionListener@5fcacc0, org.springframework.security.test.context.support.ReactorContextTestExecutionListener@533b266e, org.springframework.boot.test.autoconfigure.restdocs.RestDocsTestExecutionListener@6d1d4d7, org.springframework.boot.test.autoconfigure.web.client.MockRestServiceServerResetTestExecutionListener@89ff02e, org.springframework.boot.test.autoconfigure.web.servlet.MockMvcPrintOnlyOnFailureTestExecutionListener@6865c751, org.springframework.boot.test.autoconfigure.web.servlet.WebDriverTestExecutionListener@62679465, org.springframework.boot.test.autoconfigure.webservices.client.MockWebServiceServerTestExecutionListener@6a988392, org.springframework.boot.test.mock.mockito.ResetMocksTestExecutionListener@1d71006f]
19:29:38.719 [Test worker] DEBUG org.springframework.test.context.support.AbstractDirtiesContextTestExecutionListener - Before test class: context [DefaultTestContext@47da3952 testClass = UserRepositoryJPATest, testInstance = [null], testMethod = [null], testException = [null], mergedContextConfiguration = [WebMergedContextConfiguration@51e4ccb3 testClass = UserRepositoryJPATest, locations = '{}', classes = '{class fontys.pls.work.plsworkApp}', contextInitializerClasses = '[]', activeProfiles = '{}', propertySourceLocations = '{}', propertySourceProperties = '{org.springframework.boot.test.context.SpringBootTestContextBootstrapper=true}', contextCustomizers = set[org.springframework.boot.test.autoconfigure.actuate.metrics.MetricsExportContextCustomizerFactory$DisableMetricExportContextCustomizer@16414e40, org.springframework.boot.test.autoconfigure.properties.PropertyMappingContextCustomizer@0, org.springframework.boot.test.autoconfigure.web.servlet.WebDriverContextCustomizerFactory$Customizer@691939c9, org.springframework.boot.test.context.filter.ExcludeFilterContextCustomizer@61a88b8c, org.springframework.boot.test.json.DuplicateJsonObjectContextCustomizerFactory$DuplicateJsonObjectContextCustomizer@7241a47d, org.springframework.boot.test.mock.mockito.MockitoContextCustomizer@0, org.springframework.boot.test.web.client.TestRestTemplateContextCustomizer@79c7532f, org.springframework.boot.test.context.SpringBootTestArgs@1, org.springframework.boot.test.context.SpringBootTestWebEnvironment@6da21078], resourceBasePath = 'src/main/webapp', contextLoader = 'org.springframework.boot.test.context.SpringBootContextLoader', parent = [null]], attributes = map['org.springframework.test.context.web.ServletTestExecutionListener.activateListener' -> true]], class annotated with @DirtiesContext [true] with mode [BEFORE_EACH_TEST_METHOD].

  .   ____          _            __ _ _
 /\\ / ___'_ __ _ _(_)_ __  __ _ \ \ \ \
( ( )\___ | '_ | '_| | '_ \/ _` | \ \ \ \
 \\/  ___)| |_)| | | | | || (_| |  ) ) ) )
  '  |____| .__|_| |_|_| |_\__, | / / / /
 =========|_|==============|___/=/_/_/_/
 :: Spring Boot ::                (v2.7.3)

2023-01-13 19:29:39.648  WARN 1400 --- [    Test worker] ory$DuplicateJsonObjectContextCustomizer : 

Found multiple occurrences of org.json.JSONObject on the class path:

	jar:file:/C:/Users/35988/.gradle/caches/modules-2/files-2.1/org.json/json/20220924/5aa95e7688f76c664af205c5937620f02688dfbc/json-20220924.jar!/org/json/JSONObject.class
	jar:file:/C:/Users/35988/.gradle/caches/modules-2/files-2.1/com.vaadin.external.google/android-json/0.0.20131108.vaadin1/fa26d351fe62a6a17f5cda1287c1c6110dec413f/android-json-0.0.20131108.vaadin1.jar!/org/json/JSONObject.class

You may wish to exclude one of them to ensure predictable runtime behavior

2023-01-13 19:29:39.675  INFO 1400 --- [    Test worker] f.p.w.persistence.UserRepositoryJPATest  : Starting UserRepositoryJPATest using Java 17.0.4.1 on LAPTOP-COCCAVFD with PID 1400 (started by 35988 in C:\Users\35988\Desktop\uni\Software Engineering Semester 3\BitBy\bitby\plswork)
2023-01-13 19:29:39.677  INFO 1400 --- [    Test worker] f.p.w.persistence.UserRepositoryJPATest  : No active profile set, falling back to 1 default profile: "default"
2023-01-13 19:29:42.307  INFO 1400 --- [    Test worker] .s.d.r.c.RepositoryConfigurationDelegate : Bootstrapping Spring Data JPA repositories in DEFAULT mode.
2023-01-13 19:29:42.554  INFO 1400 --- [    Test worker] .s.d.r.c.RepositoryConfigurationDelegate : Finished Spring Data repository scanning in 230 ms. Found 3 JPA repository interfaces.
2023-01-13 19:29:44.307  INFO 1400 --- [    Test worker] trationDelegate$BeanPostProcessorChecker : Bean 'methodSecurityConfig' of type [fontys.pls.work.configuration.security.MethodSecurityConfig$$EnhancerBySpringCGLIB$$710307b0] is not eligible for getting processed by all BeanPostProcessors (for example: not eligible for auto-proxying)
2023-01-13 19:29:44.827  INFO 1400 --- [    Test worker] o.f.c.internal.license.VersionPrinter    : Flyway Community Edition 9.4.0 by Redgate
2023-01-13 19:29:44.827  INFO 1400 --- [    Test worker] o.f.c.internal.license.VersionPrinter    : See what's new here: https://flywaydb.org/documentation/learnmore/releaseNotes#9.4.0
2023-01-13 19:29:44.828  INFO 1400 --- [    Test worker] o.f.c.internal.license.VersionPrinter    : 
2023-01-13 19:29:44.852  INFO 1400 --- [    Test worker] com.zaxxer.hikari.HikariDataSource       : HikariPool-1 - Starting...
2023-01-13 19:29:45.376  INFO 1400 --- [    Test worker] com.zaxxer.hikari.HikariDataSource       : HikariPool-1 - Start completed.
2023-01-13 19:29:45.403  INFO 1400 --- [    Test worker] o.f.c.i.database.base.BaseDatabaseType   : Database: jdbc:h2:mem:inmemorydb (H2 2.1)
2023-01-13 19:29:45.551  INFO 1400 --- [    Test worker] o.f.core.internal.command.DbValidate     : Successfully validated 1 migration (execution time 00:00.039s)
2023-01-13 19:29:45.565  INFO 1400 --- [    Test worker] o.f.c.i.s.JdbcTableSchemaHistory         : Creating Schema History table "PUBLIC"."flyway_schema_history" ...
2023-01-13 19:29:45.625  INFO 1400 --- [    Test worker] o.f.core.internal.command.DbMigrate      : Current version of schema "PUBLIC": << Empty Schema >>
2023-01-13 19:29:45.656  INFO 1400 --- [    Test worker] o.f.core.internal.command.DbMigrate      : Migrating schema "PUBLIC" to version "1 - InitialTables"
2023-01-13 19:29:45.705  INFO 1400 --- [    Test worker] o.f.core.internal.command.DbMigrate      : Successfully applied 1 migration to schema "PUBLIC", now at version v1 (execution time 00:00.087s)
2023-01-13 19:29:46.089  INFO 1400 --- [    Test worker] o.hibernate.jpa.internal.util.LogHelper  : HHH000204: Processing PersistenceUnitInfo [name: default]
2023-01-13 19:29:46.261  INFO 1400 --- [    Test worker] org.hibernate.Version                    : HHH000412: Hibernate ORM core version 5.6.10.Final
2023-01-13 19:29:46.751  INFO 1400 --- [    Test worker] o.hibernate.annotations.common.Version   : HCANN000001: Hibernate Commons Annotations {5.1.2.Final}
2023-01-13 19:29:47.109  INFO 1400 --- [    Test worker] org.hibernate.dialect.Dialect            : HHH000400: Using dialect: org.hibernate.dialect.H2Dialect
2023-01-13 19:29:48.700  INFO 1400 --- [    Test worker] o.h.e.t.j.p.i.JtaPlatformInitiator       : HHH000490: Using JtaPlatform implementation: [org.hibernate.engine.transaction.jta.platform.internal.NoJtaPlatform]
2023-01-13 19:29:48.720  INFO 1400 --- [    Test worker] j.LocalContainerEntityManagerFactoryBean : Initialized JPA EntityManagerFactory for persistence unit 'default'
2023-01-13 19:29:52.554  WARN 1400 --- [    Test worker] .s.s.UserDetailsServiceAutoConfiguration : 

Using generated security password: 460e27f9-5131-48d7-8710-d709b9481d98

This generated password is for development use only. Your security configuration must be updated before running your application in production.

2023-01-13 19:29:53.031  INFO 1400 --- [    Test worker] o.s.s.web.DefaultSecurityFilterChain     : Will secure any request with [org.springframework.security.web.session.DisableEncodeUrlFilter@72364a40, org.springframework.security.web.context.request.async.WebAsyncManagerIntegrationFilter@6ad2cb6d, org.springframework.security.web.context.SecurityContextPersistenceFilter@2d2afbdf, org.springframework.security.web.header.HeaderWriterFilter@56589f00, org.springframework.security.web.authentication.logout.LogoutFilter@533a8540, org.springframework.security.web.savedrequest.RequestCacheAwareFilter@20f94e9a, org.springframework.security.web.servletapi.SecurityContextHolderAwareRequestFilter@c1d9c40, org.springframework.security.web.authentication.AnonymousAuthenticationFilter@4b6ad2eb, org.springframework.security.web.session.SessionManagementFilter@690113f0, org.springframework.security.web.access.ExceptionTranslationFilter@4e6c703a]
2023-01-13 19:29:58.715  INFO 1400 --- [    Test worker] o.s.m.s.b.SimpleBrokerMessageHandler     : Starting...
2023-01-13 19:29:58.724  INFO 1400 --- [    Test worker] o.s.m.s.b.SimpleBrokerMessageHandler     : BrokerAvailabilityEvent[available=true, SimpleBrokerMessageHandler [org.springframework.messaging.simp.broker.DefaultSubscriptionRegistry@67f5066e]]
2023-01-13 19:29:58.727  INFO 1400 --- [    Test worker] o.s.m.s.b.SimpleBrokerMessageHandler     : Started.
2023-01-13 19:29:58.751  INFO 1400 --- [    Test worker] f.p.w.persistence.UserRepositoryJPATest  : Started UserRepositoryJPATest in 19.914 seconds (JVM running for 23.241)
2023-01-13 19:29:58.802  INFO 1400 --- [    Test worker] o.s.m.s.b.SimpleBrokerMessageHandler     : Stopping...
2023-01-13 19:29:58.802  INFO 1400 --- [    Test worker] o.s.m.s.b.SimpleBrokerMessageHandler     : BrokerAvailabilityEvent[available=false, SimpleBrokerMessageHandler [org.springframework.messaging.simp.broker.DefaultSubscriptionRegistry@67f5066e]]
2023-01-13 19:29:58.802  INFO 1400 --- [    Test worker] o.s.m.s.b.SimpleBrokerMessageHandler     : Stopped.
2023-01-13 19:29:58.815  INFO 1400 --- [    Test worker] j.LocalContainerEntityManagerFactoryBean : Closing JPA EntityManagerFactory for persistence unit 'default'
2023-01-13 19:29:58.818  INFO 1400 --- [    Test worker] com.zaxxer.hikari.HikariDataSource       : HikariPool-1 - Shutdown initiated...
2023-01-13 19:29:58.825  INFO 1400 --- [    Test worker] com.zaxxer.hikari.HikariDataSource       : HikariPool-1 - Shutdown completed.

  .   ____          _            __ _ _
 /\\ / ___'_ __ _ _(_)_ __  __ _ \ \ \ \
( ( )\___ | '_ | '_| | '_ \/ _` | \ \ \ \
 \\/  ___)| |_)| | | | | || (_| |  ) ) ) )
  '  |____| .__|_| |_|_| |_\__, | / / / /
 =========|_|==============|___/=/_/_/_/
 :: Spring Boot ::                (v2.7.3)

2023-01-13 19:29:58.952  WARN 1400 --- [    Test worker] ory$DuplicateJsonObjectContextCustomizer : 

Found multiple occurrences of org.json.JSONObject on the class path:

	jar:file:/C:/Users/35988/.gradle/caches/modules-2/files-2.1/org.json/json/20220924/5aa95e7688f76c664af205c5937620f02688dfbc/json-20220924.jar!/org/json/JSONObject.class
	jar:file:/C:/Users/35988/.gradle/caches/modules-2/files-2.1/com.vaadin.external.google/android-json/0.0.20131108.vaadin1/fa26d351fe62a6a17f5cda1287c1c6110dec413f/android-json-0.0.20131108.vaadin1.jar!/org/json/JSONObject.class

You may wish to exclude one of them to ensure predictable runtime behavior

2023-01-13 19:29:58.954  INFO 1400 --- [    Test worker] f.p.w.persistence.UserRepositoryJPATest  : Starting UserRepositoryJPATest using Java 17.0.4.1 on LAPTOP-COCCAVFD with PID 1400 (started by 35988 in C:\Users\35988\Desktop\uni\Software Engineering Semester 3\BitBy\bitby\plswork)
2023-01-13 19:29:58.956  INFO 1400 --- [    Test worker] f.p.w.persistence.UserRepositoryJPATest  : No active profile set, falling back to 1 default profile: "default"
2023-01-13 19:30:00.710  INFO 1400 --- [    Test worker] .s.d.r.c.RepositoryConfigurationDelegate : Bootstrapping Spring Data JPA repositories in DEFAULT mode.
2023-01-13 19:30:00.978  INFO 1400 --- [    Test worker] .s.d.r.c.RepositoryConfigurationDelegate : Finished Spring Data repository scanning in 266 ms. Found 3 JPA repository interfaces.
2023-01-13 19:30:01.292  INFO 1400 --- [    Test worker] trationDelegate$BeanPostProcessorChecker : Bean 'methodSecurityConfig' of type [fontys.pls.work.configuration.security.MethodSecurityConfig$$EnhancerBySpringCGLIB$$710307b0] is not eligible for getting processed by all BeanPostProcessors (for example: not eligible for auto-proxying)
2023-01-13 19:30:01.434  INFO 1400 --- [    Test worker] com.zaxxer.hikari.HikariDataSource       : HikariPool-2 - Starting...
2023-01-13 19:30:01.436  INFO 1400 --- [    Test worker] com.zaxxer.hikari.HikariDataSource       : HikariPool-2 - Start completed.
2023-01-13 19:30:01.437  INFO 1400 --- [    Test worker] o.f.c.i.database.base.BaseDatabaseType   : Database: jdbc:h2:mem:inmemorydb (H2 2.1)
2023-01-13 19:30:01.444  INFO 1400 --- [    Test worker] o.f.core.internal.command.DbValidate     : Successfully validated 1 migration (execution time 00:00.002s)
2023-01-13 19:30:01.446  INFO 1400 --- [    Test worker] o.f.c.i.s.JdbcTableSchemaHistory         : Creating Schema History table "PUBLIC"."flyway_schema_history" ...
2023-01-13 19:30:01.526  INFO 1400 --- [    Test worker] o.f.core.internal.command.DbMigrate      : Current version of schema "PUBLIC": << Empty Schema >>
2023-01-13 19:30:01.532  INFO 1400 --- [    Test worker] o.f.core.internal.command.DbMigrate      : Migrating schema "PUBLIC" to version "1 - InitialTables"
2023-01-13 19:30:01.552  INFO 1400 --- [    Test worker] o.f.core.internal.command.DbMigrate      : Successfully applied 1 migration to schema "PUBLIC", now at version v1 (execution time 00:00.027s)
2023-01-13 19:30:01.650  INFO 1400 --- [    Test worker] o.hibernate.jpa.internal.util.LogHelper  : HHH000204: Processing PersistenceUnitInfo [name: default]
2023-01-13 19:30:01.662  INFO 1400 --- [    Test worker] org.hibernate.dialect.Dialect            : HHH000400: Using dialect: org.hibernate.dialect.H2Dialect
2023-01-13 19:30:01.773  INFO 1400 --- [    Test worker] o.h.e.t.j.p.i.JtaPlatformInitiator       : HHH000490: Using JtaPlatform implementation: [org.hibernate.engine.transaction.jta.platform.internal.NoJtaPlatform]
2023-01-13 19:30:01.773  INFO 1400 --- [    Test worker] j.LocalContainerEntityManagerFactoryBean : Initialized JPA EntityManagerFactory for persistence unit 'default'
2023-01-13 19:30:03.329  WARN 1400 --- [    Test worker] .s.s.UserDetailsServiceAutoConfiguration : 

Using generated security password: 0a53b248-54b4-46c2-b901-3d5d1f264837

This generated password is for development use only. Your security configuration must be updated before running your application in production.

2023-01-13 19:30:03.509  INFO 1400 --- [    Test worker] o.s.s.web.DefaultSecurityFilterChain     : Will secure any request with [org.springframework.security.web.session.DisableEncodeUrlFilter@d15f98a, org.springframework.security.web.context.request.async.WebAsyncManagerIntegrationFilter@704c3ca2, org.springframework.security.web.context.SecurityContextPersistenceFilter@4867e76b, org.springframework.security.web.header.HeaderWriterFilter@214738c1, org.springframework.security.web.authentication.logout.LogoutFilter@60a3a0fa, org.springframework.security.web.savedrequest.RequestCacheAwareFilter@41cfcbb5, org.springframework.security.web.servletapi.SecurityContextHolderAwareRequestFilter@1660bba7, org.springframework.security.web.authentication.AnonymousAuthenticationFilter@7d3a9061, org.springframework.security.web.session.SessionManagementFilter@469caf69, org.springframework.security.web.access.ExceptionTranslationFilter@36deacfc]
2023-01-13 19:30:05.500  INFO 1400 --- [    Test worker] o.s.m.s.b.SimpleBrokerMessageHandler     : Starting...
2023-01-13 19:30:05.501  INFO 1400 --- [    Test worker] o.s.m.s.b.SimpleBrokerMessageHandler     : BrokerAvailabilityEvent[available=true, SimpleBrokerMessageHandler [org.springframework.messaging.simp.broker.DefaultSubscriptionRegistry@611d867]]
2023-01-13 19:30:05.502  INFO 1400 --- [    Test worker] o.s.m.s.b.SimpleBrokerMessageHandler     : Started.
2023-01-13 19:30:05.508  INFO 1400 --- [    Test worker] f.p.w.persistence.UserRepositoryJPATest  : Started UserRepositoryJPATest in 6.678 seconds (JVM running for 29.998)
Hibernate: insert into users (id, email, password, role, traders_id) values (default, ?, ?, ?, ?)
Hibernate: select userentity0_.id as id1_2_, userentity0_.email as email2_2_, userentity0_.password as password3_2_, userentity0_.role as role4_2_, userentity0_.traders_id as traders_5_2_ from users userentity0_ where userentity0_.email=?
2023-01-13 19:30:06.056  INFO 1400 --- [    Test worker] o.s.m.s.b.SimpleBrokerMessageHandler     : Stopping...
2023-01-13 19:30:06.057  INFO 1400 --- [    Test worker] o.s.m.s.b.SimpleBrokerMessageHandler     : BrokerAvailabilityEvent[available=false, SimpleBrokerMessageHandler [org.springframework.messaging.simp.broker.DefaultSubscriptionRegistry@611d867]]
2023-01-13 19:30:06.057  INFO 1400 --- [    Test worker] o.s.m.s.b.SimpleBrokerMessageHandler     : Stopped.
2023-01-13 19:30:06.059  INFO 1400 --- [    Test worker] j.LocalContainerEntityManagerFactoryBean : Closing JPA EntityManagerFactory for persistence unit 'default'
2023-01-13 19:30:06.060  INFO 1400 --- [    Test worker] com.zaxxer.hikari.HikariDataSource       : HikariPool-2 - Shutdown initiated...
2023-01-13 19:30:06.088  INFO 1400 --- [    Test worker] com.zaxxer.hikari.HikariDataSource       : HikariPool-2 - Shutdown completed.

  .   ____          _            __ _ _
 /\\ / ___'_ __ _ _(_)_ __  __ _ \ \ \ \
( ( )\___ | '_ | '_| | '_ \/ _` | \ \ \ \
 \\/  ___)| |_)| | | | | || (_| |  ) ) ) )
  '  |____| .__|_| |_|_| |_\__, | / / / /
 =========|_|==============|___/=/_/_/_/
 :: Spring Boot ::                (v2.7.3)

2023-01-13 19:30:06.169  WARN 1400 --- [    Test worker] ory$DuplicateJsonObjectContextCustomizer : 

Found multiple occurrences of org.json.JSONObject on the class path:

	jar:file:/C:/Users/35988/.gradle/caches/modules-2/files-2.1/org.json/json/20220924/5aa95e7688f76c664af205c5937620f02688dfbc/json-20220924.jar!/org/json/JSONObject.class
	jar:file:/C:/Users/35988/.gradle/caches/modules-2/files-2.1/com.vaadin.external.google/android-json/0.0.20131108.vaadin1/fa26d351fe62a6a17f5cda1287c1c6110dec413f/android-json-0.0.20131108.vaadin1.jar!/org/json/JSONObject.class

You may wish to exclude one of them to ensure predictable runtime behavior

2023-01-13 19:30:06.171  INFO 1400 --- [    Test worker] f.p.w.persistence.UserRepositoryJPATest  : Starting UserRepositoryJPATest using Java 17.0.4.1 on LAPTOP-COCCAVFD with PID 1400 (started by 35988 in C:\Users\35988\Desktop\uni\Software Engineering Semester 3\BitBy\bitby\plswork)
2023-01-13 19:30:06.171  INFO 1400 --- [    Test worker] f.p.w.persistence.UserRepositoryJPATest  : No active profile set, falling back to 1 default profile: "default"
2023-01-13 19:30:06.900  INFO 1400 --- [    Test worker] .s.d.r.c.RepositoryConfigurationDelegate : Bootstrapping Spring Data JPA repositories in DEFAULT mode.
2023-01-13 19:30:07.012  INFO 1400 --- [    Test worker] .s.d.r.c.RepositoryConfigurationDelegate : Finished Spring Data repository scanning in 111 ms. Found 3 JPA repository interfaces.
2023-01-13 19:30:07.183  INFO 1400 --- [    Test worker] trationDelegate$BeanPostProcessorChecker : Bean 'methodSecurityConfig' of type [fontys.pls.work.configuration.security.MethodSecurityConfig$$EnhancerBySpringCGLIB$$710307b0] is not eligible for getting processed by all BeanPostProcessors (for example: not eligible for auto-proxying)
2023-01-13 19:30:07.273  INFO 1400 --- [    Test worker] com.zaxxer.hikari.HikariDataSource       : HikariPool-3 - Starting...
2023-01-13 19:30:07.276  INFO 1400 --- [    Test worker] com.zaxxer.hikari.HikariDataSource       : HikariPool-3 - Start completed.
2023-01-13 19:30:07.277  INFO 1400 --- [    Test worker] o.f.c.i.database.base.BaseDatabaseType   : Database: jdbc:h2:mem:inmemorydb (H2 2.1)
2023-01-13 19:30:07.282  INFO 1400 --- [    Test worker] o.f.core.internal.command.DbValidate     : Successfully validated 1 migration (execution time 00:00.001s)
2023-01-13 19:30:07.284  INFO 1400 --- [    Test worker] o.f.c.i.s.JdbcTableSchemaHistory         : Creating Schema History table "PUBLIC"."flyway_schema_history" ...
2023-01-13 19:30:07.290  INFO 1400 --- [    Test worker] o.f.core.internal.command.DbMigrate      : Current version of schema "PUBLIC": << Empty Schema >>
2023-01-13 19:30:07.295  INFO 1400 --- [    Test worker] o.f.core.internal.command.DbMigrate      : Migrating schema "PUBLIC" to version "1 - InitialTables"
2023-01-13 19:30:07.304  INFO 1400 --- [    Test worker] o.f.core.internal.command.DbMigrate      : Successfully applied 1 migration to schema "PUBLIC", now at version v1 (execution time 00:00.014s)
2023-01-13 19:30:07.370  INFO 1400 --- [    Test worker] o.hibernate.jpa.internal.util.LogHelper  : HHH000204: Processing PersistenceUnitInfo [name: default]
2023-01-13 19:30:07.381  INFO 1400 --- [    Test worker] org.hibernate.dialect.Dialect            : HHH000400: Using dialect: org.hibernate.dialect.H2Dialect
2023-01-13 19:30:07.462  INFO 1400 --- [    Test worker] o.h.e.t.j.p.i.JtaPlatformInitiator       : HHH000490: Using JtaPlatform implementation: [org.hibernate.engine.transaction.jta.platform.internal.NoJtaPlatform]
2023-01-13 19:30:07.462  INFO 1400 --- [    Test worker] j.LocalContainerEntityManagerFactoryBean : Initialized JPA EntityManagerFactory for persistence unit 'default'
2023-01-13 19:30:08.337  WARN 1400 --- [    Test worker] .s.s.UserDetailsServiceAutoConfiguration : 

Using generated security password: 0566e216-01f3-494a-be48-61d76c9bd318

This generated password is for development use only. Your security configuration must be updated before running your application in production.

2023-01-13 19:30:08.442  INFO 1400 --- [    Test worker] o.s.s.web.DefaultSecurityFilterChain     : Will secure any request with [org.springframework.security.web.session.DisableEncodeUrlFilter@6820ab53, org.springframework.security.web.context.request.async.WebAsyncManagerIntegrationFilter@6d2d04ef, org.springframework.security.web.context.SecurityContextPersistenceFilter@2a0c9309, org.springframework.security.web.header.HeaderWriterFilter@5f53e698, org.springframework.security.web.authentication.logout.LogoutFilter@44d83a12, org.springframework.security.web.savedrequest.RequestCacheAwareFilter@22e94cf2, org.springframework.security.web.servletapi.SecurityContextHolderAwareRequestFilter@7f14bdd1, org.springframework.security.web.authentication.AnonymousAuthenticationFilter@6f939588, org.springframework.security.web.session.SessionManagementFilter@2438cc7e, org.springframework.security.web.access.ExceptionTranslationFilter@3fa695f5]
2023-01-13 19:30:10.368  INFO 1400 --- [    Test worker] o.s.m.s.b.SimpleBrokerMessageHandler     : Starting...
2023-01-13 19:30:10.368  INFO 1400 --- [    Test worker] o.s.m.s.b.SimpleBrokerMessageHandler     : BrokerAvailabilityEvent[available=true, SimpleBrokerMessageHandler [org.springframework.messaging.simp.broker.DefaultSubscriptionRegistry@160ecb8f]]
2023-01-13 19:30:10.370  INFO 1400 --- [    Test worker] o.s.m.s.b.SimpleBrokerMessageHandler     : Started.
2023-01-13 19:30:10.387  INFO 1400 --- [    Test worker] f.p.w.persistence.UserRepositoryJPATest  : Started UserRepositoryJPATest in 4.296 seconds (JVM running for 34.878)
Hibernate: insert into users (id, email, password, role, traders_id) values (default, ?, ?, ?, ?)
Hibernate: select userentity0_.id as id1_2_0_, userentity0_.email as email2_2_0_, userentity0_.password as password3_2_0_, userentity0_.role as role4_2_0_, userentity0_.traders_id as traders_5_2_0_ from users userentity0_ where userentity0_.id=?
]]></system-out>
  <system-err><![CDATA[]]></system-err>
</testsuite>
