<?xml version="1.0" encoding="UTF-8"?>
<testsuite name="fontys.pls.work.persistence.PositionRepositoryJPATest" tests="5" skipped="0" failures="0" errors="0" timestamp="2023-01-13T18:28:16" hostname="LAPTOP-COCCAVFD" time="31.53">
  <properties/>
  <testcase name="deleteById_shouldDeletePosition()" classname="fontys.pls.work.persistence.PositionRepositoryJPATest" time="11.166"/>
  <testcase name="find_shouldFindPositionById_WhenItExists()" classname="fontys.pls.work.persistence.PositionRepositoryJPATest" time="5.207"/>
  <testcase name="findAll_ShouldFindAllSavedPositions()" classname="fontys.pls.work.persistence.PositionRepositoryJPATest" time="4.959"/>
  <testcase name="find_shouldReturnOptionalEmpty_WhenPositionIsNotSaved()" classname="fontys.pls.work.persistence.PositionRepositoryJPATest" time="4.134"/>
  <testcase name="save_shouldSavePositionWithAllFields()" classname="fontys.pls.work.persistence.PositionRepositoryJPATest" time="6.049"/>
  <system-out><![CDATA[19:27:56.763 [Test worker] DEBUG org.springframework.test.context.BootstrapUtils - Instantiating CacheAwareContextLoaderDelegate from class [org.springframework.test.context.cache.DefaultCacheAwareContextLoaderDelegate]
19:27:56.789 [Test worker] DEBUG org.springframework.test.context.BootstrapUtils - Instantiating BootstrapContext using constructor [public org.springframework.test.context.support.DefaultBootstrapContext(java.lang.Class,org.springframework.test.context.CacheAwareContextLoaderDelegate)]
19:27:56.869 [Test worker] DEBUG org.springframework.test.context.BootstrapUtils - Instantiating TestContextBootstrapper for test class [fontys.pls.work.persistence.PositionRepositoryJPATest] from class [org.springframework.boot.test.context.SpringBootTestContextBootstrapper]
19:27:56.902 [Test worker] INFO org.springframework.boot.test.context.SpringBootTestContextBootstrapper - Neither @ContextConfiguration nor @ContextHierarchy found for test class [fontys.pls.work.persistence.PositionRepositoryJPATest], using SpringBootContextLoader
19:27:56.911 [Test worker] DEBUG org.springframework.test.context.support.AbstractContextLoader - Did not detect default resource location for test class [fontys.pls.work.persistence.PositionRepositoryJPATest]: class path resource [fontys/pls/work/persistence/PositionRepositoryJPATest-context.xml] does not exist
19:27:56.912 [Test worker] DEBUG org.springframework.test.context.support.AbstractContextLoader - Did not detect default resource location for test class [fontys.pls.work.persistence.PositionRepositoryJPATest]: class path resource [fontys/pls/work/persistence/PositionRepositoryJPATestContext.groovy] does not exist
19:27:56.913 [Test worker] INFO org.springframework.test.context.support.AbstractContextLoader - Could not detect default resource locations for test class [fontys.pls.work.persistence.PositionRepositoryJPATest]: no resource found for suffixes {-context.xml, Context.groovy}.
19:27:56.914 [Test worker] INFO org.springframework.test.context.support.AnnotationConfigContextLoaderUtils - Could not detect default configuration classes for test class [fontys.pls.work.persistence.PositionRepositoryJPATest]: PositionRepositoryJPATest does not declare any static, non-private, non-final, nested classes annotated with @Configuration.
19:27:57.022 [Test worker] DEBUG org.springframework.test.context.support.ActiveProfilesUtils - Could not find an 'annotation declaring class' for annotation type [org.springframework.test.context.ActiveProfiles] and class [fontys.pls.work.persistence.PositionRepositoryJPATest]
19:27:57.249 [Test worker] DEBUG org.springframework.context.annotation.ClassPathScanningCandidateComponentProvider - Identified candidate component class: file [C:\Users\35988\Desktop\uni\Software Engineering Semester 3\BitBy\bitby\plswork\build\classes\java\main\fontys\pls\work\plsworkApp.class]
19:27:57.252 [Test worker] INFO org.springframework.boot.test.context.SpringBootTestContextBootstrapper - Found @SpringBootConfiguration fontys.pls.work.plsworkApp for test class fontys.pls.work.persistence.PositionRepositoryJPATest
19:27:57.554 [Test worker] DEBUG org.springframework.boot.test.context.SpringBootTestContextBootstrapper - @TestExecutionListeners is not present for class [fontys.pls.work.persistence.PositionRepositoryJPATest]: using defaults.
19:27:57.555 [Test worker] INFO org.springframework.boot.test.context.SpringBootTestContextBootstrapper - Loaded default TestExecutionListener class names from location [META-INF/spring.factories]: [org.springframework.security.test.context.support.WithSecurityContextTestExecutionListener, org.springframework.security.test.context.support.ReactorContextTestExecutionListener, org.springframework.boot.test.autoconfigure.restdocs.RestDocsTestExecutionListener, org.springframework.boot.test.autoconfigure.web.client.MockRestServiceServerResetTestExecutionListener, org.springframework.boot.test.autoconfigure.web.servlet.MockMvcPrintOnlyOnFailureTestExecutionListener, org.springframework.boot.test.autoconfigure.web.servlet.WebDriverTestExecutionListener, org.springframework.boot.test.autoconfigure.webservices.client.MockWebServiceServerTestExecutionListener, org.springframework.boot.test.mock.mockito.MockitoTestExecutionListener, org.springframework.boot.test.mock.mockito.ResetMocksTestExecutionListener, org.springframework.test.context.web.ServletTestExecutionListener, org.springframework.test.context.support.DirtiesContextBeforeModesTestExecutionListener, org.springframework.test.context.event.ApplicationEventsTestExecutionListener, org.springframework.test.context.support.DependencyInjectionTestExecutionListener, org.springframework.test.context.support.DirtiesContextTestExecutionListener, org.springframework.test.context.transaction.TransactionalTestExecutionListener, org.springframework.test.context.jdbc.SqlScriptsTestExecutionListener, org.springframework.test.context.event.EventPublishingTestExecutionListener]
19:27:57.606 [Test worker] INFO org.springframework.boot.test.context.SpringBootTestContextBootstrapper - Using TestExecutionListeners: [org.springframework.test.context.web.ServletTestExecutionListener@3e2822, org.springframework.test.context.support.DirtiesContextBeforeModesTestExecutionListener@79e18e38, org.springframework.test.context.event.ApplicationEventsTestExecutionListener@29a60c27, org.springframework.boot.test.mock.mockito.MockitoTestExecutionListener@1849db1a, org.springframework.boot.test.autoconfigure.SpringBootDependencyInjectionTestExecutionListener@69c79f09, org.springframework.test.context.support.DirtiesContextTestExecutionListener@1ca25c47, org.springframework.test.context.transaction.TransactionalTestExecutionListener@5fcacc0, org.springframework.test.context.jdbc.SqlScriptsTestExecutionListener@533b266e, org.springframework.security.test.context.support.WithSecurityContextTestExecutionListener@6d1d4d7, org.springframework.test.context.event.EventPublishingTestExecutionListener@89ff02e, org.springframework.security.test.context.support.ReactorContextTestExecutionListener@6865c751, org.springframework.boot.test.autoconfigure.restdocs.RestDocsTestExecutionListener@62679465, org.springframework.boot.test.autoconfigure.web.client.MockRestServiceServerResetTestExecutionListener@6a988392, org.springframework.boot.test.autoconfigure.web.servlet.MockMvcPrintOnlyOnFailureTestExecutionListener@1d71006f, org.springframework.boot.test.autoconfigure.web.servlet.WebDriverTestExecutionListener@5b6813df, org.springframework.boot.test.autoconfigure.webservices.client.MockWebServiceServerTestExecutionListener@5f2606b, org.springframework.boot.test.mock.mockito.ResetMocksTestExecutionListener@2b58f754]
19:27:57.613 [Test worker] DEBUG org.springframework.test.context.support.AbstractDirtiesContextTestExecutionListener - Before test class: context [DefaultTestContext@495083a0 testClass = PositionRepositoryJPATest, testInstance = [null], testMethod = [null], testException = [null], mergedContextConfiguration = [WebMergedContextConfiguration@5fd62371 testClass = PositionRepositoryJPATest, locations = '{}', classes = '{class fontys.pls.work.plsworkApp}', contextInitializerClasses = '[]', activeProfiles = '{}', propertySourceLocations = '{}', propertySourceProperties = '{org.springframework.boot.test.context.SpringBootTestContextBootstrapper=true}', contextCustomizers = set[org.springframework.boot.test.autoconfigure.actuate.metrics.MetricsExportContextCustomizerFactory$DisableMetricExportContextCustomizer@46dffdc3, org.springframework.boot.test.autoconfigure.properties.PropertyMappingContextCustomizer@0, org.springframework.boot.test.autoconfigure.web.servlet.WebDriverContextCustomizerFactory$Customizer@512535ff, org.springframework.boot.test.context.filter.ExcludeFilterContextCustomizer@3f270e0a, org.springframework.boot.test.json.DuplicateJsonObjectContextCustomizerFactory$DuplicateJsonObjectContextCustomizer@5dcd8c7a, org.springframework.boot.test.mock.mockito.MockitoContextCustomizer@0, org.springframework.boot.test.web.client.TestRestTemplateContextCustomizer@43f82e78, org.springframework.boot.test.context.SpringBootTestArgs@1, org.springframework.boot.test.context.SpringBootTestWebEnvironment@7fee8714], resourceBasePath = 'src/main/webapp', contextLoader = 'org.springframework.boot.test.context.SpringBootContextLoader', parent = [null]], attributes = map['org.springframework.test.context.web.ServletTestExecutionListener.activateListener' -> true]], class annotated with @DirtiesContext [true] with mode [BEFORE_EACH_TEST_METHOD].

  .   ____          _            __ _ _
 /\\ / ___'_ __ _ _(_)_ __  __ _ \ \ \ \
( ( )\___ | '_ | '_| | '_ \/ _` | \ \ \ \
 \\/  ___)| |_)| | | | | || (_| |  ) ) ) )
  '  |____| .__|_| |_|_| |_\__, | / / / /
 =========|_|==============|___/=/_/_/_/
 :: Spring Boot ::                (v2.7.3)

2023-01-13 19:27:58.602  WARN 10288 --- [    Test worker] ory$DuplicateJsonObjectContextCustomizer : 

Found multiple occurrences of org.json.JSONObject on the class path:

	jar:file:/C:/Users/35988/.gradle/caches/modules-2/files-2.1/org.json/json/20220924/5aa95e7688f76c664af205c5937620f02688dfbc/json-20220924.jar!/org/json/JSONObject.class
	jar:file:/C:/Users/35988/.gradle/caches/modules-2/files-2.1/com.vaadin.external.google/android-json/0.0.20131108.vaadin1/fa26d351fe62a6a17f5cda1287c1c6110dec413f/android-json-0.0.20131108.vaadin1.jar!/org/json/JSONObject.class

You may wish to exclude one of them to ensure predictable runtime behavior

2023-01-13 19:27:58.636  INFO 10288 --- [    Test worker] f.p.w.p.PositionRepositoryJPATest        : Starting PositionRepositoryJPATest using Java 17.0.4.1 on LAPTOP-COCCAVFD with PID 10288 (started by 35988 in C:\Users\35988\Desktop\uni\Software Engineering Semester 3\BitBy\bitby\plswork)
2023-01-13 19:27:58.638  INFO 10288 --- [    Test worker] f.p.w.p.PositionRepositoryJPATest        : No active profile set, falling back to 1 default profile: "default"
2023-01-13 19:28:02.306  INFO 10288 --- [    Test worker] .s.d.r.c.RepositoryConfigurationDelegate : Bootstrapping Spring Data JPA repositories in DEFAULT mode.
2023-01-13 19:28:02.604  INFO 10288 --- [    Test worker] .s.d.r.c.RepositoryConfigurationDelegate : Finished Spring Data repository scanning in 280 ms. Found 3 JPA repository interfaces.
2023-01-13 19:28:03.792  INFO 10288 --- [    Test worker] trationDelegate$BeanPostProcessorChecker : Bean 'methodSecurityConfig' of type [fontys.pls.work.configuration.security.MethodSecurityConfig$$EnhancerBySpringCGLIB$$710307b0] is not eligible for getting processed by all BeanPostProcessors (for example: not eligible for auto-proxying)
2023-01-13 19:28:04.359  INFO 10288 --- [    Test worker] o.f.c.internal.license.VersionPrinter    : Flyway Community Edition 9.4.0 by Redgate
2023-01-13 19:28:04.360  INFO 10288 --- [    Test worker] o.f.c.internal.license.VersionPrinter    : See what's new here: https://flywaydb.org/documentation/learnmore/releaseNotes#9.4.0
2023-01-13 19:28:04.361  INFO 10288 --- [    Test worker] o.f.c.internal.license.VersionPrinter    : 
2023-01-13 19:28:04.383  INFO 10288 --- [    Test worker] com.zaxxer.hikari.HikariDataSource       : HikariPool-1 - Starting...
2023-01-13 19:28:04.906  INFO 10288 --- [    Test worker] com.zaxxer.hikari.HikariDataSource       : HikariPool-1 - Start completed.
2023-01-13 19:28:04.942  INFO 10288 --- [    Test worker] o.f.c.i.database.base.BaseDatabaseType   : Database: jdbc:h2:mem:inmemorydb (H2 2.1)
2023-01-13 19:28:05.098  INFO 10288 --- [    Test worker] o.f.core.internal.command.DbValidate     : Successfully validated 1 migration (execution time 00:00.034s)
2023-01-13 19:28:05.111  INFO 10288 --- [    Test worker] o.f.c.i.s.JdbcTableSchemaHistory         : Creating Schema History table "PUBLIC"."flyway_schema_history" ...
2023-01-13 19:28:05.176  INFO 10288 --- [    Test worker] o.f.core.internal.command.DbMigrate      : Current version of schema "PUBLIC": << Empty Schema >>
2023-01-13 19:28:05.195  INFO 10288 --- [    Test worker] o.f.core.internal.command.DbMigrate      : Migrating schema "PUBLIC" to version "1 - InitialTables"
2023-01-13 19:28:05.234  INFO 10288 --- [    Test worker] o.f.core.internal.command.DbMigrate      : Successfully applied 1 migration to schema "PUBLIC", now at version v1 (execution time 00:00.063s)
2023-01-13 19:28:05.553  INFO 10288 --- [    Test worker] o.hibernate.jpa.internal.util.LogHelper  : HHH000204: Processing PersistenceUnitInfo [name: default]
2023-01-13 19:28:05.763  INFO 10288 --- [    Test worker] org.hibernate.Version                    : HHH000412: Hibernate ORM core version 5.6.10.Final
2023-01-13 19:28:06.290  INFO 10288 --- [    Test worker] o.hibernate.annotations.common.Version   : HCANN000001: Hibernate Commons Annotations {5.1.2.Final}
2023-01-13 19:28:06.579  INFO 10288 --- [    Test worker] org.hibernate.dialect.Dialect            : HHH000400: Using dialect: org.hibernate.dialect.H2Dialect
2023-01-13 19:28:08.140  INFO 10288 --- [    Test worker] o.h.e.t.j.p.i.JtaPlatformInitiator       : HHH000490: Using JtaPlatform implementation: [org.hibernate.engine.transaction.jta.platform.internal.NoJtaPlatform]
2023-01-13 19:28:08.164  INFO 10288 --- [    Test worker] j.LocalContainerEntityManagerFactoryBean : Initialized JPA EntityManagerFactory for persistence unit 'default'
2023-01-13 19:28:12.259  WARN 10288 --- [    Test worker] .s.s.UserDetailsServiceAutoConfiguration : 

Using generated security password: ade8b2ae-f478-4776-8210-0bae8d434ddd

This generated password is for development use only. Your security configuration must be updated before running your application in production.

2023-01-13 19:28:12.755  INFO 10288 --- [    Test worker] o.s.s.web.DefaultSecurityFilterChain     : Will secure any request with [org.springframework.security.web.session.DisableEncodeUrlFilter@47184859, org.springframework.security.web.context.request.async.WebAsyncManagerIntegrationFilter@22781286, org.springframework.security.web.context.SecurityContextPersistenceFilter@505bc480, org.springframework.security.web.header.HeaderWriterFilter@fffb4a8, org.springframework.security.web.authentication.logout.LogoutFilter@5ca896af, org.springframework.security.web.savedrequest.RequestCacheAwareFilter@1018552d, org.springframework.security.web.servletapi.SecurityContextHolderAwareRequestFilter@2e729fea, org.springframework.security.web.authentication.AnonymousAuthenticationFilter@11564455, org.springframework.security.web.session.SessionManagementFilter@476a38d9, org.springframework.security.web.access.ExceptionTranslationFilter@30b2d267]
2023-01-13 19:28:16.598  INFO 10288 --- [    Test worker] o.s.m.s.b.SimpleBrokerMessageHandler     : Starting...
2023-01-13 19:28:16.599  INFO 10288 --- [    Test worker] o.s.m.s.b.SimpleBrokerMessageHandler     : BrokerAvailabilityEvent[available=true, SimpleBrokerMessageHandler [org.springframework.messaging.simp.broker.DefaultSubscriptionRegistry@3f679ce]]
2023-01-13 19:28:16.600  INFO 10288 --- [    Test worker] o.s.m.s.b.SimpleBrokerMessageHandler     : Started.
2023-01-13 19:28:16.620  INFO 10288 --- [    Test worker] f.p.w.p.PositionRepositoryJPATest        : Started PositionRepositoryJPATest in 18.912 seconds (JVM running for 21.941)
2023-01-13 19:28:16.765  INFO 10288 --- [    Test worker] o.s.m.s.b.SimpleBrokerMessageHandler     : Stopping...
2023-01-13 19:28:16.766  INFO 10288 --- [    Test worker] o.s.m.s.b.SimpleBrokerMessageHandler     : BrokerAvailabilityEvent[available=false, SimpleBrokerMessageHandler [org.springframework.messaging.simp.broker.DefaultSubscriptionRegistry@3f679ce]]
2023-01-13 19:28:16.767  INFO 10288 --- [    Test worker] o.s.m.s.b.SimpleBrokerMessageHandler     : Stopped.
2023-01-13 19:28:16.786  INFO 10288 --- [    Test worker] j.LocalContainerEntityManagerFactoryBean : Closing JPA EntityManagerFactory for persistence unit 'default'
2023-01-13 19:28:16.809  INFO 10288 --- [    Test worker] com.zaxxer.hikari.HikariDataSource       : HikariPool-1 - Shutdown initiated...
2023-01-13 19:28:16.838  INFO 10288 --- [    Test worker] com.zaxxer.hikari.HikariDataSource       : HikariPool-1 - Shutdown completed.

  .   ____          _            __ _ _
 /\\ / ___'_ __ _ _(_)_ __  __ _ \ \ \ \
( ( )\___ | '_ | '_| | '_ \/ _` | \ \ \ \
 \\/  ___)| |_)| | | | | || (_| |  ) ) ) )
  '  |____| .__|_| |_|_| |_\__, | / / / /
 =========|_|==============|___/=/_/_/_/
 :: Spring Boot ::                (v2.7.3)

2023-01-13 19:28:17.174  WARN 10288 --- [    Test worker] ory$DuplicateJsonObjectContextCustomizer : 

Found multiple occurrences of org.json.JSONObject on the class path:

	jar:file:/C:/Users/35988/.gradle/caches/modules-2/files-2.1/org.json/json/20220924/5aa95e7688f76c664af205c5937620f02688dfbc/json-20220924.jar!/org/json/JSONObject.class
	jar:file:/C:/Users/35988/.gradle/caches/modules-2/files-2.1/com.vaadin.external.google/android-json/0.0.20131108.vaadin1/fa26d351fe62a6a17f5cda1287c1c6110dec413f/android-json-0.0.20131108.vaadin1.jar!/org/json/JSONObject.class

You may wish to exclude one of them to ensure predictable runtime behavior

2023-01-13 19:28:17.195  INFO 10288 --- [    Test worker] f.p.w.p.PositionRepositoryJPATest        : Starting PositionRepositoryJPATest using Java 17.0.4.1 on LAPTOP-COCCAVFD with PID 10288 (started by 35988 in C:\Users\35988\Desktop\uni\Software Engineering Semester 3\BitBy\bitby\plswork)
2023-01-13 19:28:17.196  INFO 10288 --- [    Test worker] f.p.w.p.PositionRepositoryJPATest        : No active profile set, falling back to 1 default profile: "default"
2023-01-13 19:28:18.612  INFO 10288 --- [    Test worker] .s.d.r.c.RepositoryConfigurationDelegate : Bootstrapping Spring Data JPA repositories in DEFAULT mode.
2023-01-13 19:28:19.021  INFO 10288 --- [    Test worker] .s.d.r.c.RepositoryConfigurationDelegate : Finished Spring Data repository scanning in 407 ms. Found 3 JPA repository interfaces.
2023-01-13 19:28:19.507  INFO 10288 --- [    Test worker] trationDelegate$BeanPostProcessorChecker : Bean 'methodSecurityConfig' of type [fontys.pls.work.configuration.security.MethodSecurityConfig$$EnhancerBySpringCGLIB$$710307b0] is not eligible for getting processed by all BeanPostProcessors (for example: not eligible for auto-proxying)
2023-01-13 19:28:19.728  INFO 10288 --- [    Test worker] com.zaxxer.hikari.HikariDataSource       : HikariPool-2 - Starting...
2023-01-13 19:28:19.733  INFO 10288 --- [    Test worker] com.zaxxer.hikari.HikariDataSource       : HikariPool-2 - Start completed.
2023-01-13 19:28:19.735  INFO 10288 --- [    Test worker] o.f.c.i.database.base.BaseDatabaseType   : Database: jdbc:h2:mem:inmemorydb (H2 2.1)
2023-01-13 19:28:19.746  INFO 10288 --- [    Test worker] o.f.core.internal.command.DbValidate     : Successfully validated 1 migration (execution time 00:00.003s)
2023-01-13 19:28:19.749  INFO 10288 --- [    Test worker] o.f.c.i.s.JdbcTableSchemaHistory         : Creating Schema History table "PUBLIC"."flyway_schema_history" ...
2023-01-13 19:28:19.866  INFO 10288 --- [    Test worker] o.f.core.internal.command.DbMigrate      : Current version of schema "PUBLIC": << Empty Schema >>
2023-01-13 19:28:19.919  INFO 10288 --- [    Test worker] o.f.core.internal.command.DbMigrate      : Migrating schema "PUBLIC" to version "1 - InitialTables"
2023-01-13 19:28:19.935  INFO 10288 --- [    Test worker] o.f.core.internal.command.DbMigrate      : Successfully applied 1 migration to schema "PUBLIC", now at version v1 (execution time 00:00.136s)
2023-01-13 19:28:20.100  INFO 10288 --- [    Test worker] o.hibernate.jpa.internal.util.LogHelper  : HHH000204: Processing PersistenceUnitInfo [name: default]
2023-01-13 19:28:20.127  INFO 10288 --- [    Test worker] org.hibernate.dialect.Dialect            : HHH000400: Using dialect: org.hibernate.dialect.H2Dialect
2023-01-13 19:28:20.466  INFO 10288 --- [    Test worker] o.h.e.t.j.p.i.JtaPlatformInitiator       : HHH000490: Using JtaPlatform implementation: [org.hibernate.engine.transaction.jta.platform.internal.NoJtaPlatform]
2023-01-13 19:28:20.468  INFO 10288 --- [    Test worker] j.LocalContainerEntityManagerFactoryBean : Initialized JPA EntityManagerFactory for persistence unit 'default'
2023-01-13 19:28:23.068  WARN 10288 --- [    Test worker] .s.s.UserDetailsServiceAutoConfiguration : 

Using generated security password: 71c88297-ceba-4865-95d4-4ac102d1e265

This generated password is for development use only. Your security configuration must be updated before running your application in production.

2023-01-13 19:28:23.250  INFO 10288 --- [    Test worker] o.s.s.web.DefaultSecurityFilterChain     : Will secure any request with [org.springframework.security.web.session.DisableEncodeUrlFilter@7d3a9061, org.springframework.security.web.context.request.async.WebAsyncManagerIntegrationFilter@2a2f7a61, org.springframework.security.web.context.SecurityContextPersistenceFilter@1d628a88, org.springframework.security.web.header.HeaderWriterFilter@7aac05e2, org.springframework.security.web.authentication.logout.LogoutFilter@27aa700, org.springframework.security.web.savedrequest.RequestCacheAwareFilter@3b42d7df, org.springframework.security.web.servletapi.SecurityContextHolderAwareRequestFilter@49e3b86b, org.springframework.security.web.authentication.AnonymousAuthenticationFilter@8d40f07, org.springframework.security.web.session.SessionManagementFilter@527e6bd3, org.springframework.security.web.access.ExceptionTranslationFilter@78167]
2023-01-13 19:28:27.200  INFO 10288 --- [    Test worker] o.s.m.s.b.SimpleBrokerMessageHandler     : Starting...
2023-01-13 19:28:27.202  INFO 10288 --- [    Test worker] o.s.m.s.b.SimpleBrokerMessageHandler     : BrokerAvailabilityEvent[available=true, SimpleBrokerMessageHandler [org.springframework.messaging.simp.broker.DefaultSubscriptionRegistry@112d94d]]
2023-01-13 19:28:27.202  INFO 10288 --- [    Test worker] o.s.m.s.b.SimpleBrokerMessageHandler     : Started.
2023-01-13 19:28:27.209  INFO 10288 --- [    Test worker] f.p.w.p.PositionRepositoryJPATest        : Started PositionRepositoryJPATest in 10.364 seconds (JVM running for 32.531)
Hibernate: select traderenti0_.id as id1_1_0_, traderenti0_.card_cvv as card_cvv2_1_0_, traderenti0_.card_number as card_num3_1_0_, traderenti0_.card_valid_thru as card_val4_1_0_, traderenti0_.email as email5_1_0_, traderenti0_.funds as funds6_1_0_, traderenti0_.name_on_card as name_on_7_1_0_, traderenti0_.password as password8_1_0_, traderenti0_.realized_pnl as realized9_1_0_, traderenti0_.traded_volume as traded_10_1_0_ from traders traderenti0_ where traderenti0_.id=?
Hibernate: insert into traders (id, card_cvv, card_number, card_valid_thru, email, funds, name_on_card, password, realized_pnl, traded_volume) values (default, ?, ?, ?, ?, ?, ?, ?, ?, ?)
Hibernate: select positionen0_.id as id1_0_0_, positionen0_.change_in_price as change_i2_0_0_, positionen0_.entry_price as entry_pr3_0_0_, positionen0_.liquidation_price as liquidat4_0_0_, positionen0_.position_type as position5_0_0_, positionen0_.traders_id as traders_7_0_0_, positionen0_.val as val6_0_0_ from positions positionen0_ where positionen0_.id=?
Hibernate: select traderenti0_.id as id1_1_0_, traderenti0_.card_cvv as card_cvv2_1_0_, traderenti0_.card_number as card_num3_1_0_, traderenti0_.card_valid_thru as card_val4_1_0_, traderenti0_.email as email5_1_0_, traderenti0_.funds as funds6_1_0_, traderenti0_.name_on_card as name_on_7_1_0_, traderenti0_.password as password8_1_0_, traderenti0_.realized_pnl as realized9_1_0_, traderenti0_.traded_volume as traded_10_1_0_ from traders traderenti0_ where traderenti0_.id=?
Hibernate: insert into positions (id, change_in_price, entry_price, liquidation_price, position_type, traders_id, val) values (default, ?, ?, ?, ?, ?, ?)
Hibernate: select positionen0_.id as id1_0_0_, positionen0_.change_in_price as change_i2_0_0_, positionen0_.entry_price as entry_pr3_0_0_, positionen0_.liquidation_price as liquidat4_0_0_, positionen0_.position_type as position5_0_0_, positionen0_.traders_id as traders_7_0_0_, positionen0_.val as val6_0_0_, traderenti1_.id as id1_1_1_, traderenti1_.card_cvv as card_cvv2_1_1_, traderenti1_.card_number as card_num3_1_1_, traderenti1_.card_valid_thru as card_val4_1_1_, traderenti1_.email as email5_1_1_, traderenti1_.funds as funds6_1_1_, traderenti1_.name_on_card as name_on_7_1_1_, traderenti1_.password as password8_1_1_, traderenti1_.realized_pnl as realized9_1_1_, traderenti1_.traded_volume as traded_10_1_1_ from positions positionen0_ left outer join traders traderenti1_ on positionen0_.traders_id=traderenti1_.id where positionen0_.id=?
Hibernate: delete from positions where id=?
Hibernate: select positionen0_.id as id1_0_0_, positionen0_.change_in_price as change_i2_0_0_, positionen0_.entry_price as entry_pr3_0_0_, positionen0_.liquidation_price as liquidat4_0_0_, positionen0_.position_type as position5_0_0_, positionen0_.traders_id as traders_7_0_0_, positionen0_.val as val6_0_0_, traderenti1_.id as id1_1_1_, traderenti1_.card_cvv as card_cvv2_1_1_, traderenti1_.card_number as card_num3_1_1_, traderenti1_.card_valid_thru as card_val4_1_1_, traderenti1_.email as email5_1_1_, traderenti1_.funds as funds6_1_1_, traderenti1_.name_on_card as name_on_7_1_1_, traderenti1_.password as password8_1_1_, traderenti1_.realized_pnl as realized9_1_1_, traderenti1_.traded_volume as traded_10_1_1_ from positions positionen0_ left outer join traders traderenti1_ on positionen0_.traders_id=traderenti1_.id where positionen0_.id=?
2023-01-13 19:28:27.929  INFO 10288 --- [    Test worker] o.s.m.s.b.SimpleBrokerMessageHandler     : Stopping...
2023-01-13 19:28:27.929  INFO 10288 --- [    Test worker] o.s.m.s.b.SimpleBrokerMessageHandler     : BrokerAvailabilityEvent[available=false, SimpleBrokerMessageHandler [org.springframework.messaging.simp.broker.DefaultSubscriptionRegistry@112d94d]]
2023-01-13 19:28:27.929  INFO 10288 --- [    Test worker] o.s.m.s.b.SimpleBrokerMessageHandler     : Stopped.
2023-01-13 19:28:27.933  INFO 10288 --- [    Test worker] j.LocalContainerEntityManagerFactoryBean : Closing JPA EntityManagerFactory for persistence unit 'default'
2023-01-13 19:28:27.935  INFO 10288 --- [    Test worker] com.zaxxer.hikari.HikariDataSource       : HikariPool-2 - Shutdown initiated...
2023-01-13 19:28:27.939  INFO 10288 --- [    Test worker] com.zaxxer.hikari.HikariDataSource       : HikariPool-2 - Shutdown completed.

  .   ____          _            __ _ _
 /\\ / ___'_ __ _ _(_)_ __  __ _ \ \ \ \
( ( )\___ | '_ | '_| | '_ \/ _` | \ \ \ \
 \\/  ___)| |_)| | | | | || (_| |  ) ) ) )
  '  |____| .__|_| |_|_| |_\__, | / / / /
 =========|_|==============|___/=/_/_/_/
 :: Spring Boot ::                (v2.7.3)

2023-01-13 19:28:28.093  WARN 10288 --- [    Test worker] ory$DuplicateJsonObjectContextCustomizer : 

Found multiple occurrences of org.json.JSONObject on the class path:

	jar:file:/C:/Users/35988/.gradle/caches/modules-2/files-2.1/org.json/json/20220924/5aa95e7688f76c664af205c5937620f02688dfbc/json-20220924.jar!/org/json/JSONObject.class
	jar:file:/C:/Users/35988/.gradle/caches/modules-2/files-2.1/com.vaadin.external.google/android-json/0.0.20131108.vaadin1/fa26d351fe62a6a17f5cda1287c1c6110dec413f/android-json-0.0.20131108.vaadin1.jar!/org/json/JSONObject.class

You may wish to exclude one of them to ensure predictable runtime behavior

2023-01-13 19:28:28.180  INFO 10288 --- [    Test worker] f.p.w.p.PositionRepositoryJPATest        : Starting PositionRepositoryJPATest using Java 17.0.4.1 on LAPTOP-COCCAVFD with PID 10288 (started by 35988 in C:\Users\35988\Desktop\uni\Software Engineering Semester 3\BitBy\bitby\plswork)
2023-01-13 19:28:28.182  INFO 10288 --- [    Test worker] f.p.w.p.PositionRepositoryJPATest        : No active profile set, falling back to 1 default profile: "default"
2023-01-13 19:28:29.181  INFO 10288 --- [    Test worker] .s.d.r.c.RepositoryConfigurationDelegate : Bootstrapping Spring Data JPA repositories in DEFAULT mode.
2023-01-13 19:28:29.416  INFO 10288 --- [    Test worker] .s.d.r.c.RepositoryConfigurationDelegate : Finished Spring Data repository scanning in 233 ms. Found 3 JPA repository interfaces.
2023-01-13 19:28:29.611  INFO 10288 --- [    Test worker] trationDelegate$BeanPostProcessorChecker : Bean 'methodSecurityConfig' of type [fontys.pls.work.configuration.security.MethodSecurityConfig$$EnhancerBySpringCGLIB$$710307b0] is not eligible for getting processed by all BeanPostProcessors (for example: not eligible for auto-proxying)
2023-01-13 19:28:29.735  INFO 10288 --- [    Test worker] com.zaxxer.hikari.HikariDataSource       : HikariPool-3 - Starting...
2023-01-13 19:28:29.738  INFO 10288 --- [    Test worker] com.zaxxer.hikari.HikariDataSource       : HikariPool-3 - Start completed.
2023-01-13 19:28:29.739  INFO 10288 --- [    Test worker] o.f.c.i.database.base.BaseDatabaseType   : Database: jdbc:h2:mem:inmemorydb (H2 2.1)
2023-01-13 19:28:29.747  INFO 10288 --- [    Test worker] o.f.core.internal.command.DbValidate     : Successfully validated 1 migration (execution time 00:00.002s)
2023-01-13 19:28:29.749  INFO 10288 --- [    Test worker] o.f.c.i.s.JdbcTableSchemaHistory         : Creating Schema History table "PUBLIC"."flyway_schema_history" ...
2023-01-13 19:28:29.757  INFO 10288 --- [    Test worker] o.f.core.internal.command.DbMigrate      : Current version of schema "PUBLIC": << Empty Schema >>
2023-01-13 19:28:29.765  INFO 10288 --- [    Test worker] o.f.core.internal.command.DbMigrate      : Migrating schema "PUBLIC" to version "1 - InitialTables"
2023-01-13 19:28:29.778  INFO 10288 --- [    Test worker] o.f.core.internal.command.DbMigrate      : Successfully applied 1 migration to schema "PUBLIC", now at version v1 (execution time 00:00.021s)
2023-01-13 19:28:29.865  INFO 10288 --- [    Test worker] o.hibernate.jpa.internal.util.LogHelper  : HHH000204: Processing PersistenceUnitInfo [name: default]
2023-01-13 19:28:29.881  INFO 10288 --- [    Test worker] org.hibernate.dialect.Dialect            : HHH000400: Using dialect: org.hibernate.dialect.H2Dialect
2023-01-13 19:28:29.992  INFO 10288 --- [    Test worker] o.h.e.t.j.p.i.JtaPlatformInitiator       : HHH000490: Using JtaPlatform implementation: [org.hibernate.engine.transaction.jta.platform.internal.NoJtaPlatform]
2023-01-13 19:28:29.993  INFO 10288 --- [    Test worker] j.LocalContainerEntityManagerFactoryBean : Initialized JPA EntityManagerFactory for persistence unit 'default'
2023-01-13 19:28:31.367  WARN 10288 --- [    Test worker] .s.s.UserDetailsServiceAutoConfiguration : 

Using generated security password: 9f1903a6-0c30-4a4f-83e6-8ffb3e7563a1

This generated password is for development use only. Your security configuration must be updated before running your application in production.

2023-01-13 19:28:31.505  INFO 10288 --- [    Test worker] o.s.s.web.DefaultSecurityFilterChain     : Will secure any request with [org.springframework.security.web.session.DisableEncodeUrlFilter@2abb4810, org.springframework.security.web.context.request.async.WebAsyncManagerIntegrationFilter@44d83a12, org.springframework.security.web.context.SecurityContextPersistenceFilter@626ed5f0, org.springframework.security.web.header.HeaderWriterFilter@79e2bc7d, org.springframework.security.web.authentication.logout.LogoutFilter@a9c923f, org.springframework.security.web.savedrequest.RequestCacheAwareFilter@7c1e569, org.springframework.security.web.servletapi.SecurityContextHolderAwareRequestFilter@2a8b1e67, org.springframework.security.web.authentication.AnonymousAuthenticationFilter@7fbfb062, org.springframework.security.web.session.SessionManagementFilter@333ea5d6, org.springframework.security.web.access.ExceptionTranslationFilter@57a22410]
2023-01-13 19:28:33.082  INFO 10288 --- [    Test worker] o.s.m.s.b.SimpleBrokerMessageHandler     : Starting...
2023-01-13 19:28:33.082  INFO 10288 --- [    Test worker] o.s.m.s.b.SimpleBrokerMessageHandler     : BrokerAvailabilityEvent[available=true, SimpleBrokerMessageHandler [org.springframework.messaging.simp.broker.DefaultSubscriptionRegistry@29726180]]
2023-01-13 19:28:33.083  INFO 10288 --- [    Test worker] o.s.m.s.b.SimpleBrokerMessageHandler     : Started.
2023-01-13 19:28:33.086  INFO 10288 --- [    Test worker] f.p.w.p.PositionRepositoryJPATest        : Started PositionRepositoryJPATest in 5.144 seconds (JVM running for 38.408)
Hibernate: select traderenti0_.id as id1_1_0_, traderenti0_.card_cvv as card_cvv2_1_0_, traderenti0_.card_number as card_num3_1_0_, traderenti0_.card_valid_thru as card_val4_1_0_, traderenti0_.email as email5_1_0_, traderenti0_.funds as funds6_1_0_, traderenti0_.name_on_card as name_on_7_1_0_, traderenti0_.password as password8_1_0_, traderenti0_.realized_pnl as realized9_1_0_, traderenti0_.traded_volume as traded_10_1_0_ from traders traderenti0_ where traderenti0_.id=?
Hibernate: insert into traders (id, card_cvv, card_number, card_valid_thru, email, funds, name_on_card, password, realized_pnl, traded_volume) values (default, ?, ?, ?, ?, ?, ?, ?, ?, ?)
Hibernate: insert into positions (id, change_in_price, entry_price, liquidation_price, position_type, traders_id, val) values (default, ?, ?, ?, ?, ?, ?)
Hibernate: select positionen0_.id as id1_0_0_, positionen0_.change_in_price as change_i2_0_0_, positionen0_.entry_price as entry_pr3_0_0_, positionen0_.liquidation_price as liquidat4_0_0_, positionen0_.position_type as position5_0_0_, positionen0_.traders_id as traders_7_0_0_, positionen0_.val as val6_0_0_, traderenti1_.id as id1_1_1_, traderenti1_.card_cvv as card_cvv2_1_1_, traderenti1_.card_number as card_num3_1_1_, traderenti1_.card_valid_thru as card_val4_1_1_, traderenti1_.email as email5_1_1_, traderenti1_.funds as funds6_1_1_, traderenti1_.name_on_card as name_on_7_1_1_, traderenti1_.password as password8_1_1_, traderenti1_.realized_pnl as realized9_1_1_, traderenti1_.traded_volume as traded_10_1_1_ from positions positionen0_ left outer join traders traderenti1_ on positionen0_.traders_id=traderenti1_.id where positionen0_.id=?
2023-01-13 19:28:33.138  INFO 10288 --- [    Test worker] o.s.m.s.b.SimpleBrokerMessageHandler     : Stopping...
2023-01-13 19:28:33.139  INFO 10288 --- [    Test worker] o.s.m.s.b.SimpleBrokerMessageHandler     : BrokerAvailabilityEvent[available=false, SimpleBrokerMessageHandler [org.springframework.messaging.simp.broker.DefaultSubscriptionRegistry@29726180]]
2023-01-13 19:28:33.139  INFO 10288 --- [    Test worker] o.s.m.s.b.SimpleBrokerMessageHandler     : Stopped.
2023-01-13 19:28:33.142  INFO 10288 --- [    Test worker] j.LocalContainerEntityManagerFactoryBean : Closing JPA EntityManagerFactory for persistence unit 'default'
2023-01-13 19:28:33.143  INFO 10288 --- [    Test worker] com.zaxxer.hikari.HikariDataSource       : HikariPool-3 - Shutdown initiated...
2023-01-13 19:28:33.147  INFO 10288 --- [    Test worker] com.zaxxer.hikari.HikariDataSource       : HikariPool-3 - Shutdown completed.

  .   ____          _            __ _ _
 /\\ / ___'_ __ _ _(_)_ __  __ _ \ \ \ \
( ( )\___ | '_ | '_| | '_ \/ _` | \ \ \ \
 \\/  ___)| |_)| | | | | || (_| |  ) ) ) )
  '  |____| .__|_| |_|_| |_\__, | / / / /
 =========|_|==============|___/=/_/_/_/
 :: Spring Boot ::                (v2.7.3)

2023-01-13 19:28:33.241  WARN 10288 --- [    Test worker] ory$DuplicateJsonObjectContextCustomizer : 

Found multiple occurrences of org.json.JSONObject on the class path:

	jar:file:/C:/Users/35988/.gradle/caches/modules-2/files-2.1/org.json/json/20220924/5aa95e7688f76c664af205c5937620f02688dfbc/json-20220924.jar!/org/json/JSONObject.class
	jar:file:/C:/Users/35988/.gradle/caches/modules-2/files-2.1/com.vaadin.external.google/android-json/0.0.20131108.vaadin1/fa26d351fe62a6a17f5cda1287c1c6110dec413f/android-json-0.0.20131108.vaadin1.jar!/org/json/JSONObject.class

You may wish to exclude one of them to ensure predictable runtime behavior

2023-01-13 19:28:33.244  INFO 10288 --- [    Test worker] f.p.w.p.PositionRepositoryJPATest        : Starting PositionRepositoryJPATest using Java 17.0.4.1 on LAPTOP-COCCAVFD with PID 10288 (started by 35988 in C:\Users\35988\Desktop\uni\Software Engineering Semester 3\BitBy\bitby\plswork)
2023-01-13 19:28:33.245  INFO 10288 --- [    Test worker] f.p.w.p.PositionRepositoryJPATest        : No active profile set, falling back to 1 default profile: "default"
2023-01-13 19:28:34.044  INFO 10288 --- [    Test worker] .s.d.r.c.RepositoryConfigurationDelegate : Bootstrapping Spring Data JPA repositories in DEFAULT mode.
2023-01-13 19:28:34.154  INFO 10288 --- [    Test worker] .s.d.r.c.RepositoryConfigurationDelegate : Finished Spring Data repository scanning in 108 ms. Found 3 JPA repository interfaces.
2023-01-13 19:28:34.356  INFO 10288 --- [    Test worker] trationDelegate$BeanPostProcessorChecker : Bean 'methodSecurityConfig' of type [fontys.pls.work.configuration.security.MethodSecurityConfig$$EnhancerBySpringCGLIB$$710307b0] is not eligible for getting processed by all BeanPostProcessors (for example: not eligible for auto-proxying)
2023-01-13 19:28:34.493  INFO 10288 --- [    Test worker] com.zaxxer.hikari.HikariDataSource       : HikariPool-4 - Starting...
2023-01-13 19:28:34.497  INFO 10288 --- [    Test worker] com.zaxxer.hikari.HikariDataSource       : HikariPool-4 - Start completed.
2023-01-13 19:28:34.498  INFO 10288 --- [    Test worker] o.f.c.i.database.base.BaseDatabaseType   : Database: jdbc:h2:mem:inmemorydb (H2 2.1)
2023-01-13 19:28:34.507  INFO 10288 --- [    Test worker] o.f.core.internal.command.DbValidate     : Successfully validated 1 migration (execution time 00:00.002s)
2023-01-13 19:28:34.510  INFO 10288 --- [    Test worker] o.f.c.i.s.JdbcTableSchemaHistory         : Creating Schema History table "PUBLIC"."flyway_schema_history" ...
2023-01-13 19:28:34.521  INFO 10288 --- [    Test worker] o.f.core.internal.command.DbMigrate      : Current version of schema "PUBLIC": << Empty Schema >>
2023-01-13 19:28:34.526  INFO 10288 --- [    Test worker] o.f.core.internal.command.DbMigrate      : Migrating schema "PUBLIC" to version "1 - InitialTables"
2023-01-13 19:28:34.539  INFO 10288 --- [    Test worker] o.f.core.internal.command.DbMigrate      : Successfully applied 1 migration to schema "PUBLIC", now at version v1 (execution time 00:00.020s)
2023-01-13 19:28:34.632  INFO 10288 --- [    Test worker] o.hibernate.jpa.internal.util.LogHelper  : HHH000204: Processing PersistenceUnitInfo [name: default]
2023-01-13 19:28:34.649  INFO 10288 --- [    Test worker] org.hibernate.dialect.Dialect            : HHH000400: Using dialect: org.hibernate.dialect.H2Dialect
2023-01-13 19:28:34.762  INFO 10288 --- [    Test worker] o.h.e.t.j.p.i.JtaPlatformInitiator       : HHH000490: Using JtaPlatform implementation: [org.hibernate.engine.transaction.jta.platform.internal.NoJtaPlatform]
2023-01-13 19:28:34.763  INFO 10288 --- [    Test worker] j.LocalContainerEntityManagerFactoryBean : Initialized JPA EntityManagerFactory for persistence unit 'default'
2023-01-13 19:28:36.020  WARN 10288 --- [    Test worker] .s.s.UserDetailsServiceAutoConfiguration : 

Using generated security password: 0ef516cf-1a1a-455d-9ec4-9f415b792d99

This generated password is for development use only. Your security configuration must be updated before running your application in production.

2023-01-13 19:28:36.173  INFO 10288 --- [    Test worker] o.s.s.web.DefaultSecurityFilterChain     : Will secure any request with [org.springframework.security.web.session.DisableEncodeUrlFilter@4127f82a, org.springframework.security.web.context.request.async.WebAsyncManagerIntegrationFilter@550d3cd7, org.springframework.security.web.context.SecurityContextPersistenceFilter@8936d23, org.springframework.security.web.header.HeaderWriterFilter@43eb581d, org.springframework.security.web.authentication.logout.LogoutFilter@696faa2b, org.springframework.security.web.savedrequest.RequestCacheAwareFilter@642bfa5e, org.springframework.security.web.servletapi.SecurityContextHolderAwareRequestFilter@11514c77, org.springframework.security.web.authentication.AnonymousAuthenticationFilter@4e3931, org.springframework.security.web.session.SessionManagementFilter@5e04bfe5, org.springframework.security.web.access.ExceptionTranslationFilter@e0dc940]
2023-01-13 19:28:38.035  INFO 10288 --- [    Test worker] o.s.m.s.b.SimpleBrokerMessageHandler     : Starting...
2023-01-13 19:28:38.035  INFO 10288 --- [    Test worker] o.s.m.s.b.SimpleBrokerMessageHandler     : BrokerAvailabilityEvent[available=true, SimpleBrokerMessageHandler [org.springframework.messaging.simp.broker.DefaultSubscriptionRegistry@45339f9]]
2023-01-13 19:28:38.036  INFO 10288 --- [    Test worker] o.s.m.s.b.SimpleBrokerMessageHandler     : Started.
2023-01-13 19:28:38.042  INFO 10288 --- [    Test worker] f.p.w.p.PositionRepositoryJPATest        : Started PositionRepositoryJPATest in 4.891 seconds (JVM running for 43.364)
Hibernate: select traderenti0_.id as id1_1_0_, traderenti0_.card_cvv as card_cvv2_1_0_, traderenti0_.card_number as card_num3_1_0_, traderenti0_.card_valid_thru as card_val4_1_0_, traderenti0_.email as email5_1_0_, traderenti0_.funds as funds6_1_0_, traderenti0_.name_on_card as name_on_7_1_0_, traderenti0_.password as password8_1_0_, traderenti0_.realized_pnl as realized9_1_0_, traderenti0_.traded_volume as traded_10_1_0_ from traders traderenti0_ where traderenti0_.id=?
Hibernate: insert into traders (id, card_cvv, card_number, card_valid_thru, email, funds, name_on_card, password, realized_pnl, traded_volume) values (default, ?, ?, ?, ?, ?, ?, ?, ?, ?)
Hibernate: insert into positions (id, change_in_price, entry_price, liquidation_price, position_type, traders_id, val) values (default, ?, ?, ?, ?, ?, ?)
Hibernate: insert into positions (id, change_in_price, entry_price, liquidation_price, position_type, traders_id, val) values (default, ?, ?, ?, ?, ?, ?)
Hibernate: select positionen0_.id as id1_0_, positionen0_.change_in_price as change_i2_0_, positionen0_.entry_price as entry_pr3_0_, positionen0_.liquidation_price as liquidat4_0_, positionen0_.position_type as position5_0_, positionen0_.traders_id as traders_7_0_, positionen0_.val as val6_0_ from positions positionen0_
Hibernate: select traderenti0_.id as id1_1_0_, traderenti0_.card_cvv as card_cvv2_1_0_, traderenti0_.card_number as card_num3_1_0_, traderenti0_.card_valid_thru as card_val4_1_0_, traderenti0_.email as email5_1_0_, traderenti0_.funds as funds6_1_0_, traderenti0_.name_on_card as name_on_7_1_0_, traderenti0_.password as password8_1_0_, traderenti0_.realized_pnl as realized9_1_0_, traderenti0_.traded_volume as traded_10_1_0_ from traders traderenti0_ where traderenti0_.id=?
2023-01-13 19:28:38.096  INFO 10288 --- [    Test worker] o.s.m.s.b.SimpleBrokerMessageHandler     : Stopping...
2023-01-13 19:28:38.097  INFO 10288 --- [    Test worker] o.s.m.s.b.SimpleBrokerMessageHandler     : BrokerAvailabilityEvent[available=false, SimpleBrokerMessageHandler [org.springframework.messaging.simp.broker.DefaultSubscriptionRegistry@45339f9]]
2023-01-13 19:28:38.097  INFO 10288 --- [    Test worker] o.s.m.s.b.SimpleBrokerMessageHandler     : Stopped.
2023-01-13 19:28:38.099  INFO 10288 --- [    Test worker] j.LocalContainerEntityManagerFactoryBean : Closing JPA EntityManagerFactory for persistence unit 'default'
2023-01-13 19:28:38.100  INFO 10288 --- [    Test worker] com.zaxxer.hikari.HikariDataSource       : HikariPool-4 - Shutdown initiated...
2023-01-13 19:28:38.102  INFO 10288 --- [    Test worker] com.zaxxer.hikari.HikariDataSource       : HikariPool-4 - Shutdown completed.

  .   ____          _            __ _ _
 /\\ / ___'_ __ _ _(_)_ __  __ _ \ \ \ \
( ( )\___ | '_ | '_| | '_ \/ _` | \ \ \ \
 \\/  ___)| |_)| | | | | || (_| |  ) ) ) )
  '  |____| .__|_| |_|_| |_\__, | / / / /
 =========|_|==============|___/=/_/_/_/
 :: Spring Boot ::                (v2.7.3)

2023-01-13 19:28:38.186  WARN 10288 --- [    Test worker] ory$DuplicateJsonObjectContextCustomizer : 

Found multiple occurrences of org.json.JSONObject on the class path:

	jar:file:/C:/Users/35988/.gradle/caches/modules-2/files-2.1/org.json/json/20220924/5aa95e7688f76c664af205c5937620f02688dfbc/json-20220924.jar!/org/json/JSONObject.class
	jar:file:/C:/Users/35988/.gradle/caches/modules-2/files-2.1/com.vaadin.external.google/android-json/0.0.20131108.vaadin1/fa26d351fe62a6a17f5cda1287c1c6110dec413f/android-json-0.0.20131108.vaadin1.jar!/org/json/JSONObject.class

You may wish to exclude one of them to ensure predictable runtime behavior

2023-01-13 19:28:38.188  INFO 10288 --- [    Test worker] f.p.w.p.PositionRepositoryJPATest        : Starting PositionRepositoryJPATest using Java 17.0.4.1 on LAPTOP-COCCAVFD with PID 10288 (started by 35988 in C:\Users\35988\Desktop\uni\Software Engineering Semester 3\BitBy\bitby\plswork)
2023-01-13 19:28:38.189  INFO 10288 --- [    Test worker] f.p.w.p.PositionRepositoryJPATest        : No active profile set, falling back to 1 default profile: "default"
2023-01-13 19:28:38.668  INFO 10288 --- [    Test worker] .s.d.r.c.RepositoryConfigurationDelegate : Bootstrapping Spring Data JPA repositories in DEFAULT mode.
2023-01-13 19:28:38.829  INFO 10288 --- [    Test worker] .s.d.r.c.RepositoryConfigurationDelegate : Finished Spring Data repository scanning in 159 ms. Found 3 JPA repository interfaces.
2023-01-13 19:28:39.001  INFO 10288 --- [    Test worker] trationDelegate$BeanPostProcessorChecker : Bean 'methodSecurityConfig' of type [fontys.pls.work.configuration.security.MethodSecurityConfig$$EnhancerBySpringCGLIB$$710307b0] is not eligible for getting processed by all BeanPostProcessors (for example: not eligible for auto-proxying)
2023-01-13 19:28:39.125  INFO 10288 --- [    Test worker] com.zaxxer.hikari.HikariDataSource       : HikariPool-5 - Starting...
2023-01-13 19:28:39.128  INFO 10288 --- [    Test worker] com.zaxxer.hikari.HikariDataSource       : HikariPool-5 - Start completed.
2023-01-13 19:28:39.129  INFO 10288 --- [    Test worker] o.f.c.i.database.base.BaseDatabaseType   : Database: jdbc:h2:mem:inmemorydb (H2 2.1)
2023-01-13 19:28:39.138  INFO 10288 --- [    Test worker] o.f.core.internal.command.DbValidate     : Successfully validated 1 migration (execution time 00:00.002s)
2023-01-13 19:28:39.141  INFO 10288 --- [    Test worker] o.f.c.i.s.JdbcTableSchemaHistory         : Creating Schema History table "PUBLIC"."flyway_schema_history" ...
2023-01-13 19:28:39.149  INFO 10288 --- [    Test worker] o.f.core.internal.command.DbMigrate      : Current version of schema "PUBLIC": << Empty Schema >>
2023-01-13 19:28:39.155  INFO 10288 --- [    Test worker] o.f.core.internal.command.DbMigrate      : Migrating schema "PUBLIC" to version "1 - InitialTables"
2023-01-13 19:28:39.167  INFO 10288 --- [    Test worker] o.f.core.internal.command.DbMigrate      : Successfully applied 1 migration to schema "PUBLIC", now at version v1 (execution time 00:00.019s)
2023-01-13 19:28:39.251  INFO 10288 --- [    Test worker] o.hibernate.jpa.internal.util.LogHelper  : HHH000204: Processing PersistenceUnitInfo [name: default]
2023-01-13 19:28:39.263  INFO 10288 --- [    Test worker] org.hibernate.dialect.Dialect            : HHH000400: Using dialect: org.hibernate.dialect.H2Dialect
2023-01-13 19:28:39.365  INFO 10288 --- [    Test worker] o.h.e.t.j.p.i.JtaPlatformInitiator       : HHH000490: Using JtaPlatform implementation: [org.hibernate.engine.transaction.jta.platform.internal.NoJtaPlatform]
2023-01-13 19:28:39.365  INFO 10288 --- [    Test worker] j.LocalContainerEntityManagerFactoryBean : Initialized JPA EntityManagerFactory for persistence unit 'default'
2023-01-13 19:28:40.452  WARN 10288 --- [    Test worker] .s.s.UserDetailsServiceAutoConfiguration : 

Using generated security password: 12dd7b6f-ac73-4cb2-b036-1540062f5ee7

This generated password is for development use only. Your security configuration must be updated before running your application in production.

2023-01-13 19:28:40.623  INFO 10288 --- [    Test worker] o.s.s.web.DefaultSecurityFilterChain     : Will secure any request with [org.springframework.security.web.session.DisableEncodeUrlFilter@2c3c36df, org.springframework.security.web.context.request.async.WebAsyncManagerIntegrationFilter@4a4cdeb0, org.springframework.security.web.context.SecurityContextPersistenceFilter@476efc81, org.springframework.security.web.header.HeaderWriterFilter@4236d55, org.springframework.security.web.authentication.logout.LogoutFilter@350a7383, org.springframework.security.web.savedrequest.RequestCacheAwareFilter@1e0ccdd6, org.springframework.security.web.servletapi.SecurityContextHolderAwareRequestFilter@2cad213d, org.springframework.security.web.authentication.AnonymousAuthenticationFilter@6edbdbed, org.springframework.security.web.session.SessionManagementFilter@a0d555f, org.springframework.security.web.access.ExceptionTranslationFilter@1c028ae2]
2023-01-13 19:28:42.135  INFO 10288 --- [    Test worker] o.s.m.s.b.SimpleBrokerMessageHandler     : Starting...
2023-01-13 19:28:42.136  INFO 10288 --- [    Test worker] o.s.m.s.b.SimpleBrokerMessageHandler     : BrokerAvailabilityEvent[available=true, SimpleBrokerMessageHandler [org.springframework.messaging.simp.broker.DefaultSubscriptionRegistry@21e00efb]]
2023-01-13 19:28:42.136  INFO 10288 --- [    Test worker] o.s.m.s.b.SimpleBrokerMessageHandler     : Started.
2023-01-13 19:28:42.177  INFO 10288 --- [    Test worker] f.p.w.p.PositionRepositoryJPATest        : Started PositionRepositoryJPATest in 4.071 seconds (JVM running for 47.499)
Hibernate: select traderenti0_.id as id1_1_0_, traderenti0_.card_cvv as card_cvv2_1_0_, traderenti0_.card_number as card_num3_1_0_, traderenti0_.card_valid_thru as card_val4_1_0_, traderenti0_.email as email5_1_0_, traderenti0_.funds as funds6_1_0_, traderenti0_.name_on_card as name_on_7_1_0_, traderenti0_.password as password8_1_0_, traderenti0_.realized_pnl as realized9_1_0_, traderenti0_.traded_volume as traded_10_1_0_ from traders traderenti0_ where traderenti0_.id=?
Hibernate: insert into traders (id, card_cvv, card_number, card_valid_thru, email, funds, name_on_card, password, realized_pnl, traded_volume) values (default, ?, ?, ?, ?, ?, ?, ?, ?, ?)
Hibernate: select positionen0_.id as id1_0_0_, positionen0_.change_in_price as change_i2_0_0_, positionen0_.entry_price as entry_pr3_0_0_, positionen0_.liquidation_price as liquidat4_0_0_, positionen0_.position_type as position5_0_0_, positionen0_.traders_id as traders_7_0_0_, positionen0_.val as val6_0_0_, traderenti1_.id as id1_1_1_, traderenti1_.card_cvv as card_cvv2_1_1_, traderenti1_.card_number as card_num3_1_1_, traderenti1_.card_valid_thru as card_val4_1_1_, traderenti1_.email as email5_1_1_, traderenti1_.funds as funds6_1_1_, traderenti1_.name_on_card as name_on_7_1_1_, traderenti1_.password as password8_1_1_, traderenti1_.realized_pnl as realized9_1_1_, traderenti1_.traded_volume as traded_10_1_1_ from positions positionen0_ left outer join traders traderenti1_ on positionen0_.traders_id=traderenti1_.id where positionen0_.id=?
2023-01-13 19:28:42.242  INFO 10288 --- [    Test worker] o.s.m.s.b.SimpleBrokerMessageHandler     : Stopping...
2023-01-13 19:28:42.242  INFO 10288 --- [    Test worker] o.s.m.s.b.SimpleBrokerMessageHandler     : BrokerAvailabilityEvent[available=false, SimpleBrokerMessageHandler [org.springframework.messaging.simp.broker.DefaultSubscriptionRegistry@21e00efb]]
2023-01-13 19:28:42.242  INFO 10288 --- [    Test worker] o.s.m.s.b.SimpleBrokerMessageHandler     : Stopped.
2023-01-13 19:28:42.245  INFO 10288 --- [    Test worker] j.LocalContainerEntityManagerFactoryBean : Closing JPA EntityManagerFactory for persistence unit 'default'
2023-01-13 19:28:42.247  INFO 10288 --- [    Test worker] com.zaxxer.hikari.HikariDataSource       : HikariPool-5 - Shutdown initiated...
2023-01-13 19:28:42.260  INFO 10288 --- [    Test worker] com.zaxxer.hikari.HikariDataSource       : HikariPool-5 - Shutdown completed.

  .   ____          _            __ _ _
 /\\ / ___'_ __ _ _(_)_ __  __ _ \ \ \ \
( ( )\___ | '_ | '_| | '_ \/ _` | \ \ \ \
 \\/  ___)| |_)| | | | | || (_| |  ) ) ) )
  '  |____| .__|_| |_|_| |_\__, | / / / /
 =========|_|==============|___/=/_/_/_/
 :: Spring Boot ::                (v2.7.3)

2023-01-13 19:28:42.627  WARN 10288 --- [    Test worker] ory$DuplicateJsonObjectContextCustomizer : 

Found multiple occurrences of org.json.JSONObject on the class path:

	jar:file:/C:/Users/35988/.gradle/caches/modules-2/files-2.1/org.json/json/20220924/5aa95e7688f76c664af205c5937620f02688dfbc/json-20220924.jar!/org/json/JSONObject.class
	jar:file:/C:/Users/35988/.gradle/caches/modules-2/files-2.1/com.vaadin.external.google/android-json/0.0.20131108.vaadin1/fa26d351fe62a6a17f5cda1287c1c6110dec413f/android-json-0.0.20131108.vaadin1.jar!/org/json/JSONObject.class

You may wish to exclude one of them to ensure predictable runtime behavior

2023-01-13 19:28:42.631  INFO 10288 --- [    Test worker] f.p.w.p.PositionRepositoryJPATest        : Starting PositionRepositoryJPATest using Java 17.0.4.1 on LAPTOP-COCCAVFD with PID 10288 (started by 35988 in C:\Users\35988\Desktop\uni\Software Engineering Semester 3\BitBy\bitby\plswork)
2023-01-13 19:28:42.635  INFO 10288 --- [    Test worker] f.p.w.p.PositionRepositoryJPATest        : No active profile set, falling back to 1 default profile: "default"
2023-01-13 19:28:43.585  INFO 10288 --- [    Test worker] .s.d.r.c.RepositoryConfigurationDelegate : Bootstrapping Spring Data JPA repositories in DEFAULT mode.
2023-01-13 19:28:43.706  INFO 10288 --- [    Test worker] .s.d.r.c.RepositoryConfigurationDelegate : Finished Spring Data repository scanning in 117 ms. Found 3 JPA repository interfaces.
2023-01-13 19:28:43.895  INFO 10288 --- [    Test worker] trationDelegate$BeanPostProcessorChecker : Bean 'methodSecurityConfig' of type [fontys.pls.work.configuration.security.MethodSecurityConfig$$EnhancerBySpringCGLIB$$710307b0] is not eligible for getting processed by all BeanPostProcessors (for example: not eligible for auto-proxying)
2023-01-13 19:28:44.026  INFO 10288 --- [    Test worker] com.zaxxer.hikari.HikariDataSource       : HikariPool-6 - Starting...
2023-01-13 19:28:44.030  INFO 10288 --- [    Test worker] com.zaxxer.hikari.HikariDataSource       : HikariPool-6 - Start completed.
2023-01-13 19:28:44.031  INFO 10288 --- [    Test worker] o.f.c.i.database.base.BaseDatabaseType   : Database: jdbc:h2:mem:inmemorydb (H2 2.1)
2023-01-13 19:28:44.037  INFO 10288 --- [    Test worker] o.f.core.internal.command.DbValidate     : Successfully validated 1 migration (execution time 00:00.002s)
2023-01-13 19:28:44.039  INFO 10288 --- [    Test worker] o.f.c.i.s.JdbcTableSchemaHistory         : Creating Schema History table "PUBLIC"."flyway_schema_history" ...
2023-01-13 19:28:44.049  INFO 10288 --- [    Test worker] o.f.core.internal.command.DbMigrate      : Current version of schema "PUBLIC": << Empty Schema >>
2023-01-13 19:28:44.056  INFO 10288 --- [    Test worker] o.f.core.internal.command.DbMigrate      : Migrating schema "PUBLIC" to version "1 - InitialTables"
2023-01-13 19:28:44.068  INFO 10288 --- [    Test worker] o.f.core.internal.command.DbMigrate      : Successfully applied 1 migration to schema "PUBLIC", now at version v1 (execution time 00:00.020s)
2023-01-13 19:28:44.166  INFO 10288 --- [    Test worker] o.hibernate.jpa.internal.util.LogHelper  : HHH000204: Processing PersistenceUnitInfo [name: default]
2023-01-13 19:28:44.186  INFO 10288 --- [    Test worker] org.hibernate.dialect.Dialect            : HHH000400: Using dialect: org.hibernate.dialect.H2Dialect
2023-01-13 19:28:44.282  INFO 10288 --- [    Test worker] o.h.e.t.j.p.i.JtaPlatformInitiator       : HHH000490: Using JtaPlatform implementation: [org.hibernate.engine.transaction.jta.platform.internal.NoJtaPlatform]
2023-01-13 19:28:44.283  INFO 10288 --- [    Test worker] j.LocalContainerEntityManagerFactoryBean : Initialized JPA EntityManagerFactory for persistence unit 'default'
2023-01-13 19:28:45.757  WARN 10288 --- [    Test worker] .s.s.UserDetailsServiceAutoConfiguration : 

Using generated security password: 0caa950e-e486-4e8d-afc0-4f00a38fcac2

This generated password is for development use only. Your security configuration must be updated before running your application in production.

2023-01-13 19:28:45.975  INFO 10288 --- [    Test worker] o.s.s.web.DefaultSecurityFilterChain     : Will secure any request with [org.springframework.security.web.session.DisableEncodeUrlFilter@611f82a8, org.springframework.security.web.context.request.async.WebAsyncManagerIntegrationFilter@51f39482, org.springframework.security.web.context.SecurityContextPersistenceFilter@2bbadc1, org.springframework.security.web.header.HeaderWriterFilter@6beb047e, org.springframework.security.web.authentication.logout.LogoutFilter@61aa2edf, org.springframework.security.web.savedrequest.RequestCacheAwareFilter@23943a02, org.springframework.security.web.servletapi.SecurityContextHolderAwareRequestFilter@1463efcc, org.springframework.security.web.authentication.AnonymousAuthenticationFilter@60f66b9, org.springframework.security.web.session.SessionManagementFilter@711534f7, org.springframework.security.web.access.ExceptionTranslationFilter@2273255e]
2023-01-13 19:28:48.247  INFO 10288 --- [    Test worker] o.s.m.s.b.SimpleBrokerMessageHandler     : Starting...
2023-01-13 19:28:48.247  INFO 10288 --- [    Test worker] o.s.m.s.b.SimpleBrokerMessageHandler     : BrokerAvailabilityEvent[available=true, SimpleBrokerMessageHandler [org.springframework.messaging.simp.broker.DefaultSubscriptionRegistry@4518ba8c]]
2023-01-13 19:28:48.248  INFO 10288 --- [    Test worker] o.s.m.s.b.SimpleBrokerMessageHandler     : Started.
2023-01-13 19:28:48.256  INFO 10288 --- [    Test worker] f.p.w.p.PositionRepositoryJPATest        : Started PositionRepositoryJPATest in 5.992 seconds (JVM running for 53.578)
Hibernate: select traderenti0_.id as id1_1_0_, traderenti0_.card_cvv as card_cvv2_1_0_, traderenti0_.card_number as card_num3_1_0_, traderenti0_.card_valid_thru as card_val4_1_0_, traderenti0_.email as email5_1_0_, traderenti0_.funds as funds6_1_0_, traderenti0_.name_on_card as name_on_7_1_0_, traderenti0_.password as password8_1_0_, traderenti0_.realized_pnl as realized9_1_0_, traderenti0_.traded_volume as traded_10_1_0_ from traders traderenti0_ where traderenti0_.id=?
Hibernate: insert into traders (id, card_cvv, card_number, card_valid_thru, email, funds, name_on_card, password, realized_pnl, traded_volume) values (default, ?, ?, ?, ?, ?, ?, ?, ?, ?)
Hibernate: insert into positions (id, change_in_price, entry_price, liquidation_price, position_type, traders_id, val) values (default, ?, ?, ?, ?, ?, ?)
Hibernate: select positionen0_.id as id1_0_0_, positionen0_.change_in_price as change_i2_0_0_, positionen0_.entry_price as entry_pr3_0_0_, positionen0_.liquidation_price as liquidat4_0_0_, positionen0_.position_type as position5_0_0_, positionen0_.traders_id as traders_7_0_0_, positionen0_.val as val6_0_0_, traderenti1_.id as id1_1_1_, traderenti1_.card_cvv as card_cvv2_1_1_, traderenti1_.card_number as card_num3_1_1_, traderenti1_.card_valid_thru as card_val4_1_1_, traderenti1_.email as email5_1_1_, traderenti1_.funds as funds6_1_1_, traderenti1_.name_on_card as name_on_7_1_1_, traderenti1_.password as password8_1_1_, traderenti1_.realized_pnl as realized9_1_1_, traderenti1_.traded_volume as traded_10_1_1_ from positions positionen0_ left outer join traders traderenti1_ on positionen0_.traders_id=traderenti1_.id where positionen0_.id=?
]]></system-out>
  <system-err><![CDATA[]]></system-err>
</testsuite>
