<?xml version="1.0" encoding="UTF-8"?>
<testsuite name="fontys.pls.work.business.impl.CreateUserUseCaseImplTest" tests="1" skipped="0" failures="0" errors="0" timestamp="2023-01-13T18:20:46" hostname="LAPTOP-COCCAVFD" time="0.248">
  <properties/>
  <testcase name="shouldCreateUserWithAllFields()" classname="fontys.pls.work.business.impl.CreateUserUseCaseImplTest" time="0.248"/>
  <system-out><![CDATA[19:20:25.323 [Test worker] DEBUG org.springframework.test.context.BootstrapUtils - Instantiating CacheAwareContextLoaderDelegate from class [org.springframework.test.context.cache.DefaultCacheAwareContextLoaderDelegate]
19:20:25.356 [Test worker] DEBUG org.springframework.test.context.BootstrapUtils - Instantiating BootstrapContext using constructor [public org.springframework.test.context.support.DefaultBootstrapContext(java.lang.Class,org.springframework.test.context.CacheAwareContextLoaderDelegate)]
19:20:25.449 [Test worker] DEBUG org.springframework.test.context.BootstrapUtils - Instantiating TestContextBootstrapper for test class [fontys.pls.work.business.impl.CreateUserUseCaseImplTest] from class [org.springframework.boot.test.context.SpringBootTestContextBootstrapper]
19:20:25.475 [Test worker] INFO org.springframework.boot.test.context.SpringBootTestContextBootstrapper - Neither @ContextConfiguration nor @ContextHierarchy found for test class [fontys.pls.work.business.impl.CreateUserUseCaseImplTest], using SpringBootContextLoader
19:20:25.485 [Test worker] DEBUG org.springframework.test.context.support.AbstractContextLoader - Did not detect default resource location for test class [fontys.pls.work.business.impl.CreateUserUseCaseImplTest]: class path resource [fontys/pls/work/business/impl/CreateUserUseCaseImplTest-context.xml] does not exist
19:20:25.487 [Test worker] DEBUG org.springframework.test.context.support.AbstractContextLoader - Did not detect default resource location for test class [fontys.pls.work.business.impl.CreateUserUseCaseImplTest]: class path resource [fontys/pls/work/business/impl/CreateUserUseCaseImplTestContext.groovy] does not exist
19:20:25.487 [Test worker] INFO org.springframework.test.context.support.AbstractContextLoader - Could not detect default resource locations for test class [fontys.pls.work.business.impl.CreateUserUseCaseImplTest]: no resource found for suffixes {-context.xml, Context.groovy}.
19:20:25.489 [Test worker] INFO org.springframework.test.context.support.AnnotationConfigContextLoaderUtils - Could not detect default configuration classes for test class [fontys.pls.work.business.impl.CreateUserUseCaseImplTest]: CreateUserUseCaseImplTest does not declare any static, non-private, non-final, nested classes annotated with @Configuration.
19:20:25.611 [Test worker] DEBUG org.springframework.test.context.support.ActiveProfilesUtils - Could not find an 'annotation declaring class' for annotation type [org.springframework.test.context.ActiveProfiles] and class [fontys.pls.work.business.impl.CreateUserUseCaseImplTest]
19:20:25.921 [Test worker] DEBUG org.springframework.context.annotation.ClassPathScanningCandidateComponentProvider - Identified candidate component class: file [C:\Users\35988\Desktop\uni\Software Engineering Semester 3\BitBy\bitby\plswork\build\classes\java\main\fontys\pls\work\plsworkApp.class]
19:20:25.924 [Test worker] INFO org.springframework.boot.test.context.SpringBootTestContextBootstrapper - Found @SpringBootConfiguration fontys.pls.work.plsworkApp for test class fontys.pls.work.business.impl.CreateUserUseCaseImplTest
19:20:26.180 [Test worker] DEBUG org.springframework.boot.test.context.SpringBootTestContextBootstrapper - @TestExecutionListeners is not present for class [fontys.pls.work.business.impl.CreateUserUseCaseImplTest]: using defaults.
19:20:26.181 [Test worker] INFO org.springframework.boot.test.context.SpringBootTestContextBootstrapper - Loaded default TestExecutionListener class names from location [META-INF/spring.factories]: [org.springframework.security.test.context.support.WithSecurityContextTestExecutionListener, org.springframework.security.test.context.support.ReactorContextTestExecutionListener, org.springframework.boot.test.autoconfigure.restdocs.RestDocsTestExecutionListener, org.springframework.boot.test.autoconfigure.web.client.MockRestServiceServerResetTestExecutionListener, org.springframework.boot.test.autoconfigure.web.servlet.MockMvcPrintOnlyOnFailureTestExecutionListener, org.springframework.boot.test.autoconfigure.web.servlet.WebDriverTestExecutionListener, org.springframework.boot.test.autoconfigure.webservices.client.MockWebServiceServerTestExecutionListener, org.springframework.boot.test.mock.mockito.MockitoTestExecutionListener, org.springframework.boot.test.mock.mockito.ResetMocksTestExecutionListener, org.springframework.test.context.web.ServletTestExecutionListener, org.springframework.test.context.support.DirtiesContextBeforeModesTestExecutionListener, org.springframework.test.context.event.ApplicationEventsTestExecutionListener, org.springframework.test.context.support.DependencyInjectionTestExecutionListener, org.springframework.test.context.support.DirtiesContextTestExecutionListener, org.springframework.test.context.transaction.TransactionalTestExecutionListener, org.springframework.test.context.jdbc.SqlScriptsTestExecutionListener, org.springframework.test.context.event.EventPublishingTestExecutionListener]
19:20:26.228 [Test worker] INFO org.springframework.boot.test.context.SpringBootTestContextBootstrapper - Using TestExecutionListeners: [org.springframework.test.context.web.ServletTestExecutionListener@46e8a539, org.springframework.test.context.support.DirtiesContextBeforeModesTestExecutionListener@495083a0, org.springframework.test.context.event.ApplicationEventsTestExecutionListener@5fd62371, org.springframework.boot.test.mock.mockito.MockitoTestExecutionListener@28a0fd6c, org.springframework.boot.test.autoconfigure.SpringBootDependencyInjectionTestExecutionListener@2b62442c, org.springframework.test.context.support.DirtiesContextTestExecutionListener@66629f63, org.springframework.test.context.transaction.TransactionalTestExecutionListener@841e575, org.springframework.test.context.jdbc.SqlScriptsTestExecutionListener@27a5328c, org.springframework.security.test.context.support.WithSecurityContextTestExecutionListener@1e5f4170, org.springframework.test.context.event.EventPublishingTestExecutionListener@6c345c5f, org.springframework.security.test.context.support.ReactorContextTestExecutionListener@6b5966e1, org.springframework.boot.test.autoconfigure.restdocs.RestDocsTestExecutionListener@65e61854, org.springframework.boot.test.autoconfigure.web.client.MockRestServiceServerResetTestExecutionListener@1568159, org.springframework.boot.test.autoconfigure.web.servlet.MockMvcPrintOnlyOnFailureTestExecutionListener@4fcee388, org.springframework.boot.test.autoconfigure.web.servlet.WebDriverTestExecutionListener@6f80fafe, org.springframework.boot.test.autoconfigure.webservices.client.MockWebServiceServerTestExecutionListener@3af17be2, org.springframework.boot.test.mock.mockito.ResetMocksTestExecutionListener@f9879ac]
19:20:26.236 [Test worker] DEBUG org.springframework.test.context.support.AbstractDirtiesContextTestExecutionListener - Before test class: context [DefaultTestContext@62dae245 testClass = CreateUserUseCaseImplTest, testInstance = [null], testMethod = [null], testException = [null], mergedContextConfiguration = [WebMergedContextConfiguration@4b6579e8 testClass = CreateUserUseCaseImplTest, locations = '{}', classes = '{class fontys.pls.work.plsworkApp}', contextInitializerClasses = '[]', activeProfiles = '{}', propertySourceLocations = '{}', propertySourceProperties = '{org.springframework.boot.test.context.SpringBootTestContextBootstrapper=true}', contextCustomizers = set[org.springframework.boot.test.autoconfigure.actuate.metrics.MetricsExportContextCustomizerFactory$DisableMetricExportContextCustomizer@4982cc36, org.springframework.boot.test.autoconfigure.properties.PropertyMappingContextCustomizer@0, org.springframework.boot.test.autoconfigure.web.servlet.WebDriverContextCustomizerFactory$Customizer@4612b856, org.springframework.boot.test.context.filter.ExcludeFilterContextCustomizer@32f232a5, org.springframework.boot.test.json.DuplicateJsonObjectContextCustomizerFactory$DuplicateJsonObjectContextCustomizer@2f40e5db, org.springframework.boot.test.mock.mockito.MockitoContextCustomizer@0, org.springframework.boot.test.web.client.TestRestTemplateContextCustomizer@62727399, org.springframework.boot.test.context.SpringBootTestArgs@1, org.springframework.boot.test.context.SpringBootTestWebEnvironment@53fdffa1], resourceBasePath = 'src/main/webapp', contextLoader = 'org.springframework.boot.test.context.SpringBootContextLoader', parent = [null]], attributes = map['org.springframework.test.context.web.ServletTestExecutionListener.activateListener' -> true]], class annotated with @DirtiesContext [false] with mode [null].

  .   ____          _            __ _ _
 /\\ / ___'_ __ _ _(_)_ __  __ _ \ \ \ \
( ( )\___ | '_ | '_| | '_ \/ _` | \ \ \ \
 \\/  ___)| |_)| | | | | || (_| |  ) ) ) )
  '  |____| .__|_| |_|_| |_\__, | / / / /
 =========|_|==============|___/=/_/_/_/
 :: Spring Boot ::                (v2.7.3)

2023-01-13 19:20:27.298  WARN 22400 --- [    Test worker] ory$DuplicateJsonObjectContextCustomizer : 

Found multiple occurrences of org.json.JSONObject on the class path:

	jar:file:/C:/Users/35988/.gradle/caches/modules-2/files-2.1/org.json/json/20220924/5aa95e7688f76c664af205c5937620f02688dfbc/json-20220924.jar!/org/json/JSONObject.class
	jar:file:/C:/Users/35988/.gradle/caches/modules-2/files-2.1/com.vaadin.external.google/android-json/0.0.20131108.vaadin1/fa26d351fe62a6a17f5cda1287c1c6110dec413f/android-json-0.0.20131108.vaadin1.jar!/org/json/JSONObject.class

You may wish to exclude one of them to ensure predictable runtime behavior

2023-01-13 19:20:27.331  INFO 22400 --- [    Test worker] f.p.w.b.impl.CreateUserUseCaseImplTest   : Starting CreateUserUseCaseImplTest using Java 17.0.4.1 on LAPTOP-COCCAVFD with PID 22400 (started by 35988 in C:\Users\35988\Desktop\uni\Software Engineering Semester 3\BitBy\bitby\plswork)
2023-01-13 19:20:27.333  INFO 22400 --- [    Test worker] f.p.w.b.impl.CreateUserUseCaseImplTest   : No active profile set, falling back to 1 default profile: "default"
2023-01-13 19:20:31.170  INFO 22400 --- [    Test worker] .s.d.r.c.RepositoryConfigurationDelegate : Bootstrapping Spring Data JPA repositories in DEFAULT mode.
2023-01-13 19:20:31.454  INFO 22400 --- [    Test worker] .s.d.r.c.RepositoryConfigurationDelegate : Finished Spring Data repository scanning in 268 ms. Found 3 JPA repository interfaces.
2023-01-13 19:20:32.811  INFO 22400 --- [    Test worker] trationDelegate$BeanPostProcessorChecker : Bean 'methodSecurityConfig' of type [fontys.pls.work.configuration.security.MethodSecurityConfig$$EnhancerBySpringCGLIB$$aedf277d] is not eligible for getting processed by all BeanPostProcessors (for example: not eligible for auto-proxying)
2023-01-13 19:20:33.346  INFO 22400 --- [    Test worker] o.f.c.internal.license.VersionPrinter    : Flyway Community Edition 9.4.0 by Redgate
2023-01-13 19:20:33.347  INFO 22400 --- [    Test worker] o.f.c.internal.license.VersionPrinter    : See what's new here: https://flywaydb.org/documentation/learnmore/releaseNotes#9.4.0
2023-01-13 19:20:33.348  INFO 22400 --- [    Test worker] o.f.c.internal.license.VersionPrinter    : 
2023-01-13 19:20:33.369  INFO 22400 --- [    Test worker] com.zaxxer.hikari.HikariDataSource       : HikariPool-1 - Starting...
2023-01-13 19:20:33.998  INFO 22400 --- [    Test worker] com.zaxxer.hikari.HikariDataSource       : HikariPool-1 - Start completed.
2023-01-13 19:20:34.028  INFO 22400 --- [    Test worker] o.f.c.i.database.base.BaseDatabaseType   : Database: jdbc:h2:mem:inmemorydb (H2 2.1)
2023-01-13 19:20:34.163  INFO 22400 --- [    Test worker] o.f.core.internal.command.DbValidate     : Successfully validated 1 migration (execution time 00:00.028s)
2023-01-13 19:20:34.175  INFO 22400 --- [    Test worker] o.f.c.i.s.JdbcTableSchemaHistory         : Creating Schema History table "PUBLIC"."flyway_schema_history" ...
2023-01-13 19:20:34.229  INFO 22400 --- [    Test worker] o.f.core.internal.command.DbMigrate      : Current version of schema "PUBLIC": << Empty Schema >>
2023-01-13 19:20:34.247  INFO 22400 --- [    Test worker] o.f.core.internal.command.DbMigrate      : Migrating schema "PUBLIC" to version "1 - InitialTables"
2023-01-13 19:20:34.287  INFO 22400 --- [    Test worker] o.f.core.internal.command.DbMigrate      : Successfully applied 1 migration to schema "PUBLIC", now at version v1 (execution time 00:00.063s)
2023-01-13 19:20:34.617  INFO 22400 --- [    Test worker] o.hibernate.jpa.internal.util.LogHelper  : HHH000204: Processing PersistenceUnitInfo [name: default]
2023-01-13 19:20:34.789  INFO 22400 --- [    Test worker] org.hibernate.Version                    : HHH000412: Hibernate ORM core version 5.6.10.Final
2023-01-13 19:20:35.203  INFO 22400 --- [    Test worker] o.hibernate.annotations.common.Version   : HCANN000001: Hibernate Commons Annotations {5.1.2.Final}
2023-01-13 19:20:35.437  INFO 22400 --- [    Test worker] org.hibernate.dialect.Dialect            : HHH000400: Using dialect: org.hibernate.dialect.H2Dialect
2023-01-13 19:20:37.074  INFO 22400 --- [    Test worker] o.h.e.t.j.p.i.JtaPlatformInitiator       : HHH000490: Using JtaPlatform implementation: [org.hibernate.engine.transaction.jta.platform.internal.NoJtaPlatform]
2023-01-13 19:20:37.098  INFO 22400 --- [    Test worker] j.LocalContainerEntityManagerFactoryBean : Initialized JPA EntityManagerFactory for persistence unit 'default'
2023-01-13 19:20:41.413  WARN 22400 --- [    Test worker] .s.s.UserDetailsServiceAutoConfiguration : 

Using generated security password: 1e775904-172e-487d-8982-7927a14a7500

This generated password is for development use only. Your security configuration must be updated before running your application in production.

2023-01-13 19:20:41.829  INFO 22400 --- [    Test worker] o.s.s.web.DefaultSecurityFilterChain     : Will secure any request with [org.springframework.security.web.session.DisableEncodeUrlFilter@320ca97c, org.springframework.security.web.context.request.async.WebAsyncManagerIntegrationFilter@3c592c0c, org.springframework.security.web.context.SecurityContextPersistenceFilter@408708a1, org.springframework.security.web.header.HeaderWriterFilter@19e03398, org.springframework.security.web.authentication.logout.LogoutFilter@6c09d716, org.springframework.security.web.savedrequest.RequestCacheAwareFilter@455591ad, org.springframework.security.web.servletapi.SecurityContextHolderAwareRequestFilter@3325f17, org.springframework.security.web.authentication.AnonymousAuthenticationFilter@3979c6e8, org.springframework.security.web.session.SessionManagementFilter@4b6ad2eb, org.springframework.security.web.access.ExceptionTranslationFilter@70ed03e4]
2023-01-13 19:20:45.976  INFO 22400 --- [    Test worker] o.s.m.s.b.SimpleBrokerMessageHandler     : Starting...
2023-01-13 19:20:45.977  INFO 22400 --- [    Test worker] o.s.m.s.b.SimpleBrokerMessageHandler     : BrokerAvailabilityEvent[available=true, SimpleBrokerMessageHandler [org.springframework.messaging.simp.broker.DefaultSubscriptionRegistry@1f9ec3e7]]
2023-01-13 19:20:45.979  INFO 22400 --- [    Test worker] o.s.m.s.b.SimpleBrokerMessageHandler     : Started.
2023-01-13 19:20:45.999  INFO 22400 --- [    Test worker] f.p.w.b.impl.CreateUserUseCaseImplTest   : Started CreateUserUseCaseImplTest in 19.672 seconds (JVM running for 22.678)
]]></system-out>
  <system-err><![CDATA[]]></system-err>
</testsuite>
