<?xml version="1.0" encoding="UTF-8"?>
<testsuite name="fontys.pls.work.controller.TraderControllerTest" tests="8" skipped="0" failures="0" errors="0" timestamp="2023-01-13T18:27:16" hostname="LAPTOP-COCCAVFD" time="0.722">
  <properties/>
  <testcase name="getTraders_shouldReturn200_whenTradersFound()" classname="fontys.pls.work.controller.TraderControllerTest" time="0.424"/>
  <testcase name="getTrader_shouldReturn404Error_whenTraderNotFound()" classname="fontys.pls.work.controller.TraderControllerTest" time="0.057"/>
  <testcase name="addFundsToTrader_shouldReturn200_whenRequestIsValid()" classname="fontys.pls.work.controller.TraderControllerTest" time="0.105"/>
  <testcase name="getTradersByEmail_shouldReturn200_whenTradersFound()" classname="fontys.pls.work.controller.TraderControllerTest" time="0.027"/>
  <testcase name="getTotalTradedVolume_shouldReturn200()" classname="fontys.pls.work.controller.TraderControllerTest" time="0.023"/>
  <testcase name="createTrader_shouldReturn200_whenRequestIsValid()" classname="fontys.pls.work.controller.TraderControllerTest" time="0.02"/>
  <testcase name="getTraderShouldReturn200WhenTraderFound()" classname="fontys.pls.work.controller.TraderControllerTest" time="0.021"/>
  <testcase name="updateTrader_shouldReturn200_whenRequestIsValid()" classname="fontys.pls.work.controller.TraderControllerTest" time="0.018"/>
  <system-out><![CDATA[19:26:49.980 [Test worker] DEBUG org.springframework.test.context.BootstrapUtils - Instantiating CacheAwareContextLoaderDelegate from class [org.springframework.test.context.cache.DefaultCacheAwareContextLoaderDelegate]
19:26:50.008 [Test worker] DEBUG org.springframework.test.context.BootstrapUtils - Instantiating BootstrapContext using constructor [public org.springframework.test.context.support.DefaultBootstrapContext(java.lang.Class,org.springframework.test.context.CacheAwareContextLoaderDelegate)]
19:26:50.114 [Test worker] DEBUG org.springframework.test.context.BootstrapUtils - Instantiating TestContextBootstrapper for test class [fontys.pls.work.controller.TraderControllerTest] from class [org.springframework.boot.test.context.SpringBootTestContextBootstrapper]
19:26:50.154 [Test worker] INFO org.springframework.boot.test.context.SpringBootTestContextBootstrapper - Neither @ContextConfiguration nor @ContextHierarchy found for test class [fontys.pls.work.controller.TraderControllerTest], using SpringBootContextLoader
19:26:50.174 [Test worker] DEBUG org.springframework.test.context.support.AbstractContextLoader - Did not detect default resource location for test class [fontys.pls.work.controller.TraderControllerTest]: class path resource [fontys/pls/work/controller/TraderControllerTest-context.xml] does not exist
19:26:50.176 [Test worker] DEBUG org.springframework.test.context.support.AbstractContextLoader - Did not detect default resource location for test class [fontys.pls.work.controller.TraderControllerTest]: class path resource [fontys/pls/work/controller/TraderControllerTestContext.groovy] does not exist
19:26:50.176 [Test worker] INFO org.springframework.test.context.support.AbstractContextLoader - Could not detect default resource locations for test class [fontys.pls.work.controller.TraderControllerTest]: no resource found for suffixes {-context.xml, Context.groovy}.
19:26:50.177 [Test worker] INFO org.springframework.test.context.support.AnnotationConfigContextLoaderUtils - Could not detect default configuration classes for test class [fontys.pls.work.controller.TraderControllerTest]: TraderControllerTest does not declare any static, non-private, non-final, nested classes annotated with @Configuration.
19:26:50.405 [Test worker] DEBUG org.springframework.test.context.support.ActiveProfilesUtils - Could not find an 'annotation declaring class' for annotation type [org.springframework.test.context.ActiveProfiles] and class [fontys.pls.work.controller.TraderControllerTest]
19:26:50.657 [Test worker] DEBUG org.springframework.context.annotation.ClassPathScanningCandidateComponentProvider - Identified candidate component class: file [C:\Users\35988\Desktop\uni\Software Engineering Semester 3\BitBy\bitby\plswork\build\classes\java\main\fontys\pls\work\plsworkApp.class]
19:26:50.663 [Test worker] INFO org.springframework.boot.test.context.SpringBootTestContextBootstrapper - Found @SpringBootConfiguration fontys.pls.work.plsworkApp for test class fontys.pls.work.controller.TraderControllerTest
19:26:50.943 [Test worker] DEBUG org.springframework.boot.test.context.SpringBootTestContextBootstrapper - @TestExecutionListeners is not present for class [fontys.pls.work.controller.TraderControllerTest]: using defaults.
19:26:50.944 [Test worker] INFO org.springframework.boot.test.context.SpringBootTestContextBootstrapper - Loaded default TestExecutionListener class names from location [META-INF/spring.factories]: [org.springframework.security.test.context.support.WithSecurityContextTestExecutionListener, org.springframework.security.test.context.support.ReactorContextTestExecutionListener, org.springframework.boot.test.autoconfigure.restdocs.RestDocsTestExecutionListener, org.springframework.boot.test.autoconfigure.web.client.MockRestServiceServerResetTestExecutionListener, org.springframework.boot.test.autoconfigure.web.servlet.MockMvcPrintOnlyOnFailureTestExecutionListener, org.springframework.boot.test.autoconfigure.web.servlet.WebDriverTestExecutionListener, org.springframework.boot.test.autoconfigure.webservices.client.MockWebServiceServerTestExecutionListener, org.springframework.boot.test.mock.mockito.MockitoTestExecutionListener, org.springframework.boot.test.mock.mockito.ResetMocksTestExecutionListener, org.springframework.test.context.web.ServletTestExecutionListener, org.springframework.test.context.support.DirtiesContextBeforeModesTestExecutionListener, org.springframework.test.context.event.ApplicationEventsTestExecutionListener, org.springframework.test.context.support.DependencyInjectionTestExecutionListener, org.springframework.test.context.support.DirtiesContextTestExecutionListener, org.springframework.test.context.transaction.TransactionalTestExecutionListener, org.springframework.test.context.jdbc.SqlScriptsTestExecutionListener, org.springframework.test.context.event.EventPublishingTestExecutionListener]
19:26:50.985 [Test worker] INFO org.springframework.boot.test.context.SpringBootTestContextBootstrapper - Using TestExecutionListeners: [org.springframework.test.context.web.ServletTestExecutionListener@6063d80a, org.springframework.test.context.support.DirtiesContextBeforeModesTestExecutionListener@1133ec6e, org.springframework.test.context.event.ApplicationEventsTestExecutionListener@355e34c7, org.springframework.boot.test.mock.mockito.MockitoTestExecutionListener@54709809, org.springframework.boot.test.autoconfigure.SpringBootDependencyInjectionTestExecutionListener@2a2da905, org.springframework.test.context.support.DirtiesContextTestExecutionListener@24f360b2, org.springframework.test.context.transaction.TransactionalTestExecutionListener@60cf80e7, org.springframework.test.context.jdbc.SqlScriptsTestExecutionListener@302fec27, org.springframework.security.test.context.support.WithSecurityContextTestExecutionListener@770d0ea6, org.springframework.test.context.event.EventPublishingTestExecutionListener@48c40605, org.springframework.security.test.context.support.ReactorContextTestExecutionListener@54107f42, org.springframework.boot.test.autoconfigure.restdocs.RestDocsTestExecutionListener@1b11ef33, org.springframework.boot.test.autoconfigure.web.client.MockRestServiceServerResetTestExecutionListener@476aac9, org.springframework.boot.test.autoconfigure.web.servlet.MockMvcPrintOnlyOnFailureTestExecutionListener@6cea706c, org.springframework.boot.test.autoconfigure.web.servlet.WebDriverTestExecutionListener@3bd7f8dc, org.springframework.boot.test.autoconfigure.webservices.client.MockWebServiceServerTestExecutionListener@2f2bf0e2, org.springframework.boot.test.mock.mockito.ResetMocksTestExecutionListener@1eba372c]
19:26:50.993 [Test worker] DEBUG org.springframework.test.context.support.AbstractDirtiesContextTestExecutionListener - Before test class: context [DefaultTestContext@7db534f2 testClass = TraderControllerTest, testInstance = [null], testMethod = [null], testException = [null], mergedContextConfiguration = [WebMergedContextConfiguration@44a2b17b testClass = TraderControllerTest, locations = '{}', classes = '{class fontys.pls.work.plsworkApp}', contextInitializerClasses = '[]', activeProfiles = '{}', propertySourceLocations = '{}', propertySourceProperties = '{org.springframework.boot.test.context.SpringBootTestContextBootstrapper=true}', contextCustomizers = set[org.springframework.boot.test.autoconfigure.actuate.metrics.MetricsExportContextCustomizerFactory$DisableMetricExportContextCustomizer@635572a7, org.springframework.boot.test.autoconfigure.properties.PropertyMappingContextCustomizer@4b3fa0b3, org.springframework.boot.test.autoconfigure.web.servlet.WebDriverContextCustomizerFactory$Customizer@13d73fa, [ImportsContextCustomizer@7a56812e key = [org.springframework.boot.test.autoconfigure.web.servlet.MockMvcAutoConfiguration, org.springframework.boot.test.autoconfigure.web.servlet.MockMvcWebClientAutoConfiguration, org.springframework.boot.test.autoconfigure.web.servlet.MockMvcWebDriverAutoConfiguration, org.springframework.boot.autoconfigure.security.oauth2.client.servlet.OAuth2ClientAutoConfiguration, org.springframework.boot.autoconfigure.security.oauth2.resource.servlet.OAuth2ResourceServerAutoConfiguration, org.springframework.boot.autoconfigure.security.servlet.SecurityAutoConfiguration, org.springframework.boot.autoconfigure.security.servlet.SecurityFilterAutoConfiguration, org.springframework.boot.autoconfigure.security.servlet.UserDetailsServiceAutoConfiguration, org.springframework.boot.test.autoconfigure.web.servlet.MockMvcSecurityConfiguration, org.springframework.boot.test.autoconfigure.web.reactive.WebTestClientAutoConfiguration]], org.springframework.boot.test.context.filter.ExcludeFilterContextCustomizer@c5dc4a2, org.springframework.boot.test.json.DuplicateJsonObjectContextCustomizerFactory$DuplicateJsonObjectContextCustomizer@5669c5fb, org.springframework.boot.test.mock.mockito.MockitoContextCustomizer@a328a082, org.springframework.boot.test.web.client.TestRestTemplateContextCustomizer@4af0df05, org.springframework.boot.test.context.SpringBootTestArgs@1, org.springframework.boot.test.context.SpringBootTestWebEnvironment@58695725], resourceBasePath = 'src/main/webapp', contextLoader = 'org.springframework.boot.test.context.SpringBootContextLoader', parent = [null]], attributes = map['org.springframework.test.context.web.ServletTestExecutionListener.activateListener' -> true]], class annotated with @DirtiesContext [false] with mode [null].

  .   ____          _            __ _ _
 /\\ / ___'_ __ _ _(_)_ __  __ _ \ \ \ \
( ( )\___ | '_ | '_| | '_ \/ _` | \ \ \ \
 \\/  ___)| |_)| | | | | || (_| |  ) ) ) )
  '  |____| .__|_| |_|_| |_\__, | / / / /
 =========|_|==============|___/=/_/_/_/
 :: Spring Boot ::                (v2.7.3)

2023-01-13 19:26:52.246  WARN 27436 --- [    Test worker] ory$DuplicateJsonObjectContextCustomizer : 

Found multiple occurrences of org.json.JSONObject on the class path:

	jar:file:/C:/Users/35988/.gradle/caches/modules-2/files-2.1/org.json/json/20220924/5aa95e7688f76c664af205c5937620f02688dfbc/json-20220924.jar!/org/json/JSONObject.class
	jar:file:/C:/Users/35988/.gradle/caches/modules-2/files-2.1/com.vaadin.external.google/android-json/0.0.20131108.vaadin1/fa26d351fe62a6a17f5cda1287c1c6110dec413f/android-json-0.0.20131108.vaadin1.jar!/org/json/JSONObject.class

You may wish to exclude one of them to ensure predictable runtime behavior

2023-01-13 19:26:52.274  INFO 27436 --- [    Test worker] f.p.w.controller.TraderControllerTest    : Starting TraderControllerTest using Java 17.0.4.1 on LAPTOP-COCCAVFD with PID 27436 (started by 35988 in C:\Users\35988\Desktop\uni\Software Engineering Semester 3\BitBy\bitby\plswork)
2023-01-13 19:26:52.276  INFO 27436 --- [    Test worker] f.p.w.controller.TraderControllerTest    : No active profile set, falling back to 1 default profile: "default"
2023-01-13 19:26:55.403  INFO 27436 --- [    Test worker] .s.d.r.c.RepositoryConfigurationDelegate : Bootstrapping Spring Data JPA repositories in DEFAULT mode.
2023-01-13 19:26:55.727  INFO 27436 --- [    Test worker] .s.d.r.c.RepositoryConfigurationDelegate : Finished Spring Data repository scanning in 300 ms. Found 3 JPA repository interfaces.
2023-01-13 19:26:58.949  INFO 27436 --- [    Test worker] trationDelegate$BeanPostProcessorChecker : Bean 'methodSecurityConfig' of type [fontys.pls.work.configuration.security.MethodSecurityConfig$$EnhancerBySpringCGLIB$$1e78b25] is not eligible for getting processed by all BeanPostProcessors (for example: not eligible for auto-proxying)
2023-01-13 19:26:59.849  INFO 27436 --- [    Test worker] o.f.c.internal.license.VersionPrinter    : Flyway Community Edition 9.4.0 by Redgate
2023-01-13 19:26:59.850  INFO 27436 --- [    Test worker] o.f.c.internal.license.VersionPrinter    : See what's new here: https://flywaydb.org/documentation/learnmore/releaseNotes#9.4.0
2023-01-13 19:26:59.851  INFO 27436 --- [    Test worker] o.f.c.internal.license.VersionPrinter    : 
2023-01-13 19:26:59.876  INFO 27436 --- [    Test worker] com.zaxxer.hikari.HikariDataSource       : HikariPool-1 - Starting...
2023-01-13 19:27:00.400  INFO 27436 --- [    Test worker] com.zaxxer.hikari.HikariDataSource       : HikariPool-1 - Start completed.
2023-01-13 19:27:00.434  INFO 27436 --- [    Test worker] o.f.c.i.database.base.BaseDatabaseType   : Database: jdbc:h2:mem:inmemorydb (H2 2.1)
2023-01-13 19:27:00.615  INFO 27436 --- [    Test worker] o.f.core.internal.command.DbValidate     : Successfully validated 1 migration (execution time 00:00.048s)
2023-01-13 19:27:00.647  INFO 27436 --- [    Test worker] o.f.c.i.s.JdbcTableSchemaHistory         : Creating Schema History table "PUBLIC"."flyway_schema_history" ...
2023-01-13 19:27:00.750  INFO 27436 --- [    Test worker] o.f.core.internal.command.DbMigrate      : Current version of schema "PUBLIC": << Empty Schema >>
2023-01-13 19:27:00.791  INFO 27436 --- [    Test worker] o.f.core.internal.command.DbMigrate      : Migrating schema "PUBLIC" to version "1 - InitialTables"
2023-01-13 19:27:00.851  INFO 27436 --- [    Test worker] o.f.core.internal.command.DbMigrate      : Successfully applied 1 migration to schema "PUBLIC", now at version v1 (execution time 00:00.119s)
2023-01-13 19:27:01.453  INFO 27436 --- [    Test worker] o.hibernate.jpa.internal.util.LogHelper  : HHH000204: Processing PersistenceUnitInfo [name: default]
2023-01-13 19:27:01.611  INFO 27436 --- [    Test worker] org.hibernate.Version                    : HHH000412: Hibernate ORM core version 5.6.10.Final
2023-01-13 19:27:01.724  INFO 27436 --- [    Test worker] o.hibernate.annotations.common.Version   : HCANN000001: Hibernate Commons Annotations {5.1.2.Final}
2023-01-13 19:27:01.988  INFO 27436 --- [    Test worker] org.hibernate.dialect.Dialect            : HHH000400: Using dialect: org.hibernate.dialect.H2Dialect
2023-01-13 19:27:03.214  INFO 27436 --- [    Test worker] o.h.e.t.j.p.i.JtaPlatformInitiator       : HHH000490: Using JtaPlatform implementation: [org.hibernate.engine.transaction.jta.platform.internal.NoJtaPlatform]
2023-01-13 19:27:03.245  INFO 27436 --- [    Test worker] j.LocalContainerEntityManagerFactoryBean : Initialized JPA EntityManagerFactory for persistence unit 'default'
2023-01-13 19:27:09.206  WARN 27436 --- [    Test worker] .s.s.UserDetailsServiceAutoConfiguration : 

Using generated security password: 087b139c-3e46-40b1-83ae-dbb033492552

This generated password is for development use only. Your security configuration must be updated before running your application in production.

2023-01-13 19:27:09.830  INFO 27436 --- [    Test worker] o.s.s.web.DefaultSecurityFilterChain     : Will secure any request with [org.springframework.security.web.session.DisableEncodeUrlFilter@4af8ff3, org.springframework.security.web.context.request.async.WebAsyncManagerIntegrationFilter@7b7268db, org.springframework.security.web.context.SecurityContextPersistenceFilter@3d287f7c, org.springframework.security.web.header.HeaderWriterFilter@61a369cf, org.springframework.security.web.authentication.logout.LogoutFilter@347770a9, org.springframework.security.web.savedrequest.RequestCacheAwareFilter@302692b1, org.springframework.security.web.servletapi.SecurityContextHolderAwareRequestFilter@58a06477, org.springframework.security.web.authentication.AnonymousAuthenticationFilter@1d8230cd, org.springframework.security.web.session.SessionManagementFilter@12b962b1, org.springframework.security.web.access.ExceptionTranslationFilter@53cdfb09]
2023-01-13 19:27:16.600  INFO 27436 --- [    Test worker] o.s.b.t.m.w.SpringBootMockServletContext : Initializing Spring TestDispatcherServlet ''
2023-01-13 19:27:16.601  INFO 27436 --- [    Test worker] o.s.t.web.servlet.TestDispatcherServlet  : Initializing Servlet ''
2023-01-13 19:27:16.604  INFO 27436 --- [    Test worker] o.s.t.web.servlet.TestDispatcherServlet  : Completed initialization in 2 ms
2023-01-13 19:27:16.662  INFO 27436 --- [    Test worker] o.s.m.s.b.SimpleBrokerMessageHandler     : Starting...
2023-01-13 19:27:16.663  INFO 27436 --- [    Test worker] o.s.m.s.b.SimpleBrokerMessageHandler     : BrokerAvailabilityEvent[available=true, SimpleBrokerMessageHandler [org.springframework.messaging.simp.broker.DefaultSubscriptionRegistry@75b598a5]]
2023-01-13 19:27:16.665  INFO 27436 --- [    Test worker] o.s.m.s.b.SimpleBrokerMessageHandler     : Started.
2023-01-13 19:27:16.686  INFO 27436 --- [    Test worker] f.p.w.controller.TraderControllerTest    : Started TraderControllerTest in 25.603 seconds (JVM running for 28.782)

MockHttpServletRequest:
      HTTP Method = GET
      Request URI = /traders
       Parameters = {}
          Headers = []
             Body = null
    Session Attrs = {}

Handler:
             Type = fontys.pls.work.controller.TraderController
           Method = fontys.pls.work.controller.TraderController#getTraders()

Async:
    Async started = false
     Async result = null

Resolved Exception:
             Type = null

ModelAndView:
        View name = null
             View = null
            Model = null

FlashMap:
       Attributes = null

MockHttpServletResponse:
           Status = 200
    Error message = null
          Headers = [Vary:"Origin", "Access-Control-Request-Method", "Access-Control-Request-Headers", Content-Type:"application/json", X-Content-Type-Options:"nosniff", X-XSS-Protection:"1; mode=block", Cache-Control:"no-cache, no-store, max-age=0, must-revalidate", Pragma:"no-cache", Expires:"0", X-Frame-Options:"DENY"]
     Content type = application/json
             Body = [{"id":1,"email":"test@mail.com","password":"$2a$10$nJmM0.IfK2BW7AA9BWPnNu4Aql2MpOnq4skMYH1cYwGg5ZhdIpMVm","nameOnCard":"dandi bob","cardNumber":"2323-2323-2323-2323","cardCVV":"123","cardValidThru":"09/24","tradedVolume":11500.0,"realizedPnl":0.0,"funds":0.0},{"id":2,"email":"test1@mail.com","password":"$2a$10$nJmM0.IfK2BW7AA9BWPnNu4Aql2MpOnq4skMYH1cYwGg5ZhdIpMVm","nameOnCard":"dandi bob","cardNumber":"2323-2323-2323-2323","cardCVV":"123","cardValidThru":"09/24","tradedVolume":11500.0,"realizedPnl":0.0,"funds":0.0}]
    Forwarded URL = null
   Redirected URL = null
          Cookies = []

MockHttpServletRequest:
      HTTP Method = GET
      Request URI = /traders/1
       Parameters = {}
          Headers = []
             Body = null
    Session Attrs = {}

Handler:
             Type = fontys.pls.work.controller.TraderController
           Method = fontys.pls.work.controller.TraderController#getTrader(Long)

Async:
    Async started = false
     Async result = null

Resolved Exception:
             Type = null

ModelAndView:
        View name = null
             View = null
            Model = null

FlashMap:
       Attributes = null

MockHttpServletResponse:
           Status = 404
    Error message = null
          Headers = [Vary:"Origin", "Access-Control-Request-Method", "Access-Control-Request-Headers", X-Content-Type-Options:"nosniff", X-XSS-Protection:"1; mode=block", Cache-Control:"no-cache, no-store, max-age=0, must-revalidate", Pragma:"no-cache", Expires:"0", X-Frame-Options:"DENY"]
     Content type = null
             Body = 
    Forwarded URL = null
   Redirected URL = null
          Cookies = []

MockHttpServletRequest:
      HTTP Method = PUT
      Request URI = /traders
       Parameters = {}
          Headers = [Content-Type:"application/json;charset=UTF-8", Content-Length:"37"]
             Body = {
    "id": 1,
    "funds": 1000.0
}

    Session Attrs = {}

Handler:
             Type = fontys.pls.work.controller.TraderController
           Method = fontys.pls.work.controller.TraderController#addFundsToTrader(Trader)

Async:
    Async started = false
     Async result = null

Resolved Exception:
             Type = null

ModelAndView:
        View name = null
             View = null
            Model = null

FlashMap:
       Attributes = null

MockHttpServletResponse:
           Status = 200
    Error message = null
          Headers = [Vary:"Origin", "Access-Control-Request-Method", "Access-Control-Request-Headers", Content-Type:"application/json", X-Content-Type-Options:"nosniff", X-XSS-Protection:"1; mode=block", Cache-Control:"no-cache, no-store, max-age=0, must-revalidate", Pragma:"no-cache", Expires:"0", X-Frame-Options:"DENY"]
     Content type = application/json
             Body = {"id":1,"email":"test@mail.com","password":"$2a$10$nJmM0.IfK2BW7AA9BWPnNu4Aql2MpOnq4skMYH1cYwGg5ZhdIpMVm","nameOnCard":"dandi bob","cardNumber":"2323-2323-2323-2323","cardCVV":"123","cardValidThru":"09/24","tradedVolume":11500.0,"realizedPnl":0.0,"funds":1000.0}
    Forwarded URL = null
   Redirected URL = null
          Cookies = []

MockHttpServletRequest:
      HTTP Method = GET
      Request URI = /traders/filter/test
       Parameters = {}
          Headers = []
             Body = null
    Session Attrs = {}

Handler:
             Type = fontys.pls.work.controller.TraderController
           Method = fontys.pls.work.controller.TraderController#getTradersByEmail(String)

Async:
    Async started = false
     Async result = null

Resolved Exception:
             Type = null

ModelAndView:
        View name = null
             View = null
            Model = null

FlashMap:
       Attributes = null

MockHttpServletResponse:
           Status = 200
    Error message = null
          Headers = [Vary:"Origin", "Access-Control-Request-Method", "Access-Control-Request-Headers", Content-Type:"application/json", X-Content-Type-Options:"nosniff", X-XSS-Protection:"1; mode=block", Cache-Control:"no-cache, no-store, max-age=0, must-revalidate", Pragma:"no-cache", Expires:"0", X-Frame-Options:"DENY"]
     Content type = application/json
             Body = [{"id":1,"email":"test@mail.com","password":"$2a$10$nJmM0.IfK2BW7AA9BWPnNu4Aql2MpOnq4skMYH1cYwGg5ZhdIpMVm","nameOnCard":"dandi bob","cardNumber":"2323-2323-2323-2323","cardCVV":"123","cardValidThru":"09/24","tradedVolume":11500.0,"realizedPnl":0.0,"funds":0.0},{"id":2,"email":"test1@mail.com","password":"$2a$10$nJmM0.IfK2BW7AA9BWPnNu4Aql2MpOnq4skMYH1cYwGg5ZhdIpMVm","nameOnCard":"dandi bob","cardNumber":"2323-2323-2323-2323","cardCVV":"123","cardValidThru":"09/24","tradedVolume":11500.0,"realizedPnl":0.0,"funds":0.0}]
    Forwarded URL = null
   Redirected URL = null
          Cookies = []

MockHttpServletRequest:
      HTTP Method = GET
      Request URI = /traders/volume
       Parameters = {}
          Headers = []
             Body = null
    Session Attrs = {}

Handler:
             Type = fontys.pls.work.controller.TraderController
           Method = fontys.pls.work.controller.TraderController#getTotalTradedVolume()

Async:
    Async started = false
     Async result = null

Resolved Exception:
             Type = null

ModelAndView:
        View name = null
             View = null
            Model = null

FlashMap:
       Attributes = null

MockHttpServletResponse:
           Status = 200
    Error message = null
          Headers = [Vary:"Origin", "Access-Control-Request-Method", "Access-Control-Request-Headers", Content-Type:"application/json", X-Content-Type-Options:"nosniff", X-XSS-Protection:"1; mode=block", Cache-Control:"no-cache, no-store, max-age=0, must-revalidate", Pragma:"no-cache", Expires:"0", X-Frame-Options:"DENY"]
     Content type = application/json
             Body = {"totalTradedVolume":12000.0}
    Forwarded URL = null
   Redirected URL = null
          Cookies = []

MockHttpServletRequest:
      HTTP Method = POST
      Request URI = /traders
       Parameters = {}
          Headers = [Content-Type:"application/json;charset=UTF-8", Content-Length:"193"]
             Body = {
    "id": 1,
    "email": "test@mail.com",
    "password": "123",
    "nameOnCard": "dandi bob",
    "cardNumber": "2323-2323-2323-2323",
    "cardCVV": "123",
    "cardValidThru": "09/24"
}

    Session Attrs = {}

Handler:
             Type = fontys.pls.work.controller.TraderController
           Method = fontys.pls.work.controller.TraderController#createTrader(Trader)

Async:
    Async started = false
     Async result = null

Resolved Exception:
             Type = null

ModelAndView:
        View name = null
             View = null
            Model = null

FlashMap:
       Attributes = null

MockHttpServletResponse:
           Status = 200
    Error message = null
          Headers = [Vary:"Origin", "Access-Control-Request-Method", "Access-Control-Request-Headers", Content-Type:"application/json", X-Content-Type-Options:"nosniff", X-XSS-Protection:"1; mode=block", Cache-Control:"no-cache, no-store, max-age=0, must-revalidate", Pragma:"no-cache", Expires:"0", X-Frame-Options:"DENY"]
     Content type = application/json
             Body = {"id":1,"email":"test@mail.com","password":"$2a$10$nJmM0.IfK2BW7AA9BWPnNu4Aql2MpOnq4skMYH1cYwGg5ZhdIpMVm","nameOnCard":"dandi bob","cardNumber":"2323-2323-2323-2323","cardCVV":"123","cardValidThru":"09/24","tradedVolume":11500.0,"realizedPnl":0.0,"funds":0.0}
    Forwarded URL = null
   Redirected URL = null
          Cookies = []

MockHttpServletRequest:
      HTTP Method = GET
      Request URI = /traders/1
       Parameters = {}
          Headers = []
             Body = null
    Session Attrs = {}

Handler:
             Type = fontys.pls.work.controller.TraderController
           Method = fontys.pls.work.controller.TraderController#getTrader(Long)

Async:
    Async started = false
     Async result = null

Resolved Exception:
             Type = null

ModelAndView:
        View name = null
             View = null
            Model = null

FlashMap:
       Attributes = null

MockHttpServletResponse:
           Status = 200
    Error message = null
          Headers = [Vary:"Origin", "Access-Control-Request-Method", "Access-Control-Request-Headers", Content-Type:"application/json", X-Content-Type-Options:"nosniff", X-XSS-Protection:"1; mode=block", Cache-Control:"no-cache, no-store, max-age=0, must-revalidate", Pragma:"no-cache", Expires:"0", X-Frame-Options:"DENY"]
     Content type = application/json
             Body = {"id":1,"email":"test@mail.com","password":"$2a$10$nJmM0.IfK2BW7AA9BWPnNu4Aql2MpOnq4skMYH1cYwGg5ZhdIpMVm","nameOnCard":"dandi bob","cardNumber":"2323-2323-2323-2323","cardCVV":"123","cardValidThru":"09/24","tradedVolume":11500.0,"realizedPnl":0.0,"funds":0.0}
    Forwarded URL = null
   Redirected URL = null
          Cookies = []

MockHttpServletRequest:
      HTTP Method = PUT
      Request URI = /traders/update
       Parameters = {}
          Headers = [Content-Type:"application/json;charset=UTF-8", Content-Length:"140"]
             Body = {
    "id": 1,
    "nameOnCard": "bandi dod",
    "cardNumber": "1212-1212-1212-1212",
    "cardCVV": "111",
    "cardValidThru": "10/25"
}

    Session Attrs = {}

Handler:
             Type = fontys.pls.work.controller.TraderController
           Method = fontys.pls.work.controller.TraderController#updateTrader(Trader)

Async:
    Async started = false
     Async result = null

Resolved Exception:
             Type = null

ModelAndView:
        View name = null
             View = null
            Model = null

FlashMap:
       Attributes = null

MockHttpServletResponse:
           Status = 200
    Error message = null
          Headers = [Vary:"Origin", "Access-Control-Request-Method", "Access-Control-Request-Headers", Content-Type:"application/json", X-Content-Type-Options:"nosniff", X-XSS-Protection:"1; mode=block", Cache-Control:"no-cache, no-store, max-age=0, must-revalidate", Pragma:"no-cache", Expires:"0", X-Frame-Options:"DENY"]
     Content type = application/json
             Body = {"id":1,"email":"test@mail.com","password":"$2a$10$nJmM0.IfK2BW7AA9BWPnNu4Aql2MpOnq4skMYH1cYwGg5ZhdIpMVm","nameOnCard":"bandi dod","cardNumber":"1212-1212-1212-1212","cardCVV":"111","cardValidThru":"10/25","tradedVolume":11500.0,"realizedPnl":0.0,"funds":1000.0}
    Forwarded URL = null
   Redirected URL = null
          Cookies = []
]]></system-out>
  <system-err><![CDATA[]]></system-err>
</testsuite>
