<?xml version="1.0" encoding="UTF-8"?>
<testsuite name="fontys.pls.work.persistence.TraderRepositoryJPATest" tests="4" skipped="0" failures="0" errors="0" timestamp="2023-01-13T18:29:09" hostname="LAPTOP-COCCAVFD" time="25.209">
  <properties/>
  <testcase name="sumTotalVolume_shouldReturnTotalTradedVolume()" classname="fontys.pls.work.persistence.TraderRepositoryJPATest" time="7.593"/>
  <testcase name="save_shouldSaveTraderWithAllFields()" classname="fontys.pls.work.persistence.TraderRepositoryJPATest" time="6.248"/>
  <testcase name="findById_shouldReturnTrader_ifExists()" classname="fontys.pls.work.persistence.TraderRepositoryJPATest" time="6.293"/>
  <testcase name="findAll_shouldFindAllSavedTraders()" classname="fontys.pls.work.persistence.TraderRepositoryJPATest" time="5.071"/>
  <system-out><![CDATA[19:28:51.601 [Test worker] DEBUG org.springframework.test.context.BootstrapUtils - Instantiating CacheAwareContextLoaderDelegate from class [org.springframework.test.context.cache.DefaultCacheAwareContextLoaderDelegate]
19:28:51.630 [Test worker] DEBUG org.springframework.test.context.BootstrapUtils - Instantiating BootstrapContext using constructor [public org.springframework.test.context.support.DefaultBootstrapContext(java.lang.Class,org.springframework.test.context.CacheAwareContextLoaderDelegate)]
19:28:51.720 [Test worker] DEBUG org.springframework.test.context.BootstrapUtils - Instantiating TestContextBootstrapper for test class [fontys.pls.work.persistence.TraderRepositoryJPATest] from class [org.springframework.boot.test.context.SpringBootTestContextBootstrapper]
19:28:51.747 [Test worker] INFO org.springframework.boot.test.context.SpringBootTestContextBootstrapper - Neither @ContextConfiguration nor @ContextHierarchy found for test class [fontys.pls.work.persistence.TraderRepositoryJPATest], using SpringBootContextLoader
19:28:51.753 [Test worker] DEBUG org.springframework.test.context.support.AbstractContextLoader - Did not detect default resource location for test class [fontys.pls.work.persistence.TraderRepositoryJPATest]: class path resource [fontys/pls/work/persistence/TraderRepositoryJPATest-context.xml] does not exist
19:28:51.754 [Test worker] DEBUG org.springframework.test.context.support.AbstractContextLoader - Did not detect default resource location for test class [fontys.pls.work.persistence.TraderRepositoryJPATest]: class path resource [fontys/pls/work/persistence/TraderRepositoryJPATestContext.groovy] does not exist
19:28:51.754 [Test worker] INFO org.springframework.test.context.support.AbstractContextLoader - Could not detect default resource locations for test class [fontys.pls.work.persistence.TraderRepositoryJPATest]: no resource found for suffixes {-context.xml, Context.groovy}.
19:28:51.756 [Test worker] INFO org.springframework.test.context.support.AnnotationConfigContextLoaderUtils - Could not detect default configuration classes for test class [fontys.pls.work.persistence.TraderRepositoryJPATest]: TraderRepositoryJPATest does not declare any static, non-private, non-final, nested classes annotated with @Configuration.
19:28:51.820 [Test worker] DEBUG org.springframework.test.context.support.ActiveProfilesUtils - Could not find an 'annotation declaring class' for annotation type [org.springframework.test.context.ActiveProfiles] and class [fontys.pls.work.persistence.TraderRepositoryJPATest]
19:28:51.942 [Test worker] DEBUG org.springframework.context.annotation.ClassPathScanningCandidateComponentProvider - Identified candidate component class: file [C:\Users\35988\Desktop\uni\Software Engineering Semester 3\BitBy\bitby\plswork\build\classes\java\main\fontys\pls\work\plsworkApp.class]
19:28:51.944 [Test worker] INFO org.springframework.boot.test.context.SpringBootTestContextBootstrapper - Found @SpringBootConfiguration fontys.pls.work.plsworkApp for test class fontys.pls.work.persistence.TraderRepositoryJPATest
19:28:52.110 [Test worker] DEBUG org.springframework.boot.test.context.SpringBootTestContextBootstrapper - @TestExecutionListeners is not present for class [fontys.pls.work.persistence.TraderRepositoryJPATest]: using defaults.
19:28:52.111 [Test worker] INFO org.springframework.boot.test.context.SpringBootTestContextBootstrapper - Loaded default TestExecutionListener class names from location [META-INF/spring.factories]: [org.springframework.security.test.context.support.WithSecurityContextTestExecutionListener, org.springframework.security.test.context.support.ReactorContextTestExecutionListener, org.springframework.boot.test.autoconfigure.restdocs.RestDocsTestExecutionListener, org.springframework.boot.test.autoconfigure.web.client.MockRestServiceServerResetTestExecutionListener, org.springframework.boot.test.autoconfigure.web.servlet.MockMvcPrintOnlyOnFailureTestExecutionListener, org.springframework.boot.test.autoconfigure.web.servlet.WebDriverTestExecutionListener, org.springframework.boot.test.autoconfigure.webservices.client.MockWebServiceServerTestExecutionListener, org.springframework.boot.test.mock.mockito.MockitoTestExecutionListener, org.springframework.boot.test.mock.mockito.ResetMocksTestExecutionListener, org.springframework.test.context.web.ServletTestExecutionListener, org.springframework.test.context.support.DirtiesContextBeforeModesTestExecutionListener, org.springframework.test.context.event.ApplicationEventsTestExecutionListener, org.springframework.test.context.support.DependencyInjectionTestExecutionListener, org.springframework.test.context.support.DirtiesContextTestExecutionListener, org.springframework.test.context.transaction.TransactionalTestExecutionListener, org.springframework.test.context.jdbc.SqlScriptsTestExecutionListener, org.springframework.test.context.event.EventPublishingTestExecutionListener]
19:28:52.145 [Test worker] INFO org.springframework.boot.test.context.SpringBootTestContextBootstrapper - Using TestExecutionListeners: [org.springframework.test.context.web.ServletTestExecutionListener@60fa3495, org.springframework.test.context.support.DirtiesContextBeforeModesTestExecutionListener@3e2822, org.springframework.test.context.event.ApplicationEventsTestExecutionListener@79e18e38, org.springframework.boot.test.mock.mockito.MockitoTestExecutionListener@29a60c27, org.springframework.boot.test.autoconfigure.SpringBootDependencyInjectionTestExecutionListener@1849db1a, org.springframework.test.context.support.DirtiesContextTestExecutionListener@69c79f09, org.springframework.test.context.transaction.TransactionalTestExecutionListener@1ca25c47, org.springframework.test.context.jdbc.SqlScriptsTestExecutionListener@5fcacc0, org.springframework.security.test.context.support.WithSecurityContextTestExecutionListener@533b266e, org.springframework.test.context.event.EventPublishingTestExecutionListener@6d1d4d7, org.springframework.security.test.context.support.ReactorContextTestExecutionListener@89ff02e, org.springframework.boot.test.autoconfigure.restdocs.RestDocsTestExecutionListener@6865c751, org.springframework.boot.test.autoconfigure.web.client.MockRestServiceServerResetTestExecutionListener@62679465, org.springframework.boot.test.autoconfigure.web.servlet.MockMvcPrintOnlyOnFailureTestExecutionListener@6a988392, org.springframework.boot.test.autoconfigure.web.servlet.WebDriverTestExecutionListener@1d71006f, org.springframework.boot.test.autoconfigure.webservices.client.MockWebServiceServerTestExecutionListener@5b6813df, org.springframework.boot.test.mock.mockito.ResetMocksTestExecutionListener@5f2606b]
19:28:52.150 [Test worker] DEBUG org.springframework.test.context.support.AbstractDirtiesContextTestExecutionListener - Before test class: context [DefaultTestContext@46e8a539 testClass = TraderRepositoryJPATest, testInstance = [null], testMethod = [null], testException = [null], mergedContextConfiguration = [WebMergedContextConfiguration@495083a0 testClass = TraderRepositoryJPATest, locations = '{}', classes = '{class fontys.pls.work.plsworkApp}', contextInitializerClasses = '[]', activeProfiles = '{}', propertySourceLocations = '{}', propertySourceProperties = '{org.springframework.boot.test.context.SpringBootTestContextBootstrapper=true}', contextCustomizers = set[org.springframework.boot.test.autoconfigure.actuate.metrics.MetricsExportContextCustomizerFactory$DisableMetricExportContextCustomizer@525575, org.springframework.boot.test.autoconfigure.properties.PropertyMappingContextCustomizer@0, org.springframework.boot.test.autoconfigure.web.servlet.WebDriverContextCustomizerFactory$Customizer@e19bb76, org.springframework.boot.test.context.filter.ExcludeFilterContextCustomizer@5adb0db3, org.springframework.boot.test.json.DuplicateJsonObjectContextCustomizerFactory$DuplicateJsonObjectContextCustomizer@77258e59, org.springframework.boot.test.mock.mockito.MockitoContextCustomizer@0, org.springframework.boot.test.web.client.TestRestTemplateContextCustomizer@32f232a5, org.springframework.boot.test.context.SpringBootTestArgs@1, org.springframework.boot.test.context.SpringBootTestWebEnvironment@6da21078], resourceBasePath = 'src/main/webapp', contextLoader = 'org.springframework.boot.test.context.SpringBootContextLoader', parent = [null]], attributes = map['org.springframework.test.context.web.ServletTestExecutionListener.activateListener' -> true]], class annotated with @DirtiesContext [true] with mode [BEFORE_EACH_TEST_METHOD].

  .   ____          _            __ _ _
 /\\ / ___'_ __ _ _(_)_ __  __ _ \ \ \ \
( ( )\___ | '_ | '_| | '_ \/ _` | \ \ \ \
 \\/  ___)| |_)| | | | | || (_| |  ) ) ) )
  '  |____| .__|_| |_|_| |_\__, | / / / /
 =========|_|==============|___/=/_/_/_/
 :: Spring Boot ::                (v2.7.3)

2023-01-13 19:28:52.999  WARN 10452 --- [    Test worker] ory$DuplicateJsonObjectContextCustomizer : 

Found multiple occurrences of org.json.JSONObject on the class path:

	jar:file:/C:/Users/35988/.gradle/caches/modules-2/files-2.1/org.json/json/20220924/5aa95e7688f76c664af205c5937620f02688dfbc/json-20220924.jar!/org/json/JSONObject.class
	jar:file:/C:/Users/35988/.gradle/caches/modules-2/files-2.1/com.vaadin.external.google/android-json/0.0.20131108.vaadin1/fa26d351fe62a6a17f5cda1287c1c6110dec413f/android-json-0.0.20131108.vaadin1.jar!/org/json/JSONObject.class

You may wish to exclude one of them to ensure predictable runtime behavior

2023-01-13 19:28:53.023  INFO 10452 --- [    Test worker] f.p.w.p.TraderRepositoryJPATest          : Starting TraderRepositoryJPATest using Java 17.0.4.1 on LAPTOP-COCCAVFD with PID 10452 (started by 35988 in C:\Users\35988\Desktop\uni\Software Engineering Semester 3\BitBy\bitby\plswork)
2023-01-13 19:28:53.024  INFO 10452 --- [    Test worker] f.p.w.p.TraderRepositoryJPATest          : No active profile set, falling back to 1 default profile: "default"
2023-01-13 19:28:55.135  INFO 10452 --- [    Test worker] .s.d.r.c.RepositoryConfigurationDelegate : Bootstrapping Spring Data JPA repositories in DEFAULT mode.
2023-01-13 19:28:55.360  INFO 10452 --- [    Test worker] .s.d.r.c.RepositoryConfigurationDelegate : Finished Spring Data repository scanning in 209 ms. Found 3 JPA repository interfaces.
2023-01-13 19:28:56.613  INFO 10452 --- [    Test worker] trationDelegate$BeanPostProcessorChecker : Bean 'methodSecurityConfig' of type [fontys.pls.work.configuration.security.MethodSecurityConfig$$EnhancerBySpringCGLIB$$42f9189c] is not eligible for getting processed by all BeanPostProcessors (for example: not eligible for auto-proxying)
2023-01-13 19:28:57.380  INFO 10452 --- [    Test worker] o.f.c.internal.license.VersionPrinter    : Flyway Community Edition 9.4.0 by Redgate
2023-01-13 19:28:57.381  INFO 10452 --- [    Test worker] o.f.c.internal.license.VersionPrinter    : See what's new here: https://flywaydb.org/documentation/learnmore/releaseNotes#9.4.0
2023-01-13 19:28:57.382  INFO 10452 --- [    Test worker] o.f.c.internal.license.VersionPrinter    : 
2023-01-13 19:28:57.415  INFO 10452 --- [    Test worker] com.zaxxer.hikari.HikariDataSource       : HikariPool-1 - Starting...
2023-01-13 19:28:57.952  INFO 10452 --- [    Test worker] com.zaxxer.hikari.HikariDataSource       : HikariPool-1 - Start completed.
2023-01-13 19:28:57.972  INFO 10452 --- [    Test worker] o.f.c.i.database.base.BaseDatabaseType   : Database: jdbc:h2:mem:inmemorydb (H2 2.1)
2023-01-13 19:28:58.077  INFO 10452 --- [    Test worker] o.f.core.internal.command.DbValidate     : Successfully validated 1 migration (execution time 00:00.029s)
2023-01-13 19:28:58.091  INFO 10452 --- [    Test worker] o.f.c.i.s.JdbcTableSchemaHistory         : Creating Schema History table "PUBLIC"."flyway_schema_history" ...
2023-01-13 19:28:58.136  INFO 10452 --- [    Test worker] o.f.core.internal.command.DbMigrate      : Current version of schema "PUBLIC": << Empty Schema >>
2023-01-13 19:28:58.149  INFO 10452 --- [    Test worker] o.f.core.internal.command.DbMigrate      : Migrating schema "PUBLIC" to version "1 - InitialTables"
2023-01-13 19:28:58.184  INFO 10452 --- [    Test worker] o.f.core.internal.command.DbMigrate      : Successfully applied 1 migration to schema "PUBLIC", now at version v1 (execution time 00:00.052s)
2023-01-13 19:28:58.505  INFO 10452 --- [    Test worker] o.hibernate.jpa.internal.util.LogHelper  : HHH000204: Processing PersistenceUnitInfo [name: default]
2023-01-13 19:28:58.655  INFO 10452 --- [    Test worker] org.hibernate.Version                    : HHH000412: Hibernate ORM core version 5.6.10.Final
2023-01-13 19:28:59.143  INFO 10452 --- [    Test worker] o.hibernate.annotations.common.Version   : HCANN000001: Hibernate Commons Annotations {5.1.2.Final}
2023-01-13 19:28:59.472  INFO 10452 --- [    Test worker] org.hibernate.dialect.Dialect            : HHH000400: Using dialect: org.hibernate.dialect.H2Dialect
2023-01-13 19:29:00.831  INFO 10452 --- [    Test worker] o.h.e.t.j.p.i.JtaPlatformInitiator       : HHH000490: Using JtaPlatform implementation: [org.hibernate.engine.transaction.jta.platform.internal.NoJtaPlatform]
2023-01-13 19:29:00.856  INFO 10452 --- [    Test worker] j.LocalContainerEntityManagerFactoryBean : Initialized JPA EntityManagerFactory for persistence unit 'default'
2023-01-13 19:29:04.543  WARN 10452 --- [    Test worker] .s.s.UserDetailsServiceAutoConfiguration : 

Using generated security password: b8ec2446-e738-4a15-ac70-0144422aafd9

This generated password is for development use only. Your security configuration must be updated before running your application in production.

2023-01-13 19:29:04.962  INFO 10452 --- [    Test worker] o.s.s.web.DefaultSecurityFilterChain     : Will secure any request with [org.springframework.security.web.session.DisableEncodeUrlFilter@70ed03e4, org.springframework.security.web.context.request.async.WebAsyncManagerIntegrationFilter@533a8540, org.springframework.security.web.context.SecurityContextPersistenceFilter@3ce4b0a8, org.springframework.security.web.header.HeaderWriterFilter@476a38d9, org.springframework.security.web.authentication.logout.LogoutFilter@5f7dbdfa, org.springframework.security.web.savedrequest.RequestCacheAwareFilter@2e9bff08, org.springframework.security.web.servletapi.SecurityContextHolderAwareRequestFilter@157ff8f8, org.springframework.security.web.authentication.AnonymousAuthenticationFilter@24489d12, org.springframework.security.web.session.SessionManagementFilter@282d1023, org.springframework.security.web.access.ExceptionTranslationFilter@6f87bc6c]
2023-01-13 19:29:09.799  INFO 10452 --- [    Test worker] o.s.m.s.b.SimpleBrokerMessageHandler     : Starting...
2023-01-13 19:29:09.800  INFO 10452 --- [    Test worker] o.s.m.s.b.SimpleBrokerMessageHandler     : BrokerAvailabilityEvent[available=true, SimpleBrokerMessageHandler [org.springframework.messaging.simp.broker.DefaultSubscriptionRegistry@2a9e261d]]
2023-01-13 19:29:09.802  INFO 10452 --- [    Test worker] o.s.m.s.b.SimpleBrokerMessageHandler     : Started.
2023-01-13 19:29:09.824  INFO 10452 --- [    Test worker] f.p.w.p.TraderRepositoryJPATest          : Started TraderRepositoryJPATest in 17.607 seconds (JVM running for 20.789)
2023-01-13 19:29:09.884  INFO 10452 --- [    Test worker] o.s.m.s.b.SimpleBrokerMessageHandler     : Stopping...
2023-01-13 19:29:09.884  INFO 10452 --- [    Test worker] o.s.m.s.b.SimpleBrokerMessageHandler     : BrokerAvailabilityEvent[available=false, SimpleBrokerMessageHandler [org.springframework.messaging.simp.broker.DefaultSubscriptionRegistry@2a9e261d]]
2023-01-13 19:29:09.885  INFO 10452 --- [    Test worker] o.s.m.s.b.SimpleBrokerMessageHandler     : Stopped.
2023-01-13 19:29:09.896  INFO 10452 --- [    Test worker] j.LocalContainerEntityManagerFactoryBean : Closing JPA EntityManagerFactory for persistence unit 'default'
2023-01-13 19:29:09.901  INFO 10452 --- [    Test worker] com.zaxxer.hikari.HikariDataSource       : HikariPool-1 - Shutdown initiated...
2023-01-13 19:29:09.905  INFO 10452 --- [    Test worker] com.zaxxer.hikari.HikariDataSource       : HikariPool-1 - Shutdown completed.

  .   ____          _            __ _ _
 /\\ / ___'_ __ _ _(_)_ __  __ _ \ \ \ \
( ( )\___ | '_ | '_| | '_ \/ _` | \ \ \ \
 \\/  ___)| |_)| | | | | || (_| |  ) ) ) )
  '  |____| .__|_| |_|_| |_\__, | / / / /
 =========|_|==============|___/=/_/_/_/
 :: Spring Boot ::                (v2.7.3)

2023-01-13 19:29:10.042  WARN 10452 --- [    Test worker] ory$DuplicateJsonObjectContextCustomizer : 

Found multiple occurrences of org.json.JSONObject on the class path:

	jar:file:/C:/Users/35988/.gradle/caches/modules-2/files-2.1/org.json/json/20220924/5aa95e7688f76c664af205c5937620f02688dfbc/json-20220924.jar!/org/json/JSONObject.class
	jar:file:/C:/Users/35988/.gradle/caches/modules-2/files-2.1/com.vaadin.external.google/android-json/0.0.20131108.vaadin1/fa26d351fe62a6a17f5cda1287c1c6110dec413f/android-json-0.0.20131108.vaadin1.jar!/org/json/JSONObject.class

You may wish to exclude one of them to ensure predictable runtime behavior

2023-01-13 19:29:10.044  INFO 10452 --- [    Test worker] f.p.w.p.TraderRepositoryJPATest          : Starting TraderRepositoryJPATest using Java 17.0.4.1 on LAPTOP-COCCAVFD with PID 10452 (started by 35988 in C:\Users\35988\Desktop\uni\Software Engineering Semester 3\BitBy\bitby\plswork)
2023-01-13 19:29:10.045  INFO 10452 --- [    Test worker] f.p.w.p.TraderRepositoryJPATest          : No active profile set, falling back to 1 default profile: "default"
2023-01-13 19:29:11.018  INFO 10452 --- [    Test worker] .s.d.r.c.RepositoryConfigurationDelegate : Bootstrapping Spring Data JPA repositories in DEFAULT mode.
2023-01-13 19:29:11.250  INFO 10452 --- [    Test worker] .s.d.r.c.RepositoryConfigurationDelegate : Finished Spring Data repository scanning in 229 ms. Found 3 JPA repository interfaces.
2023-01-13 19:29:11.571  INFO 10452 --- [    Test worker] trationDelegate$BeanPostProcessorChecker : Bean 'methodSecurityConfig' of type [fontys.pls.work.configuration.security.MethodSecurityConfig$$EnhancerBySpringCGLIB$$42f9189c] is not eligible for getting processed by all BeanPostProcessors (for example: not eligible for auto-proxying)
2023-01-13 19:29:11.788  INFO 10452 --- [    Test worker] com.zaxxer.hikari.HikariDataSource       : HikariPool-2 - Starting...
2023-01-13 19:29:11.794  INFO 10452 --- [    Test worker] com.zaxxer.hikari.HikariDataSource       : HikariPool-2 - Start completed.
2023-01-13 19:29:11.797  INFO 10452 --- [    Test worker] o.f.c.i.database.base.BaseDatabaseType   : Database: jdbc:h2:mem:inmemorydb (H2 2.1)
2023-01-13 19:29:11.812  INFO 10452 --- [    Test worker] o.f.core.internal.command.DbValidate     : Successfully validated 1 migration (execution time 00:00.007s)
2023-01-13 19:29:11.815  INFO 10452 --- [    Test worker] o.f.c.i.s.JdbcTableSchemaHistory         : Creating Schema History table "PUBLIC"."flyway_schema_history" ...
2023-01-13 19:29:11.832  INFO 10452 --- [    Test worker] o.f.core.internal.command.DbMigrate      : Current version of schema "PUBLIC": << Empty Schema >>
2023-01-13 19:29:11.843  INFO 10452 --- [    Test worker] o.f.core.internal.command.DbMigrate      : Migrating schema "PUBLIC" to version "1 - InitialTables"
2023-01-13 19:29:11.861  INFO 10452 --- [    Test worker] o.f.core.internal.command.DbMigrate      : Successfully applied 1 migration to schema "PUBLIC", now at version v1 (execution time 00:00.030s)
2023-01-13 19:29:11.984  INFO 10452 --- [    Test worker] o.hibernate.jpa.internal.util.LogHelper  : HHH000204: Processing PersistenceUnitInfo [name: default]
2023-01-13 19:29:12.001  INFO 10452 --- [    Test worker] org.hibernate.dialect.Dialect            : HHH000400: Using dialect: org.hibernate.dialect.H2Dialect
2023-01-13 19:29:12.143  INFO 10452 --- [    Test worker] o.h.e.t.j.p.i.JtaPlatformInitiator       : HHH000490: Using JtaPlatform implementation: [org.hibernate.engine.transaction.jta.platform.internal.NoJtaPlatform]
2023-01-13 19:29:12.144  INFO 10452 --- [    Test worker] j.LocalContainerEntityManagerFactoryBean : Initialized JPA EntityManagerFactory for persistence unit 'default'
2023-01-13 19:29:14.040  WARN 10452 --- [    Test worker] .s.s.UserDetailsServiceAutoConfiguration : 

Using generated security password: f0f623c5-1a5f-4d5f-98bd-fcdf499c741e

This generated password is for development use only. Your security configuration must be updated before running your application in production.

2023-01-13 19:29:14.307  INFO 10452 --- [    Test worker] o.s.s.web.DefaultSecurityFilterChain     : Will secure any request with [org.springframework.security.web.session.DisableEncodeUrlFilter@3b0471a5, org.springframework.security.web.context.request.async.WebAsyncManagerIntegrationFilter@78167, org.springframework.security.web.context.SecurityContextPersistenceFilter@7a5c502b, org.springframework.security.web.header.HeaderWriterFilter@40d73518, org.springframework.security.web.authentication.logout.LogoutFilter@2603a76d, org.springframework.security.web.savedrequest.RequestCacheAwareFilter@71bb6009, org.springframework.security.web.servletapi.SecurityContextHolderAwareRequestFilter@93a793a, org.springframework.security.web.authentication.AnonymousAuthenticationFilter@214738c1, org.springframework.security.web.session.SessionManagementFilter@c9a18ed, org.springframework.security.web.access.ExceptionTranslationFilter@3b5769b3]
2023-01-13 19:29:16.934  INFO 10452 --- [    Test worker] o.s.m.s.b.SimpleBrokerMessageHandler     : Starting...
2023-01-13 19:29:16.935  INFO 10452 --- [    Test worker] o.s.m.s.b.SimpleBrokerMessageHandler     : BrokerAvailabilityEvent[available=true, SimpleBrokerMessageHandler [org.springframework.messaging.simp.broker.DefaultSubscriptionRegistry@6050d04d]]
2023-01-13 19:29:16.935  INFO 10452 --- [    Test worker] o.s.m.s.b.SimpleBrokerMessageHandler     : Started.
2023-01-13 19:29:16.940  INFO 10452 --- [    Test worker] f.p.w.p.TraderRepositoryJPATest          : Started TraderRepositoryJPATest in 7.012 seconds (JVM running for 27.905)
Hibernate: insert into traders (id, card_cvv, card_number, card_valid_thru, email, funds, name_on_card, password, realized_pnl, traded_volume) values (default, ?, ?, ?, ?, ?, ?, ?, ?, ?)
Hibernate: insert into traders (id, card_cvv, card_number, card_valid_thru, email, funds, name_on_card, password, realized_pnl, traded_volume) values (default, ?, ?, ?, ?, ?, ?, ?, ?, ?)
Hibernate: select sum(traderenti0_.traded_volume) as col_0_0_ from traders traderenti0_
2023-01-13 19:29:17.474  INFO 10452 --- [    Test worker] o.s.m.s.b.SimpleBrokerMessageHandler     : Stopping...
2023-01-13 19:29:17.475  INFO 10452 --- [    Test worker] o.s.m.s.b.SimpleBrokerMessageHandler     : BrokerAvailabilityEvent[available=false, SimpleBrokerMessageHandler [org.springframework.messaging.simp.broker.DefaultSubscriptionRegistry@6050d04d]]
2023-01-13 19:29:17.475  INFO 10452 --- [    Test worker] o.s.m.s.b.SimpleBrokerMessageHandler     : Stopped.
2023-01-13 19:29:17.479  INFO 10452 --- [    Test worker] j.LocalContainerEntityManagerFactoryBean : Closing JPA EntityManagerFactory for persistence unit 'default'
2023-01-13 19:29:17.480  INFO 10452 --- [    Test worker] com.zaxxer.hikari.HikariDataSource       : HikariPool-2 - Shutdown initiated...
2023-01-13 19:29:17.483  INFO 10452 --- [    Test worker] com.zaxxer.hikari.HikariDataSource       : HikariPool-2 - Shutdown completed.

  .   ____          _            __ _ _
 /\\ / ___'_ __ _ _(_)_ __  __ _ \ \ \ \
( ( )\___ | '_ | '_| | '_ \/ _` | \ \ \ \
 \\/  ___)| |_)| | | | | || (_| |  ) ) ) )
  '  |____| .__|_| |_|_| |_\__, | / / / /
 =========|_|==============|___/=/_/_/_/
 :: Spring Boot ::                (v2.7.3)

2023-01-13 19:29:17.609  WARN 10452 --- [    Test worker] ory$DuplicateJsonObjectContextCustomizer : 

Found multiple occurrences of org.json.JSONObject on the class path:

	jar:file:/C:/Users/35988/.gradle/caches/modules-2/files-2.1/org.json/json/20220924/5aa95e7688f76c664af205c5937620f02688dfbc/json-20220924.jar!/org/json/JSONObject.class
	jar:file:/C:/Users/35988/.gradle/caches/modules-2/files-2.1/com.vaadin.external.google/android-json/0.0.20131108.vaadin1/fa26d351fe62a6a17f5cda1287c1c6110dec413f/android-json-0.0.20131108.vaadin1.jar!/org/json/JSONObject.class

You may wish to exclude one of them to ensure predictable runtime behavior

2023-01-13 19:29:17.613  INFO 10452 --- [    Test worker] f.p.w.p.TraderRepositoryJPATest          : Starting TraderRepositoryJPATest using Java 17.0.4.1 on LAPTOP-COCCAVFD with PID 10452 (started by 35988 in C:\Users\35988\Desktop\uni\Software Engineering Semester 3\BitBy\bitby\plswork)
2023-01-13 19:29:17.614  INFO 10452 --- [    Test worker] f.p.w.p.TraderRepositoryJPATest          : No active profile set, falling back to 1 default profile: "default"
2023-01-13 19:29:18.282  INFO 10452 --- [    Test worker] .s.d.r.c.RepositoryConfigurationDelegate : Bootstrapping Spring Data JPA repositories in DEFAULT mode.
2023-01-13 19:29:18.406  INFO 10452 --- [    Test worker] .s.d.r.c.RepositoryConfigurationDelegate : Finished Spring Data repository scanning in 123 ms. Found 3 JPA repository interfaces.
2023-01-13 19:29:18.694  INFO 10452 --- [    Test worker] trationDelegate$BeanPostProcessorChecker : Bean 'methodSecurityConfig' of type [fontys.pls.work.configuration.security.MethodSecurityConfig$$EnhancerBySpringCGLIB$$42f9189c] is not eligible for getting processed by all BeanPostProcessors (for example: not eligible for auto-proxying)
2023-01-13 19:29:18.852  INFO 10452 --- [    Test worker] com.zaxxer.hikari.HikariDataSource       : HikariPool-3 - Starting...
2023-01-13 19:29:18.856  INFO 10452 --- [    Test worker] com.zaxxer.hikari.HikariDataSource       : HikariPool-3 - Start completed.
2023-01-13 19:29:18.857  INFO 10452 --- [    Test worker] o.f.c.i.database.base.BaseDatabaseType   : Database: jdbc:h2:mem:inmemorydb (H2 2.1)
2023-01-13 19:29:18.872  INFO 10452 --- [    Test worker] o.f.core.internal.command.DbValidate     : Successfully validated 1 migration (execution time 00:00.003s)
2023-01-13 19:29:18.874  INFO 10452 --- [    Test worker] o.f.c.i.s.JdbcTableSchemaHistory         : Creating Schema History table "PUBLIC"."flyway_schema_history" ...
2023-01-13 19:29:18.888  INFO 10452 --- [    Test worker] o.f.core.internal.command.DbMigrate      : Current version of schema "PUBLIC": << Empty Schema >>
2023-01-13 19:29:18.898  INFO 10452 --- [    Test worker] o.f.core.internal.command.DbMigrate      : Migrating schema "PUBLIC" to version "1 - InitialTables"
2023-01-13 19:29:18.929  INFO 10452 --- [    Test worker] o.f.core.internal.command.DbMigrate      : Successfully applied 1 migration to schema "PUBLIC", now at version v1 (execution time 00:00.042s)
2023-01-13 19:29:19.061  INFO 10452 --- [    Test worker] o.hibernate.jpa.internal.util.LogHelper  : HHH000204: Processing PersistenceUnitInfo [name: default]
2023-01-13 19:29:19.081  INFO 10452 --- [    Test worker] org.hibernate.dialect.Dialect            : HHH000400: Using dialect: org.hibernate.dialect.H2Dialect
2023-01-13 19:29:19.271  INFO 10452 --- [    Test worker] o.h.e.t.j.p.i.JtaPlatformInitiator       : HHH000490: Using JtaPlatform implementation: [org.hibernate.engine.transaction.jta.platform.internal.NoJtaPlatform]
2023-01-13 19:29:19.282  INFO 10452 --- [    Test worker] j.LocalContainerEntityManagerFactoryBean : Initialized JPA EntityManagerFactory for persistence unit 'default'
2023-01-13 19:29:20.920  WARN 10452 --- [    Test worker] .s.s.UserDetailsServiceAutoConfiguration : 

Using generated security password: 116e0088-784f-4216-8927-235412db40e2

This generated password is for development use only. Your security configuration must be updated before running your application in production.

2023-01-13 19:29:21.103  INFO 10452 --- [    Test worker] o.s.s.web.DefaultSecurityFilterChain     : Will secure any request with [org.springframework.security.web.session.DisableEncodeUrlFilter@69c7b870, org.springframework.security.web.context.request.async.WebAsyncManagerIntegrationFilter@62ccf42c, org.springframework.security.web.context.SecurityContextPersistenceFilter@54e24511, org.springframework.security.web.header.HeaderWriterFilter@7252e3ec, org.springframework.security.web.authentication.logout.LogoutFilter@64cde9a5, org.springframework.security.web.savedrequest.RequestCacheAwareFilter@216bd6cd, org.springframework.security.web.servletapi.SecurityContextHolderAwareRequestFilter@24555012, org.springframework.security.web.authentication.AnonymousAuthenticationFilter@65227bd6, org.springframework.security.web.session.SessionManagementFilter@47fde444, org.springframework.security.web.access.ExceptionTranslationFilter@39081953]
2023-01-13 19:29:23.555  INFO 10452 --- [    Test worker] o.s.m.s.b.SimpleBrokerMessageHandler     : Starting...
2023-01-13 19:29:23.556  INFO 10452 --- [    Test worker] o.s.m.s.b.SimpleBrokerMessageHandler     : BrokerAvailabilityEvent[available=true, SimpleBrokerMessageHandler [org.springframework.messaging.simp.broker.DefaultSubscriptionRegistry@408530d2]]
2023-01-13 19:29:23.557  INFO 10452 --- [    Test worker] o.s.m.s.b.SimpleBrokerMessageHandler     : Started.
2023-01-13 19:29:23.564  INFO 10452 --- [    Test worker] f.p.w.p.TraderRepositoryJPATest          : Started TraderRepositoryJPATest in 6.077 seconds (JVM running for 34.529)
Hibernate: insert into traders (id, card_cvv, card_number, card_valid_thru, email, funds, name_on_card, password, realized_pnl, traded_volume) values (default, ?, ?, ?, ?, ?, ?, ?, ?, ?)
Hibernate: select traderenti0_.id as id1_1_0_, traderenti0_.card_cvv as card_cvv2_1_0_, traderenti0_.card_number as card_num3_1_0_, traderenti0_.card_valid_thru as card_val4_1_0_, traderenti0_.email as email5_1_0_, traderenti0_.funds as funds6_1_0_, traderenti0_.name_on_card as name_on_7_1_0_, traderenti0_.password as password8_1_0_, traderenti0_.realized_pnl as realized9_1_0_, traderenti0_.traded_volume as traded_10_1_0_ from traders traderenti0_ where traderenti0_.id=?
2023-01-13 19:29:23.723  INFO 10452 --- [    Test worker] o.s.m.s.b.SimpleBrokerMessageHandler     : Stopping...
2023-01-13 19:29:23.723  INFO 10452 --- [    Test worker] o.s.m.s.b.SimpleBrokerMessageHandler     : BrokerAvailabilityEvent[available=false, SimpleBrokerMessageHandler [org.springframework.messaging.simp.broker.DefaultSubscriptionRegistry@408530d2]]
2023-01-13 19:29:23.723  INFO 10452 --- [    Test worker] o.s.m.s.b.SimpleBrokerMessageHandler     : Stopped.
2023-01-13 19:29:23.727  INFO 10452 --- [    Test worker] j.LocalContainerEntityManagerFactoryBean : Closing JPA EntityManagerFactory for persistence unit 'default'
2023-01-13 19:29:23.729  INFO 10452 --- [    Test worker] com.zaxxer.hikari.HikariDataSource       : HikariPool-3 - Shutdown initiated...
2023-01-13 19:29:23.733  INFO 10452 --- [    Test worker] com.zaxxer.hikari.HikariDataSource       : HikariPool-3 - Shutdown completed.

  .   ____          _            __ _ _
 /\\ / ___'_ __ _ _(_)_ __  __ _ \ \ \ \
( ( )\___ | '_ | '_| | '_ \/ _` | \ \ \ \
 \\/  ___)| |_)| | | | | || (_| |  ) ) ) )
  '  |____| .__|_| |_|_| |_\__, | / / / /
 =========|_|==============|___/=/_/_/_/
 :: Spring Boot ::                (v2.7.3)

2023-01-13 19:29:23.851  WARN 10452 --- [    Test worker] ory$DuplicateJsonObjectContextCustomizer : 

Found multiple occurrences of org.json.JSONObject on the class path:

	jar:file:/C:/Users/35988/.gradle/caches/modules-2/files-2.1/org.json/json/20220924/5aa95e7688f76c664af205c5937620f02688dfbc/json-20220924.jar!/org/json/JSONObject.class
	jar:file:/C:/Users/35988/.gradle/caches/modules-2/files-2.1/com.vaadin.external.google/android-json/0.0.20131108.vaadin1/fa26d351fe62a6a17f5cda1287c1c6110dec413f/android-json-0.0.20131108.vaadin1.jar!/org/json/JSONObject.class

You may wish to exclude one of them to ensure predictable runtime behavior

2023-01-13 19:29:23.854  INFO 10452 --- [    Test worker] f.p.w.p.TraderRepositoryJPATest          : Starting TraderRepositoryJPATest using Java 17.0.4.1 on LAPTOP-COCCAVFD with PID 10452 (started by 35988 in C:\Users\35988\Desktop\uni\Software Engineering Semester 3\BitBy\bitby\plswork)
2023-01-13 19:29:23.855  INFO 10452 --- [    Test worker] f.p.w.p.TraderRepositoryJPATest          : No active profile set, falling back to 1 default profile: "default"
2023-01-13 19:29:24.652  INFO 10452 --- [    Test worker] .s.d.r.c.RepositoryConfigurationDelegate : Bootstrapping Spring Data JPA repositories in DEFAULT mode.
2023-01-13 19:29:24.874  INFO 10452 --- [    Test worker] .s.d.r.c.RepositoryConfigurationDelegate : Finished Spring Data repository scanning in 220 ms. Found 3 JPA repository interfaces.
2023-01-13 19:29:25.327  INFO 10452 --- [    Test worker] trationDelegate$BeanPostProcessorChecker : Bean 'methodSecurityConfig' of type [fontys.pls.work.configuration.security.MethodSecurityConfig$$EnhancerBySpringCGLIB$$42f9189c] is not eligible for getting processed by all BeanPostProcessors (for example: not eligible for auto-proxying)
2023-01-13 19:29:25.510  INFO 10452 --- [    Test worker] com.zaxxer.hikari.HikariDataSource       : HikariPool-4 - Starting...
2023-01-13 19:29:25.514  INFO 10452 --- [    Test worker] com.zaxxer.hikari.HikariDataSource       : HikariPool-4 - Start completed.
2023-01-13 19:29:25.515  INFO 10452 --- [    Test worker] o.f.c.i.database.base.BaseDatabaseType   : Database: jdbc:h2:mem:inmemorydb (H2 2.1)
2023-01-13 19:29:25.535  INFO 10452 --- [    Test worker] o.f.core.internal.command.DbValidate     : Successfully validated 1 migration (execution time 00:00.004s)
2023-01-13 19:29:25.541  INFO 10452 --- [    Test worker] o.f.c.i.s.JdbcTableSchemaHistory         : Creating Schema History table "PUBLIC"."flyway_schema_history" ...
2023-01-13 19:29:25.594  INFO 10452 --- [    Test worker] o.f.core.internal.command.DbMigrate      : Current version of schema "PUBLIC": << Empty Schema >>
2023-01-13 19:29:25.613  INFO 10452 --- [    Test worker] o.f.core.internal.command.DbMigrate      : Migrating schema "PUBLIC" to version "1 - InitialTables"
2023-01-13 19:29:25.628  INFO 10452 --- [    Test worker] o.f.core.internal.command.DbMigrate      : Successfully applied 1 migration to schema "PUBLIC", now at version v1 (execution time 00:00.036s)
2023-01-13 19:29:25.788  INFO 10452 --- [    Test worker] o.hibernate.jpa.internal.util.LogHelper  : HHH000204: Processing PersistenceUnitInfo [name: default]
2023-01-13 19:29:25.810  INFO 10452 --- [    Test worker] org.hibernate.dialect.Dialect            : HHH000400: Using dialect: org.hibernate.dialect.H2Dialect
2023-01-13 19:29:25.959  INFO 10452 --- [    Test worker] o.h.e.t.j.p.i.JtaPlatformInitiator       : HHH000490: Using JtaPlatform implementation: [org.hibernate.engine.transaction.jta.platform.internal.NoJtaPlatform]
2023-01-13 19:29:25.961  INFO 10452 --- [    Test worker] j.LocalContainerEntityManagerFactoryBean : Initialized JPA EntityManagerFactory for persistence unit 'default'
2023-01-13 19:29:27.526  WARN 10452 --- [    Test worker] .s.s.UserDetailsServiceAutoConfiguration : 

Using generated security password: 61e70879-3348-4c95-b573-6d0411c96503

This generated password is for development use only. Your security configuration must be updated before running your application in production.

2023-01-13 19:29:27.678  INFO 10452 --- [    Test worker] o.s.s.web.DefaultSecurityFilterChain     : Will secure any request with [org.springframework.security.web.session.DisableEncodeUrlFilter@329e6700, org.springframework.security.web.context.request.async.WebAsyncManagerIntegrationFilter@440e28fa, org.springframework.security.web.context.SecurityContextPersistenceFilter@5d8c9945, org.springframework.security.web.header.HeaderWriterFilter@16f52d68, org.springframework.security.web.authentication.logout.LogoutFilter@69e0f16, org.springframework.security.web.savedrequest.RequestCacheAwareFilter@619cdd5e, org.springframework.security.web.servletapi.SecurityContextHolderAwareRequestFilter@2ea55742, org.springframework.security.web.authentication.AnonymousAuthenticationFilter@1aaf110c, org.springframework.security.web.session.SessionManagementFilter@410308ff, org.springframework.security.web.access.ExceptionTranslationFilter@3c799d53]
2023-01-13 19:29:29.968  INFO 10452 --- [    Test worker] o.s.m.s.b.SimpleBrokerMessageHandler     : Starting...
2023-01-13 19:29:29.969  INFO 10452 --- [    Test worker] o.s.m.s.b.SimpleBrokerMessageHandler     : BrokerAvailabilityEvent[available=true, SimpleBrokerMessageHandler [org.springframework.messaging.simp.broker.DefaultSubscriptionRegistry@36bef8fb]]
2023-01-13 19:29:29.970  INFO 10452 --- [    Test worker] o.s.m.s.b.SimpleBrokerMessageHandler     : Started.
2023-01-13 19:29:29.981  INFO 10452 --- [    Test worker] f.p.w.p.TraderRepositoryJPATest          : Started TraderRepositoryJPATest in 6.245 seconds (JVM running for 40.947)
Hibernate: insert into traders (id, card_cvv, card_number, card_valid_thru, email, funds, name_on_card, password, realized_pnl, traded_volume) values (default, ?, ?, ?, ?, ?, ?, ?, ?, ?)
Hibernate: select traderenti0_.id as id1_1_0_, traderenti0_.card_cvv as card_cvv2_1_0_, traderenti0_.card_number as card_num3_1_0_, traderenti0_.card_valid_thru as card_val4_1_0_, traderenti0_.email as email5_1_0_, traderenti0_.funds as funds6_1_0_, traderenti0_.name_on_card as name_on_7_1_0_, traderenti0_.password as password8_1_0_, traderenti0_.realized_pnl as realized9_1_0_, traderenti0_.traded_volume as traded_10_1_0_ from traders traderenti0_ where traderenti0_.id=?
2023-01-13 19:29:30.016  INFO 10452 --- [    Test worker] o.s.m.s.b.SimpleBrokerMessageHandler     : Stopping...
2023-01-13 19:29:30.017  INFO 10452 --- [    Test worker] o.s.m.s.b.SimpleBrokerMessageHandler     : BrokerAvailabilityEvent[available=false, SimpleBrokerMessageHandler [org.springframework.messaging.simp.broker.DefaultSubscriptionRegistry@36bef8fb]]
2023-01-13 19:29:30.017  INFO 10452 --- [    Test worker] o.s.m.s.b.SimpleBrokerMessageHandler     : Stopped.
2023-01-13 19:29:30.021  INFO 10452 --- [    Test worker] j.LocalContainerEntityManagerFactoryBean : Closing JPA EntityManagerFactory for persistence unit 'default'
2023-01-13 19:29:30.022  INFO 10452 --- [    Test worker] com.zaxxer.hikari.HikariDataSource       : HikariPool-4 - Shutdown initiated...
2023-01-13 19:29:30.026  INFO 10452 --- [    Test worker] com.zaxxer.hikari.HikariDataSource       : HikariPool-4 - Shutdown completed.

  .   ____          _            __ _ _
 /\\ / ___'_ __ _ _(_)_ __  __ _ \ \ \ \
( ( )\___ | '_ | '_| | '_ \/ _` | \ \ \ \
 \\/  ___)| |_)| | | | | || (_| |  ) ) ) )
  '  |____| .__|_| |_|_| |_\__, | / / / /
 =========|_|==============|___/=/_/_/_/
 :: Spring Boot ::                (v2.7.3)

2023-01-13 19:29:30.124  WARN 10452 --- [    Test worker] ory$DuplicateJsonObjectContextCustomizer : 

Found multiple occurrences of org.json.JSONObject on the class path:

	jar:file:/C:/Users/35988/.gradle/caches/modules-2/files-2.1/org.json/json/20220924/5aa95e7688f76c664af205c5937620f02688dfbc/json-20220924.jar!/org/json/JSONObject.class
	jar:file:/C:/Users/35988/.gradle/caches/modules-2/files-2.1/com.vaadin.external.google/android-json/0.0.20131108.vaadin1/fa26d351fe62a6a17f5cda1287c1c6110dec413f/android-json-0.0.20131108.vaadin1.jar!/org/json/JSONObject.class

You may wish to exclude one of them to ensure predictable runtime behavior

2023-01-13 19:29:30.126  INFO 10452 --- [    Test worker] f.p.w.p.TraderRepositoryJPATest          : Starting TraderRepositoryJPATest using Java 17.0.4.1 on LAPTOP-COCCAVFD with PID 10452 (started by 35988 in C:\Users\35988\Desktop\uni\Software Engineering Semester 3\BitBy\bitby\plswork)
2023-01-13 19:29:30.127  INFO 10452 --- [    Test worker] f.p.w.p.TraderRepositoryJPATest          : No active profile set, falling back to 1 default profile: "default"
2023-01-13 19:29:30.864  INFO 10452 --- [    Test worker] .s.d.r.c.RepositoryConfigurationDelegate : Bootstrapping Spring Data JPA repositories in DEFAULT mode.
2023-01-13 19:29:31.098  INFO 10452 --- [    Test worker] .s.d.r.c.RepositoryConfigurationDelegate : Finished Spring Data repository scanning in 232 ms. Found 3 JPA repository interfaces.
2023-01-13 19:29:31.305  INFO 10452 --- [    Test worker] trationDelegate$BeanPostProcessorChecker : Bean 'methodSecurityConfig' of type [fontys.pls.work.configuration.security.MethodSecurityConfig$$EnhancerBySpringCGLIB$$42f9189c] is not eligible for getting processed by all BeanPostProcessors (for example: not eligible for auto-proxying)
2023-01-13 19:29:31.452  INFO 10452 --- [    Test worker] com.zaxxer.hikari.HikariDataSource       : HikariPool-5 - Starting...
2023-01-13 19:29:31.455  INFO 10452 --- [    Test worker] com.zaxxer.hikari.HikariDataSource       : HikariPool-5 - Start completed.
2023-01-13 19:29:31.456  INFO 10452 --- [    Test worker] o.f.c.i.database.base.BaseDatabaseType   : Database: jdbc:h2:mem:inmemorydb (H2 2.1)
2023-01-13 19:29:31.464  INFO 10452 --- [    Test worker] o.f.core.internal.command.DbValidate     : Successfully validated 1 migration (execution time 00:00.003s)
2023-01-13 19:29:31.466  INFO 10452 --- [    Test worker] o.f.c.i.s.JdbcTableSchemaHistory         : Creating Schema History table "PUBLIC"."flyway_schema_history" ...
2023-01-13 19:29:31.476  INFO 10452 --- [    Test worker] o.f.core.internal.command.DbMigrate      : Current version of schema "PUBLIC": << Empty Schema >>
2023-01-13 19:29:31.483  INFO 10452 --- [    Test worker] o.f.core.internal.command.DbMigrate      : Migrating schema "PUBLIC" to version "1 - InitialTables"
2023-01-13 19:29:31.496  INFO 10452 --- [    Test worker] o.f.core.internal.command.DbMigrate      : Successfully applied 1 migration to schema "PUBLIC", now at version v1 (execution time 00:00.022s)
2023-01-13 19:29:31.601  INFO 10452 --- [    Test worker] o.hibernate.jpa.internal.util.LogHelper  : HHH000204: Processing PersistenceUnitInfo [name: default]
2023-01-13 19:29:31.619  INFO 10452 --- [    Test worker] org.hibernate.dialect.Dialect            : HHH000400: Using dialect: org.hibernate.dialect.H2Dialect
2023-01-13 19:29:31.739  INFO 10452 --- [    Test worker] o.h.e.t.j.p.i.JtaPlatformInitiator       : HHH000490: Using JtaPlatform implementation: [org.hibernate.engine.transaction.jta.platform.internal.NoJtaPlatform]
2023-01-13 19:29:31.739  INFO 10452 --- [    Test worker] j.LocalContainerEntityManagerFactoryBean : Initialized JPA EntityManagerFactory for persistence unit 'default'
2023-01-13 19:29:33.181  WARN 10452 --- [    Test worker] .s.s.UserDetailsServiceAutoConfiguration : 

Using generated security password: a6927f62-af96-46b1-bef9-c56cf6605971

This generated password is for development use only. Your security configuration must be updated before running your application in production.

2023-01-13 19:29:33.352  INFO 10452 --- [    Test worker] o.s.s.web.DefaultSecurityFilterChain     : Will secure any request with [org.springframework.security.web.session.DisableEncodeUrlFilter@3cbe4472, org.springframework.security.web.context.request.async.WebAsyncManagerIntegrationFilter@79a4f733, org.springframework.security.web.context.SecurityContextPersistenceFilter@7679a54b, org.springframework.security.web.header.HeaderWriterFilter@637c004, org.springframework.security.web.authentication.logout.LogoutFilter@7546033d, org.springframework.security.web.savedrequest.RequestCacheAwareFilter@746a671, org.springframework.security.web.servletapi.SecurityContextHolderAwareRequestFilter@582679fd, org.springframework.security.web.authentication.AnonymousAuthenticationFilter@7c007713, org.springframework.security.web.session.SessionManagementFilter@3c07b046, org.springframework.security.web.access.ExceptionTranslationFilter@28d1e59d]
2023-01-13 19:29:35.032  INFO 10452 --- [    Test worker] o.s.m.s.b.SimpleBrokerMessageHandler     : Starting...
2023-01-13 19:29:35.033  INFO 10452 --- [    Test worker] o.s.m.s.b.SimpleBrokerMessageHandler     : BrokerAvailabilityEvent[available=true, SimpleBrokerMessageHandler [org.springframework.messaging.simp.broker.DefaultSubscriptionRegistry@3860542a]]
2023-01-13 19:29:35.034  INFO 10452 --- [    Test worker] o.s.m.s.b.SimpleBrokerMessageHandler     : Started.
2023-01-13 19:29:35.037  INFO 10452 --- [    Test worker] f.p.w.p.TraderRepositoryJPATest          : Started TraderRepositoryJPATest in 5.006 seconds (JVM running for 46.001)
Hibernate: insert into traders (id, card_cvv, card_number, card_valid_thru, email, funds, name_on_card, password, realized_pnl, traded_volume) values (default, ?, ?, ?, ?, ?, ?, ?, ?, ?)
Hibernate: insert into traders (id, card_cvv, card_number, card_valid_thru, email, funds, name_on_card, password, realized_pnl, traded_volume) values (default, ?, ?, ?, ?, ?, ?, ?, ?, ?)
Hibernate: select traderenti0_.id as id1_1_, traderenti0_.card_cvv as card_cvv2_1_, traderenti0_.card_number as card_num3_1_, traderenti0_.card_valid_thru as card_val4_1_, traderenti0_.email as email5_1_, traderenti0_.funds as funds6_1_, traderenti0_.name_on_card as name_on_7_1_, traderenti0_.password as password8_1_, traderenti0_.realized_pnl as realized9_1_, traderenti0_.traded_volume as traded_10_1_ from traders traderenti0_
]]></system-out>
  <system-err><![CDATA[]]></system-err>
</testsuite>
