<?xml version="1.0" encoding="UTF-8"?>
<testsuite name="fontys.pls.work.controller.converters.PositionDTOConverterTest" tests="1" skipped="0" failures="0" errors="0" timestamp="2023-01-13T18:27:47" hostname="LAPTOP-COCCAVFD" time="0.047">
  <properties/>
  <testcase name="shouldConvertAllPositionFieldsToDTO()" classname="fontys.pls.work.controller.converters.PositionDTOConverterTest" time="0.047"/>
  <system-out><![CDATA[]]></system-out>
  <system-err><![CDATA[]]></system-err>
</testsuite>
